[ 2017-06-27T11:09:34+08:00 ] 125.47.56.42 /tjshop/
INFO: [ app_init ] --START--
INFO: Run Behavior\BuildLiteBehavior [ RunTime:0.000000s ]
INFO: [ app_init ] --END-- [ RunTime:0.004883s ]
INFO: [ app_begin ] --START--
INFO: Run Behavior\ReadHtmlCacheBehavior [ RunTime:0.001953s ]
INFO: [ app_begin ] --END-- [ RunTime:0.001953s ]
SQL: SHOW COLUMNS FROM `ttproduct` [ RunTime:0.0000s ]
SQL: SELECT * FROM `ttproduct` WHERE ( producttype=0 )  [ RunTime:0.0000s ]
INFO: [ view_parse ] --START--
INFO: [ template_filter ] --START--
INFO: Run Behavior\ContentReplaceBehavior [ RunTime:0.000977s ]
INFO: [ template_filter ] --END-- [ RunTime:0.000977s ]
INFO: Run Behavior\ParseTemplateBehavior [ RunTime:0.022461s ]
INFO: [ view_parse ] --END-- [ RunTime:0.024414s ]
INFO: [ view_filter ] --START--
INFO: Run Behavior\WriteHtmlCacheBehavior [ RunTime:0.007812s ]
INFO: [ view_filter ] --END-- [ RunTime:0.010742s ]
INFO: [ app_end ] --START--
INFO: Run Behavior\ShowPageTraceBehavior [ RunTime:0.008789s ]
INFO: [ app_end ] --END-- [ RunTime:0.010742s ]

[ 2017-06-27T11:24:06+08:00 ] 106.39.190.37 /tjshop/index.php/Home/Alipay/alipay
INFO: [ app_init ] --START--
INFO: Run Behavior\BuildLiteBehavior [ RunTime:0.000000s ]
INFO: [ app_init ] --END-- [ RunTime:0.000977s ]
INFO: [ app_begin ] --START--
INFO: Run Behavior\ReadHtmlCacheBehavior [ RunTime:0.001953s ]
INFO: [ app_begin ] --END-- [ RunTime:0.001953s ]

[ 2017-06-27T11:27:32+08:00 ] 125.47.56.42 /tjshop/index.php/Home/Alipay/alipay
INFO: [ app_init ] --START--
INFO: Run Behavior\BuildLiteBehavior [ RunTime:0.000000s ]
INFO: [ app_init ] --END-- [ RunTime:0.000000s ]
INFO: [ app_begin ] --START--
INFO: Run Behavior\ReadHtmlCacheBehavior [ RunTime:0.000976s ]
INFO: [ app_begin ] --END-- [ RunTime:0.001953s ]

[ 2017-06-27T11:30:13+08:00 ] 125.47.56.42 /tjshop/index.php/Home/Alipay/alipay
INFO: [ app_init ] --START--
INFO: Run Behavior\BuildLiteBehavior [ RunTime:0.000977s ]
INFO: [ app_init ] --END-- [ RunTime:0.004883s ]
INFO: [ app_begin ] --START--
INFO: Run Behavior\ReadHtmlCacheBehavior [ RunTime:0.000000s ]
INFO: [ app_begin ] --END-- [ RunTime:0.000000s ]

[ 2017-06-27T11:30:28+08:00 ] 125.47.56.42 /tjshop/index.php/Home/Alipay/alipay
INFO: [ app_init ] --START--
INFO: Run Behavior\BuildLiteBehavior [ RunTime:0.000000s ]
INFO: [ app_init ] --END-- [ RunTime:0.009766s ]
INFO: [ app_begin ] --START--
INFO: Run Behavior\ReadHtmlCacheBehavior [ RunTime:0.004882s ]
INFO: [ app_begin ] --END-- [ RunTime:0.005859s ]

[ 2017-06-27T11:37:45+08:00 ] 125.41.85.206 /tjshop/index.php/Home/Alipay/alipay
INFO: [ app_init ] --START--
INFO: Run Behavior\BuildLiteBehavior [ RunTime:0.000000s ]
INFO: [ app_init ] --END-- [ RunTime:0.001954s ]
INFO: [ app_begin ] --START--
INFO: Run Behavior\ReadHtmlCacheBehavior [ RunTime:0.000000s ]
INFO: [ app_begin ] --END-- [ RunTime:0.000000s ]

[ 2017-06-27T11:37:50+08:00 ] 125.41.85.206 /tjshop/index.php/Home/Alipay/alipay
INFO: [ app_init ] --START--
INFO: Run Behavior\BuildLiteBehavior [ RunTime:0.000977s ]
INFO: [ app_init ] --END-- [ RunTime:0.002930s ]
INFO: [ app_begin ] --START--
INFO: Run Behavior\ReadHtmlCacheBehavior [ RunTime:0.000000s ]
INFO: [ app_begin ] --END-- [ RunTime:0.000000s ]

[ 2017-06-27T11:38:05+08:00 ] 122.114.11.239 /tjshop/index.php/Home/Alipay/alipay
INFO: [ app_init ] --START--
INFO: Run Behavior\BuildLiteBehavior [ RunTime:0.000000s ]
INFO: [ app_init ] --END-- [ RunTime:0.000000s ]
INFO: [ app_begin ] --START--
INFO: Run Behavior\ReadHtmlCacheBehavior [ RunTime:0.002930s ]
INFO: [ app_begin ] --END-- [ RunTime:0.002930s ]

[ 2017-06-27T11:38:49+08:00 ] 122.114.11.239 /tjshop/index.php/Home/Alipay/alipay
INFO: [ app_init ] --START--
INFO: Run Behavior\BuildLiteBehavior [ RunTime:0.000977s ]
INFO: [ app_init ] --END-- [ RunTime:0.008789s ]
INFO: [ app_begin ] --START--
INFO: Run Behavior\ReadHtmlCacheBehavior [ RunTime:0.000000s ]
INFO: [ app_begin ] --END-- [ RunTime:0.000000s ]

[ 2017-06-27T11:38:57+08:00 ] 125.47.56.42 /tjshop/index.php/Home/Alipay/alipay
INFO: [ app_init ] --START--
INFO: Run Behavior\BuildLiteBehavior [ RunTime:0.000976s ]
INFO: [ app_init ] --END-- [ RunTime:0.005859s ]
INFO: [ app_begin ] --START--
INFO: Run Behavior\ReadHtmlCacheBehavior [ RunTime:0.006836s ]
INFO: [ app_begin ] --END-- [ RunTime:0.006836s ]

[ 2017-06-27T11:39:04+08:00 ] 125.47.56.42 /tjshop/index.php/Home/Alipay/alipay
INFO: [ app_init ] --START--
INFO: Run Behavior\BuildLiteBehavior [ RunTime:0.000000s ]
INFO: [ app_init ] --END-- [ RunTime:0.000000s ]
INFO: [ app_begin ] --START--
INFO: Run Behavior\ReadHtmlCacheBehavior [ RunTime:0.000000s ]
INFO: [ app_begin ] --END-- [ RunTime:0.000000s ]

[ 2017-06-27T11:39:15+08:00 ] 125.47.56.42 /tjshop/index.php/Home/Alipay/alipay
INFO: [ app_init ] --START--
INFO: Run Behavior\BuildLiteBehavior [ RunTime:0.000000s ]
INFO: [ app_init ] --END-- [ RunTime:0.000000s ]
INFO: [ app_begin ] --START--
INFO: Run Behavior\ReadHtmlCacheBehavior [ RunTime:0.000976s ]
INFO: [ app_begin ] --END-- [ RunTime:0.000976s ]

[ 2017-06-27T11:40:33+08:00 ] 122.114.11.239 /tjshop/index.php/Home/Alipay/alipay
INFO: [ app_init ] --START--
INFO: Run Behavior\BuildLiteBehavior [ RunTime:0.000000s ]
INFO: [ app_init ] --END-- [ RunTime:0.000000s ]
INFO: [ app_begin ] --START--
INFO: Run Behavior\ReadHtmlCacheBehavior [ RunTime:0.000976s ]
INFO: [ app_begin ] --END-- [ RunTime:0.002929s ]

[ 2017-06-27T11:40:57+08:00 ] 125.47.56.42 /tjshop/index.php/Home/Alipay/alipay
INFO: [ app_init ] --START--
INFO: Run Behavior\BuildLiteBehavior [ RunTime:0.000000s ]
INFO: [ app_init ] --END-- [ RunTime:0.000000s ]
INFO: [ app_begin ] --START--
INFO: Run Behavior\ReadHtmlCacheBehavior [ RunTime:0.000000s ]
INFO: [ app_begin ] --END-- [ RunTime:0.000000s ]

[ 2017-06-27T11:42:01+08:00 ] 122.114.11.239 /tjshop/index.php/Home/Alipay/alipay
INFO: [ app_init ] --START--
INFO: Run Behavior\BuildLiteBehavior [ RunTime:0.000000s ]
INFO: [ app_init ] --END-- [ RunTime:0.000000s ]
INFO: [ app_begin ] --START--
INFO: Run Behavior\ReadHtmlCacheBehavior [ RunTime:0.000000s ]
INFO: [ app_begin ] --END-- [ RunTime:0.000000s ]

[ 2017-06-27T11:45:11+08:00 ] 122.114.11.239 /tjshop/index.php/Home/Alipay/alipay
INFO: [ app_init ] --START--
INFO: Run Behavior\BuildLiteBehavior [ RunTime:0.000000s ]
INFO: [ app_init ] --END-- [ RunTime:0.002929s ]
INFO: [ app_begin ] --START--
INFO: Run Behavior\ReadHtmlCacheBehavior [ RunTime:0.004882s ]
INFO: [ app_begin ] --END-- [ RunTime:0.004882s ]

[ 2017-06-27T14:22:46+08:00 ] 125.41.85.206 /tjshop/index.php/Home/Alipay/alipay
INFO: [ app_init ] --START--
INFO: Run Behavior\BuildLiteBehavior [ RunTime:0.000000s ]
INFO: [ app_init ] --END-- [ RunTime:0.021484s ]
INFO: [ app_begin ] --START--
INFO: Run Behavior\ReadHtmlCacheBehavior [ RunTime:0.004882s ]
INFO: [ app_begin ] --END-- [ RunTime:0.004882s ]

[ 2017-06-27T14:22:46+08:00 ] 125.41.85.206 /tjshop/index.php/Home/Alipay/alipay
INFO: [ app_init ] --START--
INFO: Run Behavior\BuildLiteBehavior [ RunTime:0.000000s ]
INFO: [ app_init ] --END-- [ RunTime:0.029297s ]
INFO: [ app_begin ] --START--
INFO: Run Behavior\ReadHtmlCacheBehavior [ RunTime:0.018555s ]
INFO: [ app_begin ] --END-- [ RunTime:0.018555s ]

[ 2017-06-27T14:23:01+08:00 ] 125.41.85.206 /tjshop/index.php/Home/Alipay/alipay
INFO: [ app_init ] --START--
INFO: Run Behavior\BuildLiteBehavior [ RunTime:0.000000s ]
INFO: [ app_init ] --END-- [ RunTime:0.000000s ]
INFO: [ app_begin ] --START--
INFO: Run Behavior\ReadHtmlCacheBehavior [ RunTime:0.000000s ]
INFO: [ app_begin ] --END-- [ RunTime:0.000000s ]

[ 2017-06-27T14:23:40+08:00 ] 125.41.85.206 /tjshop/index.php/Home/Alipay/alipay
INFO: [ app_init ] --START--
INFO: Run Behavior\BuildLiteBehavior [ RunTime:0.000000s ]
INFO: [ app_init ] --END-- [ RunTime:0.000976s ]
INFO: [ app_begin ] --START--
INFO: Run Behavior\ReadHtmlCacheBehavior [ RunTime:0.002929s ]
INFO: [ app_begin ] --END-- [ RunTime:0.002929s ]

[ 2017-06-27T14:24:01+08:00 ] 125.41.85.206 /tjshop/index.php/Home/Alipay/alipay
INFO: [ app_init ] --START--
INFO: Run Behavior\BuildLiteBehavior [ RunTime:0.000000s ]
INFO: [ app_init ] --END-- [ RunTime:0.000000s ]
INFO: [ app_begin ] --START--
INFO: Run Behavior\ReadHtmlCacheBehavior [ RunTime:0.000000s ]
INFO: [ app_begin ] --END-- [ RunTime:0.000000s ]

[ 2017-06-27T14:24:32+08:00 ] 125.41.85.206 /tjshop/index.php/Home/Alipay/alipay
INFO: [ app_init ] --START--
INFO: Run Behavior\BuildLiteBehavior [ RunTime:0.000000s ]
INFO: [ app_init ] --END-- [ RunTime:0.001953s ]
INFO: [ app_begin ] --START--
INFO: Run Behavior\ReadHtmlCacheBehavior [ RunTime:0.000000s ]
INFO: [ app_begin ] --END-- [ RunTime:0.000000s ]

[ 2017-06-27T14:26:07+08:00 ] 125.41.85.206 /tjshop/index.php/Home/Alipay/alipay
INFO: [ app_init ] --START--
INFO: Run Behavior\BuildLiteBehavior [ RunTime:0.000000s ]
INFO: [ app_init ] --END-- [ RunTime:0.000976s ]
INFO: [ app_begin ] --START--
INFO: Run Behavior\ReadHtmlCacheBehavior [ RunTime:0.006836s ]
INFO: [ app_begin ] --END-- [ RunTime:0.007813s ]

[ 2017-06-27T14:26:07+08:00 ] 125.41.85.206 /tjshop/index.php/Home/Alipay/alipay
INFO: [ app_init ] --START--
INFO: Run Behavior\BuildLiteBehavior [ RunTime:0.000000s ]
INFO: [ app_init ] --END-- [ RunTime:0.001953s ]
INFO: [ app_begin ] --START--
INFO: Run Behavior\ReadHtmlCacheBehavior [ RunTime:0.000976s ]
INFO: [ app_begin ] --END-- [ RunTime:0.000976s ]

[ 2017-06-27T14:26:07+08:00 ] 125.41.85.206 /tjshop/index.php/Home/Alipay/alipay
INFO: [ app_init ] --START--
INFO: Run Behavior\BuildLiteBehavior [ RunTime:0.000000s ]
INFO: [ app_init ] --END-- [ RunTime:0.000000s ]
INFO: [ app_begin ] --START--
INFO: Run Behavior\ReadHtmlCacheBehavior [ RunTime:0.009765s ]
INFO: [ app_begin ] --END-- [ RunTime:0.009765s ]

[ 2017-06-27T14:26:37+08:00 ] 125.41.85.206 /tjshop/index.php/Home/Alipay/alipay
INFO: [ app_init ] --START--
INFO: Run Behavior\BuildLiteBehavior [ RunTime:0.001953s ]
INFO: [ app_init ] --END-- [ RunTime:0.018555s ]
INFO: [ app_begin ] --START--
INFO: Run Behavior\ReadHtmlCacheBehavior [ RunTime:0.000000s ]
INFO: [ app_begin ] --END-- [ RunTime:0.000000s ]

[ 2017-06-27T14:29:46+08:00 ] 122.114.11.239 /tjshop/index.php/Home/Alipay/alipay
INFO: [ app_init ] --START--
INFO: Run Behavior\BuildLiteBehavior [ RunTime:0.000000s ]
INFO: [ app_init ] --END-- [ RunTime:0.000977s ]
INFO: [ app_begin ] --START--
INFO: Run Behavior\ReadHtmlCacheBehavior [ RunTime:0.000000s ]
INFO: [ app_begin ] --END-- [ RunTime:0.000000s ]

[ 2017-06-27T14:31:46+08:00 ] 122.114.11.239 /tjshop/index.php/Home/Alipay/alipay
INFO: [ app_init ] --START--
INFO: Run Behavior\BuildLiteBehavior [ RunTime:0.000000s ]
INFO: [ app_init ] --END-- [ RunTime:0.000000s ]
INFO: [ app_begin ] --START--
INFO: Run Behavior\ReadHtmlCacheBehavior [ RunTime:0.000000s ]
INFO: [ app_begin ] --END-- [ RunTime:0.000000s ]

[ 2017-06-27T14:31:48+08:00 ] 122.114.11.239 /tjshop/index.php/Home/Alipay/alipay
INFO: [ app_init ] --START--
INFO: Run Behavior\BuildLiteBehavior [ RunTime:0.000000s ]
INFO: [ app_init ] --END-- [ RunTime:0.000000s ]
INFO: [ app_begin ] --START--
INFO: Run Behavior\ReadHtmlCacheBehavior [ RunTime:0.000000s ]
INFO: [ app_begin ] --END-- [ RunTime:0.000000s ]

[ 2017-06-27T14:31:49+08:00 ] 122.114.11.239 /tjshop/index.php/Home/Alipay/alipay
INFO: [ app_init ] --START--
INFO: Run Behavior\BuildLiteBehavior [ RunTime:0.000000s ]
INFO: [ app_init ] --END-- [ RunTime:0.006836s ]
INFO: [ app_begin ] --START--
INFO: Run Behavior\ReadHtmlCacheBehavior [ RunTime:0.000000s ]
INFO: [ app_begin ] --END-- [ RunTime:0.000000s ]

[ 2017-06-27T14:32:02+08:00 ] 122.114.11.239 /tjshop/index.php/Home/Alipay/alipay
INFO: [ app_init ] --START--
INFO: Run Behavior\BuildLiteBehavior [ RunTime:0.000000s ]
INFO: [ app_init ] --END-- [ RunTime:0.025391s ]
INFO: [ app_begin ] --START--
INFO: Run Behavior\ReadHtmlCacheBehavior [ RunTime:0.000000s ]
INFO: [ app_begin ] --END-- [ RunTime:0.000000s ]
INFO: [ app_end ] --START--
INFO: Run Behavior\ShowPageTraceBehavior [ RunTime:0.000000s ]
INFO: [ app_end ] --END-- [ RunTime:0.000000s ]

[ 2017-06-27T14:32:15+08:00 ] 125.41.85.206 /tjshop/index.php/Home/Alipay/alipay
INFO: [ app_init ] --START--
INFO: Run Behavior\BuildLiteBehavior [ RunTime:0.000000s ]
INFO: [ app_init ] --END-- [ RunTime:0.000000s ]
INFO: [ app_begin ] --START--
INFO: Run Behavior\ReadHtmlCacheBehavior [ RunTime:0.000000s ]
INFO: [ app_begin ] --END-- [ RunTime:0.000000s ]
INFO: [ app_end ] --START--
INFO: Run Behavior\ShowPageTraceBehavior [ RunTime:0.002930s ]
INFO: [ app_end ] --END-- [ RunTime:0.002930s ]

[ 2017-06-27T14:34:08+08:00 ] 125.41.85.206 /tjshop/index.php/Home/Alipay/alipay
INFO: [ app_init ] --START--
INFO: Run Behavior\BuildLiteBehavior [ RunTime:0.000000s ]
INFO: [ app_init ] --END-- [ RunTime:0.000000s ]
INFO: [ app_begin ] --START--
INFO: Run Behavior\ReadHtmlCacheBehavior [ RunTime:0.000000s ]
INFO: [ app_begin ] --END-- [ RunTime:0.000000s ]
INFO: [ app_end ] --START--
INFO: Run Behavior\ShowPageTraceBehavior [ RunTime:0.000000s ]
INFO: [ app_end ] --END-- [ RunTime:0.000000s ]

[ 2017-06-27T14:40:52+08:00 ] 125.41.85.206 /tjshop/index.php/Home/Alipay/alipay
INFO: [ app_init ] --START--
INFO: Run Behavior\BuildLiteBehavior [ RunTime:0.000000s ]
INFO: [ app_init ] --END-- [ RunTime:0.000000s ]
INFO: [ app_begin ] --START--
INFO: Run Behavior\ReadHtmlCacheBehavior [ RunTime:0.000000s ]
INFO: [ app_begin ] --END-- [ RunTime:0.000000s ]

[ 2017-06-27T14:41:15+08:00 ] 125.41.85.206 /tjshop/index.php/Home/Alipay/alipay
INFO: [ app_init ] --START--
INFO: Run Behavior\BuildLiteBehavior [ RunTime:0.000000s ]
INFO: [ app_init ] --END-- [ RunTime:0.000000s ]
INFO: [ app_begin ] --START--
INFO: Run Behavior\ReadHtmlCacheBehavior [ RunTime:0.000000s ]
INFO: [ app_begin ] --END-- [ RunTime:0.000000s ]
NOTIC: [2] include(D:\phpStudy\WWW\tjshop\Logs\pay\20170627.log.php): failed to open stream: No such file or directory D:\phpStudy\WWW\tjshop\Application\Common\Common\function.php 第 30 行.
NOTIC: [2] include(): Failed opening 'D:\phpStudy\WWW\tjshop\Logs\pay\20170627.log.php' for inclusion (include_path='.;C:\php\pear') D:\phpStudy\WWW\tjshop\Application\Common\Common\function.php 第 30 行.

[ 2017-06-27T14:41:51+08:00 ] 125.41.85.206 /tjshop/index.php/Home/Alipay/alipay
INFO: [ app_init ] --START--
INFO: Run Behavior\BuildLiteBehavior [ RunTime:0.000000s ]
INFO: [ app_init ] --END-- [ RunTime:0.000000s ]
INFO: [ app_begin ] --START--
INFO: Run Behavior\ReadHtmlCacheBehavior [ RunTime:0.000000s ]
INFO: [ app_begin ] --END-- [ RunTime:0.000000s ]

[ 2017-06-27T14:42:00+08:00 ] 125.41.85.206 /tjshop/index.php/Home/Alipay/alipay
INFO: [ app_init ] --START--
INFO: Run Behavior\BuildLiteBehavior [ RunTime:0.000000s ]
INFO: [ app_init ] --END-- [ RunTime:0.001953s ]
INFO: [ app_begin ] --START--
INFO: Run Behavior\ReadHtmlCacheBehavior [ RunTime:0.000000s ]
INFO: [ app_begin ] --END-- [ RunTime:0.000000s ]

[ 2017-06-27T14:44:06+08:00 ] 110.75.242.197 /tjshop/index.php/Home/Alipay/orderRecord
INFO: [ app_init ] --START--
INFO: Run Behavior\BuildLiteBehavior [ RunTime:0.000000s ]
INFO: [ app_init ] --END-- [ RunTime:0.000000s ]
INFO: [ app_begin ] --START--
INFO: Run Behavior\ReadHtmlCacheBehavior [ RunTime:0.000000s ]
INFO: [ app_begin ] --END-- [ RunTime:0.000000s ]
NOTIC: [8] Array to string conversion D:\phpStudy\WWW\tjshop\Application\Home\Controller\AlipayController.class.php 第 75 行.
INFO: [ app_end ] --START--
INFO: Run Behavior\ShowPageTraceBehavior [ RunTime:0.000000s ]
INFO: [ app_end ] --END-- [ RunTime:0.000000s ]

[ 2017-06-27T14:49:52+08:00 ] 110.75.242.231 /tjshop/index.php/Home/Alipay/orderRecord
INFO: [ app_init ] --START--
INFO: Run Behavior\BuildLiteBehavior [ RunTime:0.000000s ]
INFO: [ app_init ] --END-- [ RunTime:0.000000s ]
INFO: [ app_begin ] --START--
INFO: Run Behavior\ReadHtmlCacheBehavior [ RunTime:0.013671s ]
INFO: [ app_begin ] --END-- [ RunTime:0.015625s ]
NOTIC: [8] Array to string conversion D:\phpStudy\WWW\tjshop\Application\Home\Controller\AlipayController.class.php 第 75 行.
INFO: [ app_end ] --START--
INFO: Run Behavior\ShowPageTraceBehavior [ RunTime:0.000000s ]
INFO: [ app_end ] --END-- [ RunTime:0.000000s ]

[ 2017-06-27T14:51:48+08:00 ] 110.75.242.250 /tjshop/index.php/Home/Alipay/orderRecord
INFO: [ app_init ] --START--
INFO: Run Behavior\BuildLiteBehavior [ RunTime:0.000000s ]
INFO: [ app_init ] --END-- [ RunTime:0.000000s ]
INFO: [ app_begin ] --START--
INFO: Run Behavior\ReadHtmlCacheBehavior [ RunTime:0.000000s ]
INFO: [ app_begin ] --END-- [ RunTime:0.000000s ]
NOTIC: [8] Array to string conversion D:\phpStudy\WWW\tjshop\Application\Home\Controller\AlipayController.class.php 第 75 行.
INFO: [ app_end ] --START--
INFO: Run Behavior\ShowPageTraceBehavior [ RunTime:0.000000s ]
INFO: [ app_end ] --END-- [ RunTime:0.000000s ]

[ 2017-06-27T14:54:20+08:00 ] 110.75.242.248 /tjshop/index.php/Home/Alipay/orderRecord
INFO: [ app_init ] --START--
INFO: Run Behavior\BuildLiteBehavior [ RunTime:0.000000s ]
INFO: [ app_init ] --END-- [ RunTime:0.003906s ]
INFO: [ app_begin ] --START--
INFO: Run Behavior\ReadHtmlCacheBehavior [ RunTime:0.012695s ]
INFO: [ app_begin ] --END-- [ RunTime:0.013672s ]
INFO: [ app_end ] --START--
INFO: Run Behavior\ShowPageTraceBehavior [ RunTime:0.000000s ]
INFO: [ app_end ] --END-- [ RunTime:0.000000s ]

[ 2017-06-27T14:55:22+08:00 ] 110.75.242.39 /tjshop/index.php/Home/Alipay/orderRecord
INFO: [ app_init ] --START--
INFO: Run Behavior\BuildLiteBehavior [ RunTime:0.000000s ]
INFO: [ app_init ] --END-- [ RunTime:0.000000s ]
INFO: [ app_begin ] --START--
INFO: Run Behavior\ReadHtmlCacheBehavior [ RunTime:0.000000s ]
INFO: [ app_begin ] --END-- [ RunTime:0.000000s ]
NOTIC: [2] Missing argument 1 for I(), called in D:\phpStudy\WWW\tjshop\Application\Home\Controller\AlipayController.class.php on line 75 and defined D:\phpStudy\WWW\tjshop\ThinkPHP\Common\functions.php 第 271 行.
NOTIC: [8] Undefined variable: name D:\phpStudy\WWW\tjshop\ThinkPHP\Common\functions.php 第 273 行.
NOTIC: [8] Undefined variable: name D:\phpStudy\WWW\tjshop\ThinkPHP\Common\functions.php 第 278 行.
NOTIC: [8] Undefined variable: name D:\phpStudy\WWW\tjshop\ThinkPHP\Common\functions.php 第 339 行.
INFO: [ app_end ] --START--
INFO: Run Behavior\ShowPageTraceBehavior [ RunTime:0.000000s ]
INFO: [ app_end ] --END-- [ RunTime:0.000000s ]

[ 2017-06-27T14:57:42+08:00 ] 110.75.242.163 /tjshop/index.php/Home/Alipay/orderRecord
INFO: [ app_init ] --START--
INFO: Run Behavior\BuildLiteBehavior [ RunTime:0.000000s ]
INFO: [ app_init ] --END-- [ RunTime:0.000000s ]
INFO: [ app_begin ] --START--
INFO: Run Behavior\ReadHtmlCacheBehavior [ RunTime:0.016602s ]
INFO: [ app_begin ] --END-- [ RunTime:0.016602s ]
NOTIC: [2] Missing argument 1 for I(), called in D:\phpStudy\WWW\tjshop\Application\Home\Controller\AlipayController.class.php on line 75 and defined D:\phpStudy\WWW\tjshop\ThinkPHP\Common\functions.php 第 271 行.
NOTIC: [8] Undefined variable: name D:\phpStudy\WWW\tjshop\ThinkPHP\Common\functions.php 第 273 行.
NOTIC: [8] Undefined variable: name D:\phpStudy\WWW\tjshop\ThinkPHP\Common\functions.php 第 278 行.
NOTIC: [8] Undefined variable: name D:\phpStudy\WWW\tjshop\ThinkPHP\Common\functions.php 第 339 行.
INFO: [ app_end ] --START--
INFO: Run Behavior\ShowPageTraceBehavior [ RunTime:0.000000s ]
INFO: [ app_end ] --END-- [ RunTime:0.000000s ]

[ 2017-06-27T14:58:45+08:00 ] 110.75.242.106 /tjshop/index.php/Home/Alipay/orderRecord
INFO: [ app_init ] --START--
INFO: Run Behavior\BuildLiteBehavior [ RunTime:0.000000s ]
INFO: [ app_init ] --END-- [ RunTime:0.000977s ]
INFO: [ app_begin ] --START--
INFO: Run Behavior\ReadHtmlCacheBehavior [ RunTime:0.000976s ]
INFO: [ app_begin ] --END-- [ RunTime:0.000976s ]
NOTIC: [2] Missing argument 1 for I(), called in D:\phpStudy\WWW\tjshop\Application\Home\Controller\AlipayController.class.php on line 75 and defined D:\phpStudy\WWW\tjshop\ThinkPHP\Common\functions.php 第 271 行.
NOTIC: [8] Undefined variable: name D:\phpStudy\WWW\tjshop\ThinkPHP\Common\functions.php 第 273 行.
NOTIC: [8] Undefined variable: name D:\phpStudy\WWW\tjshop\ThinkPHP\Common\functions.php 第 278 行.
NOTIC: [8] Undefined variable: name D:\phpStudy\WWW\tjshop\ThinkPHP\Common\functions.php 第 339 行.
INFO: [ app_end ] --START--
INFO: Run Behavior\ShowPageTraceBehavior [ RunTime:0.000000s ]
INFO: [ app_end ] --END-- [ RunTime:0.000000s ]

[ 2017-06-27T14:59:25+08:00 ] 110.75.242.183 /tjshop/index.php/Home/Alipay/orderRecord
INFO: [ app_init ] --START--
INFO: Run Behavior\BuildLiteBehavior [ RunTime:0.000000s ]
INFO: [ app_init ] --END-- [ RunTime:0.000000s ]
INFO: [ app_begin ] --START--
INFO: Run Behavior\ReadHtmlCacheBehavior [ RunTime:0.000000s ]
INFO: [ app_begin ] --END-- [ RunTime:0.000000s ]
NOTIC: [2] Missing argument 1 for I(), called in D:\phpStudy\WWW\tjshop\Application\Home\Controller\AlipayController.class.php on line 75 and defined D:\phpStudy\WWW\tjshop\ThinkPHP\Common\functions.php 第 271 行.
NOTIC: [8] Undefined variable: name D:\phpStudy\WWW\tjshop\ThinkPHP\Common\functions.php 第 273 行.
NOTIC: [8] Undefined variable: name D:\phpStudy\WWW\tjshop\ThinkPHP\Common\functions.php 第 278 行.
NOTIC: [8] Undefined variable: name D:\phpStudy\WWW\tjshop\ThinkPHP\Common\functions.php 第 339 行.
INFO: [ app_end ] --START--
INFO: Run Behavior\ShowPageTraceBehavior [ RunTime:0.000000s ]
INFO: [ app_end ] --END-- [ RunTime:0.000000s ]

[ 2017-06-27T15:00:29+08:00 ] 110.75.242.127 /tjshop/index.php/Home/Alipay/orderRecord
INFO: [ app_init ] --START--
INFO: Run Behavior\BuildLiteBehavior [ RunTime:0.000000s ]
INFO: [ app_init ] --END-- [ RunTime:0.001953s ]
INFO: [ app_begin ] --START--
INFO: Run Behavior\ReadHtmlCacheBehavior [ RunTime:0.000000s ]
INFO: [ app_begin ] --END-- [ RunTime:0.000000s ]
NOTIC: [2] Missing argument 1 for I(), called in D:\phpStudy\WWW\tjshop\Application\Home\Controller\AlipayController.class.php on line 75 and defined D:\phpStudy\WWW\tjshop\ThinkPHP\Common\functions.php 第 271 行.
NOTIC: [8] Undefined variable: name D:\phpStudy\WWW\tjshop\ThinkPHP\Common\functions.php 第 273 行.
NOTIC: [8] Undefined variable: name D:\phpStudy\WWW\tjshop\ThinkPHP\Common\functions.php 第 278 行.
NOTIC: [8] Undefined variable: name D:\phpStudy\WWW\tjshop\ThinkPHP\Common\functions.php 第 339 行.
INFO: [ app_end ] --START--
INFO: Run Behavior\ShowPageTraceBehavior [ RunTime:0.000000s ]
INFO: [ app_end ] --END-- [ RunTime:0.000000s ]

[ 2017-06-27T15:06:43+08:00 ] 110.75.242.2 /tjshop/index.php/Home/Alipay/orderRecord
INFO: [ app_init ] --START--
INFO: Run Behavior\BuildLiteBehavior [ RunTime:0.000000s ]
INFO: [ app_init ] --END-- [ RunTime:0.000000s ]
INFO: [ app_begin ] --START--
INFO: Run Behavior\ReadHtmlCacheBehavior [ RunTime:0.009766s ]
INFO: [ app_begin ] --END-- [ RunTime:0.012695s ]
NOTIC: [2] Missing argument 1 for I(), called in D:\phpStudy\WWW\tjshop\Application\Home\Controller\AlipayController.class.php on line 75 and defined D:\phpStudy\WWW\tjshop\ThinkPHP\Common\functions.php 第 271 行.
NOTIC: [8] Undefined variable: name D:\phpStudy\WWW\tjshop\ThinkPHP\Common\functions.php 第 273 行.
NOTIC: [8] Undefined variable: name D:\phpStudy\WWW\tjshop\ThinkPHP\Common\functions.php 第 278 行.
NOTIC: [8] Undefined variable: name D:\phpStudy\WWW\tjshop\ThinkPHP\Common\functions.php 第 339 行.
INFO: [ app_end ] --START--
INFO: Run Behavior\ShowPageTraceBehavior [ RunTime:0.000000s ]
INFO: [ app_end ] --END-- [ RunTime:0.000000s ]

[ 2017-06-27T15:08:10+08:00 ] 110.75.242.125 /tjshop/index.php/Home/Alipay/orderRecord
INFO: [ app_init ] --START--
INFO: Run Behavior\BuildLiteBehavior [ RunTime:0.000000s ]
INFO: [ app_init ] --END-- [ RunTime:0.000000s ]
INFO: [ app_begin ] --START--
INFO: Run Behavior\ReadHtmlCacheBehavior [ RunTime:0.000000s ]
INFO: [ app_begin ] --END-- [ RunTime:0.000000s ]
NOTIC: [2] Missing argument 1 for I(), called in D:\phpStudy\WWW\tjshop\Application\Home\Controller\AlipayController.class.php on line 75 and defined D:\phpStudy\WWW\tjshop\ThinkPHP\Common\functions.php 第 271 行.
NOTIC: [8] Undefined variable: name D:\phpStudy\WWW\tjshop\ThinkPHP\Common\functions.php 第 273 行.
NOTIC: [8] Undefined variable: name D:\phpStudy\WWW\tjshop\ThinkPHP\Common\functions.php 第 278 行.
NOTIC: [8] Undefined variable: name D:\phpStudy\WWW\tjshop\ThinkPHP\Common\functions.php 第 339 行.
INFO: [ app_end ] --START--
INFO: Run Behavior\ShowPageTraceBehavior [ RunTime:0.000000s ]
INFO: [ app_end ] --END-- [ RunTime:0.000000s ]

[ 2017-06-27T15:08:21+08:00 ] 110.75.242.36 /tjshop/index.php/Home/Alipay/orderRecord
INFO: [ app_init ] --START--
INFO: Run Behavior\BuildLiteBehavior [ RunTime:0.000977s ]
INFO: [ app_init ] --END-- [ RunTime:0.000977s ]
INFO: [ app_begin ] --START--
INFO: Run Behavior\ReadHtmlCacheBehavior [ RunTime:0.000977s ]
INFO: [ app_begin ] --END-- [ RunTime:0.000977s ]
NOTIC: [2] Missing argument 1 for I(), called in D:\phpStudy\WWW\tjshop\Application\Home\Controller\AlipayController.class.php on line 75 and defined D:\phpStudy\WWW\tjshop\ThinkPHP\Common\functions.php 第 271 行.
NOTIC: [8] Undefined variable: name D:\phpStudy\WWW\tjshop\ThinkPHP\Common\functions.php 第 273 行.
NOTIC: [8] Undefined variable: name D:\phpStudy\WWW\tjshop\ThinkPHP\Common\functions.php 第 278 行.
NOTIC: [8] Undefined variable: name D:\phpStudy\WWW\tjshop\ThinkPHP\Common\functions.php 第 339 行.
INFO: [ app_end ] --START--
INFO: Run Behavior\ShowPageTraceBehavior [ RunTime:0.000000s ]
INFO: [ app_end ] --END-- [ RunTime:0.000000s ]

[ 2017-06-27T15:09:49+08:00 ] 110.75.242.213 /tjshop/index.php/Home/Alipay/orderRecord
INFO: [ app_init ] --START--
INFO: Run Behavior\BuildLiteBehavior [ RunTime:0.000000s ]
INFO: [ app_init ] --END-- [ RunTime:0.000000s ]
INFO: [ app_begin ] --START--
INFO: Run Behavior\ReadHtmlCacheBehavior [ RunTime:0.000976s ]
INFO: [ app_begin ] --END-- [ RunTime:0.000976s ]
NOTIC: [2] Missing argument 1 for I(), called in D:\phpStudy\WWW\tjshop\Application\Home\Controller\AlipayController.class.php on line 75 and defined D:\phpStudy\WWW\tjshop\ThinkPHP\Common\functions.php 第 271 行.
NOTIC: [8] Undefined variable: name D:\phpStudy\WWW\tjshop\ThinkPHP\Common\functions.php 第 273 行.
NOTIC: [8] Undefined variable: name D:\phpStudy\WWW\tjshop\ThinkPHP\Common\functions.php 第 278 行.
NOTIC: [8] Undefined variable: name D:\phpStudy\WWW\tjshop\ThinkPHP\Common\functions.php 第 339 行.
INFO: [ app_end ] --START--
INFO: Run Behavior\ShowPageTraceBehavior [ RunTime:0.000000s ]
INFO: [ app_end ] --END-- [ RunTime:0.000000s ]

[ 2017-06-27T15:15:21+08:00 ] 110.75.242.196 /tjshop/index.php/Home/Alipay/orderRecord
INFO: [ app_init ] --START--
INFO: Run Behavior\BuildLiteBehavior [ RunTime:0.000000s ]
INFO: [ app_init ] --END-- [ RunTime:0.001953s ]
INFO: [ app_begin ] --START--
INFO: Run Behavior\ReadHtmlCacheBehavior [ RunTime:0.000000s ]
INFO: [ app_begin ] --END-- [ RunTime:0.000000s ]
NOTIC: [2] Missing argument 1 for I(), called in D:\phpStudy\WWW\tjshop\Application\Home\Controller\AlipayController.class.php on line 75 and defined D:\phpStudy\WWW\tjshop\ThinkPHP\Common\functions.php 第 271 行.
NOTIC: [8] Undefined variable: name D:\phpStudy\WWW\tjshop\ThinkPHP\Common\functions.php 第 273 行.
NOTIC: [8] Undefined variable: name D:\phpStudy\WWW\tjshop\ThinkPHP\Common\functions.php 第 278 行.
NOTIC: [8] Undefined variable: name D:\phpStudy\WWW\tjshop\ThinkPHP\Common\functions.php 第 339 行.
INFO: [ app_end ] --START--
INFO: Run Behavior\ShowPageTraceBehavior [ RunTime:0.000000s ]
INFO: [ app_end ] --END-- [ RunTime:0.000000s ]

[ 2017-06-27T15:18:52+08:00 ] 110.75.242.235 /tjshop/index.php/Home/Alipay/orderRecord
INFO: [ app_init ] --START--
INFO: Run Behavior\BuildLiteBehavior [ RunTime:0.000000s ]
INFO: [ app_init ] --END-- [ RunTime:0.000000s ]
INFO: [ app_begin ] --START--
INFO: Run Behavior\ReadHtmlCacheBehavior [ RunTime:0.000000s ]
INFO: [ app_begin ] --END-- [ RunTime:0.000000s ]
NOTIC: [2] Missing argument 1 for I(), called in D:\phpStudy\WWW\tjshop\Application\Home\Controller\AlipayController.class.php on line 75 and defined D:\phpStudy\WWW\tjshop\ThinkPHP\Common\functions.php 第 271 行.
NOTIC: [8] Undefined variable: name D:\phpStudy\WWW\tjshop\ThinkPHP\Common\functions.php 第 273 行.
NOTIC: [8] Undefined variable: name D:\phpStudy\WWW\tjshop\ThinkPHP\Common\functions.php 第 278 行.
NOTIC: [8] Undefined variable: name D:\phpStudy\WWW\tjshop\ThinkPHP\Common\functions.php 第 339 行.
INFO: [ app_end ] --START--
INFO: Run Behavior\ShowPageTraceBehavior [ RunTime:0.000000s ]
INFO: [ app_end ] --END-- [ RunTime:0.001953s ]

[ 2017-06-27T15:19:32+08:00 ] 110.75.242.85 /tjshop/index.php/Home/Alipay/orderRecord
INFO: [ app_init ] --START--
INFO: Run Behavior\BuildLiteBehavior [ RunTime:0.000000s ]
INFO: [ app_init ] --END-- [ RunTime:0.000000s ]
INFO: [ app_begin ] --START--
INFO: Run Behavior\ReadHtmlCacheBehavior [ RunTime:0.000000s ]
INFO: [ app_begin ] --END-- [ RunTime:0.000000s ]
NOTIC: [2] Missing argument 1 for I(), called in D:\phpStudy\WWW\tjshop\Application\Home\Controller\AlipayController.class.php on line 75 and defined D:\phpStudy\WWW\tjshop\ThinkPHP\Common\functions.php 第 271 行.
NOTIC: [8] Undefined variable: name D:\phpStudy\WWW\tjshop\ThinkPHP\Common\functions.php 第 273 行.
NOTIC: [8] Undefined variable: name D:\phpStudy\WWW\tjshop\ThinkPHP\Common\functions.php 第 278 行.
NOTIC: [8] Undefined variable: name D:\phpStudy\WWW\tjshop\ThinkPHP\Common\functions.php 第 339 行.
INFO: [ app_end ] --START--
INFO: Run Behavior\ShowPageTraceBehavior [ RunTime:0.000000s ]
INFO: [ app_end ] --END-- [ RunTime:0.000000s ]

[ 2017-06-27T16:08:31+08:00 ] 110.75.242.233 /tjshop/index.php/Home/Alipay/orderRecord
INFO: [ app_init ] --START--
INFO: Run Behavior\BuildLiteBehavior [ RunTime:0.000000s ]
INFO: [ app_init ] --END-- [ RunTime:0.000977s ]
INFO: [ app_begin ] --START--
INFO: Run Behavior\ReadHtmlCacheBehavior [ RunTime:0.000000s ]
INFO: [ app_begin ] --END-- [ RunTime:0.000000s ]
NOTIC: [2] Missing argument 1 for I(), called in D:\phpStudy\WWW\tjshop\Application\Home\Controller\AlipayController.class.php on line 75 and defined D:\phpStudy\WWW\tjshop\ThinkPHP\Common\functions.php 第 271 行.
NOTIC: [8] Undefined variable: name D:\phpStudy\WWW\tjshop\ThinkPHP\Common\functions.php 第 273 行.
NOTIC: [8] Undefined variable: name D:\phpStudy\WWW\tjshop\ThinkPHP\Common\functions.php 第 278 行.
NOTIC: [8] Undefined variable: name D:\phpStudy\WWW\tjshop\ThinkPHP\Common\functions.php 第 339 行.

[ 2017-06-27T16:15:42+08:00 ] 110.75.242.231 /tjshop/index.php/Home/Alipay/orderRecord
INFO: [ app_init ] --START--
INFO: Run Behavior\BuildLiteBehavior [ RunTime:0.000000s ]
INFO: [ app_init ] --END-- [ RunTime:0.000000s ]
INFO: [ app_begin ] --START--
INFO: Run Behavior\ReadHtmlCacheBehavior [ RunTime:0.000977s ]
INFO: [ app_begin ] --END-- [ RunTime:0.000977s ]
NOTIC: [2] Missing argument 1 for I(), called in D:\phpStudy\WWW\tjshop\Application\Home\Controller\AlipayController.class.php on line 75 and defined D:\phpStudy\WWW\tjshop\ThinkPHP\Common\functions.php 第 271 行.
NOTIC: [8] Undefined variable: name D:\phpStudy\WWW\tjshop\ThinkPHP\Common\functions.php 第 273 行.
NOTIC: [8] Undefined variable: name D:\phpStudy\WWW\tjshop\ThinkPHP\Common\functions.php 第 278 行.
NOTIC: [8] Undefined variable: name D:\phpStudy\WWW\tjshop\ThinkPHP\Common\functions.php 第 339 行.

[ 2017-06-27T16:18:49+08:00 ] 110.75.242.192 /tjshop/index.php/Home/Alipay/orderRecord
INFO: [ app_init ] --START--
INFO: Run Behavior\BuildLiteBehavior [ RunTime:0.000000s ]
INFO: [ app_init ] --END-- [ RunTime:0.000000s ]
INFO: [ app_begin ] --START--
INFO: Run Behavior\ReadHtmlCacheBehavior [ RunTime:0.000000s ]
INFO: [ app_begin ] --END-- [ RunTime:0.000000s ]
NOTIC: [2] Missing argument 1 for I(), called in D:\phpStudy\WWW\tjshop\Application\Home\Controller\AlipayController.class.php on line 75 and defined D:\phpStudy\WWW\tjshop\ThinkPHP\Common\functions.php 第 271 行.
NOTIC: [8] Undefined variable: name D:\phpStudy\WWW\tjshop\ThinkPHP\Common\functions.php 第 273 行.
NOTIC: [8] Undefined variable: name D:\phpStudy\WWW\tjshop\ThinkPHP\Common\functions.php 第 278 行.
NOTIC: [8] Undefined variable: name D:\phpStudy\WWW\tjshop\ThinkPHP\Common\functions.php 第 339 行.

[ 2017-06-27T16:19:32+08:00 ] 110.75.242.39 /tjshop/index.php/Home/Alipay/orderRecord
INFO: [ app_init ] --START--
INFO: Run Behavior\BuildLiteBehavior [ RunTime:0.000000s ]
INFO: [ app_init ] --END-- [ RunTime:0.001953s ]
INFO: [ app_begin ] --START--
INFO: Run Behavior\ReadHtmlCacheBehavior [ RunTime:0.000000s ]
INFO: [ app_begin ] --END-- [ RunTime:0.000000s ]
NOTIC: [2] Missing argument 1 for I(), called in D:\phpStudy\WWW\tjshop\Application\Home\Controller\AlipayController.class.php on line 75 and defined D:\phpStudy\WWW\tjshop\ThinkPHP\Common\functions.php 第 271 行.
NOTIC: [8] Undefined variable: name D:\phpStudy\WWW\tjshop\ThinkPHP\Common\functions.php 第 273 行.
NOTIC: [8] Undefined variable: name D:\phpStudy\WWW\tjshop\ThinkPHP\Common\functions.php 第 278 行.
NOTIC: [8] Undefined variable: name D:\phpStudy\WWW\tjshop\ThinkPHP\Common\functions.php 第 339 行.

[ 2017-06-27T17:10:48+08:00 ] 123.151.42.47 /tjshop/index.php/Home/User/login
INFO: [ app_init ] --START--
INFO: Run Behavior\BuildLiteBehavior [ RunTime:0.000000s ]
INFO: [ app_init ] --END-- [ RunTime:0.000000s ]
INFO: [ app_begin ] --START--
INFO: Run Behavior\ReadHtmlCacheBehavior [ RunTime:0.000000s ]
INFO: [ app_begin ] --END-- [ RunTime:0.000000s ]
INFO: [ view_parse ] --START--
INFO: [ template_filter ] --START--
INFO: Run Behavior\ContentReplaceBehavior [ RunTime:0.000000s ]
INFO: [ template_filter ] --END-- [ RunTime:0.000000s ]
INFO: Run Behavior\ParseTemplateBehavior [ RunTime:0.013672s ]
INFO: [ view_parse ] --END-- [ RunTime:0.013672s ]
INFO: [ view_filter ] --START--
INFO: Run Behavior\WriteHtmlCacheBehavior [ RunTime:0.000000s ]
INFO: [ view_filter ] --END-- [ RunTime:0.000000s ]
INFO: [ app_end ] --START--
INFO: Run Behavior\ShowPageTraceBehavior [ RunTime:0.000000s ]
INFO: [ app_end ] --END-- [ RunTime:0.000000s ]

[ 2017-06-27T17:45:46+08:00 ] 110.75.242.193 /tjshop/index.php/Home/Alipay/orderRecord
INFO: [ app_init ] --START--
INFO: Run Behavior\BuildLiteBehavior [ RunTime:0.000000s ]
INFO: [ app_init ] --END-- [ RunTime:0.000000s ]
INFO: [ app_begin ] --START--
INFO: Run Behavior\ReadHtmlCacheBehavior [ RunTime:0.000000s ]
INFO: [ app_begin ] --END-- [ RunTime:0.000000s ]
NOTIC: [2] Missing argument 1 for I(), called in D:\phpStudy\WWW\tjshop\Application\Home\Controller\AlipayController.class.php on line 75 and defined D:\phpStudy\WWW\tjshop\ThinkPHP\Common\functions.php 第 271 行.
NOTIC: [8] Undefined variable: name D:\phpStudy\WWW\tjshop\ThinkPHP\Common\functions.php 第 273 行.
NOTIC: [8] Undefined variable: name D:\phpStudy\WWW\tjshop\ThinkPHP\Common\functions.php 第 278 行.
NOTIC: [8] Undefined variable: name D:\phpStudy\WWW\tjshop\ThinkPHP\Common\functions.php 第 339 行.

[ 2017-06-27T17:45:49+08:00 ] 123.14.250.70 /tjshop/index.php/Home/Index/person?total_amount=0.01&timestamp=2017-06-27+17%3A45%3A48&sign=TGXMzJIabr1BQ2IKTT167EcG8SwYn%2BBmDZZQ6x8Qf28Zb3vkOu7kNgN6%2FfFWvQnEnEaH9qrp27Ij3%2BfzAaAYabQxLQ5MU0wayOPTlnj%2B94U06mR7jp9Q74M%2FDdJm4WJGtK44uhhwOz2mvupSjFhNsaA2%2FKsSFUQ5fdUxaetXsIzFd2hFF6oRxucidoN1fYsp3XcZGQMp0Bi7MJ%2Bpklm13WkoIcM9S%2FJpHoW3Yn1kqHyxZAV%2F3Apm5JSKferaKa6JMRxuaNSiGU%2F3DqVRJqcirZtbbpICx1iPDO%2B2FzUiQYBa%2FLw0E6gLi8PJGMIygMVhRGtlbgUqjgmVvkk2xchPQQ%3D%3D&trade_no=2017062721001004410203147154&sign_type=RSA2&auth_app_id=2017062407557706&charset=UTF-8&seller_id=2088721121145721&method=alipay.trade.wap.pay.return&app_id=2017062407557706&out_trade_no=14985566856322189&version=1.0
INFO: [ app_init ] --START--
INFO: Run Behavior\BuildLiteBehavior [ RunTime:0.000000s ]
INFO: [ app_init ] --END-- [ RunTime:0.000000s ]
INFO: [ app_begin ] --START--
INFO: Run Behavior\ReadHtmlCacheBehavior [ RunTime:0.000000s ]
INFO: [ app_begin ] --END-- [ RunTime:0.000000s ]
SQL: SHOW COLUMNS FROM `user` [ RunTime:0.0010s ]

[ 2017-06-27T17:45:49+08:00 ] 123.14.250.70 /tjshop/index.php/Home/User/login.html
INFO: [ app_init ] --START--
INFO: Run Behavior\BuildLiteBehavior [ RunTime:0.000000s ]
INFO: [ app_init ] --END-- [ RunTime:0.000977s ]
INFO: [ app_begin ] --START--
INFO: Run Behavior\ReadHtmlCacheBehavior [ RunTime:0.000977s ]
INFO: [ app_begin ] --END-- [ RunTime:0.000977s ]
INFO: [ view_parse ] --START--
INFO: [ template_filter ] --START--
INFO: Run Behavior\ContentReplaceBehavior [ RunTime:0.000000s ]
INFO: [ template_filter ] --END-- [ RunTime:0.000000s ]
INFO: Run Behavior\ParseTemplateBehavior [ RunTime:0.015625s ]
INFO: [ view_parse ] --END-- [ RunTime:0.015625s ]
INFO: [ view_filter ] --START--
INFO: Run Behavior\WriteHtmlCacheBehavior [ RunTime:0.000000s ]
INFO: [ view_filter ] --END-- [ RunTime:0.000000s ]
INFO: [ app_end ] --START--
INFO: Run Behavior\ShowPageTraceBehavior [ RunTime:0.000000s ]
INFO: [ app_end ] --END-- [ RunTime:0.000000s ]

[ 2017-06-27T17:46:04+08:00 ] 123.14.250.70 /tjshop/index.php/Home/User/login.html
INFO: [ app_init ] --START--
INFO: Run Behavior\BuildLiteBehavior [ RunTime:0.000000s ]
INFO: [ app_init ] --END-- [ RunTime:0.000000s ]
INFO: [ app_begin ] --START--
INFO: Run Behavior\ReadHtmlCacheBehavior [ RunTime:0.003907s ]
INFO: [ app_begin ] --END-- [ RunTime:0.003907s ]
SQL: SHOW COLUMNS FROM `user` [ RunTime:0.0000s ]
SQL: SELECT * FROM `user` WHERE `usercode` = '15981852409' AND `password` = 'd40a32d889fab5d685bcdd6accb84dbf' LIMIT 1   [ RunTime:0.0000s ]

[ 2017-06-27T17:46:05+08:00 ] 123.14.250.70 /tjshop/index.php/Home/Index/index.html
INFO: [ app_init ] --START--
INFO: Run Behavior\BuildLiteBehavior [ RunTime:0.000976s ]
INFO: [ app_init ] --END-- [ RunTime:0.000976s ]
INFO: [ app_begin ] --START--
INFO: Run Behavior\ReadHtmlCacheBehavior [ RunTime:0.000976s ]
INFO: [ app_begin ] --END-- [ RunTime:0.001953s ]
SQL: SHOW COLUMNS FROM `ttproduct` [ RunTime:0.0000s ]
SQL: SELECT * FROM `ttproduct` WHERE ( producttype=0 )  [ RunTime:0.0000s ]
INFO: [ view_parse ] --START--
INFO: [ template_filter ] --START--
INFO: Run Behavior\ContentReplaceBehavior [ RunTime:0.000000s ]
INFO: [ template_filter ] --END-- [ RunTime:0.000976s ]
INFO: Run Behavior\ParseTemplateBehavior [ RunTime:0.012695s ]
INFO: [ view_parse ] --END-- [ RunTime:0.012695s ]
INFO: [ view_filter ] --START--
INFO: Run Behavior\WriteHtmlCacheBehavior [ RunTime:0.000000s ]
INFO: [ view_filter ] --END-- [ RunTime:0.000000s ]
INFO: [ app_end ] --START--
INFO: Run Behavior\ShowPageTraceBehavior [ RunTime:0.000000s ]
INFO: [ app_end ] --END-- [ RunTime:0.000000s ]

[ 2017-06-27T17:46:09+08:00 ] 123.14.250.70 /tjshop/index.php/Home/Index/person.html
INFO: [ app_init ] --START--
INFO: Run Behavior\BuildLiteBehavior [ RunTime:0.000000s ]
INFO: [ app_init ] --END-- [ RunTime:0.000000s ]
INFO: [ app_begin ] --START--
INFO: Run Behavior\ReadHtmlCacheBehavior [ RunTime:0.000000s ]
INFO: [ app_begin ] --END-- [ RunTime:0.000000s ]
SQL: SHOW COLUMNS FROM `user` [ RunTime:0.0010s ]
SQL: SELECT * FROM `user` WHERE ( userid=29 ) LIMIT 1   [ RunTime:0.0010s ]
INFO: [ view_parse ] --START--
INFO: [ template_filter ] --START--
INFO: Run Behavior\ContentReplaceBehavior [ RunTime:0.000000s ]
INFO: [ template_filter ] --END-- [ RunTime:0.000000s ]
INFO: Run Behavior\ParseTemplateBehavior [ RunTime:0.010742s ]
INFO: [ view_parse ] --END-- [ RunTime:0.010742s ]
INFO: [ view_filter ] --START--
INFO: Run Behavior\WriteHtmlCacheBehavior [ RunTime:0.000000s ]
INFO: [ view_filter ] --END-- [ RunTime:0.000000s ]
INFO: [ app_end ] --START--
INFO: Run Behavior\ShowPageTraceBehavior [ RunTime:0.000000s ]
INFO: [ app_end ] --END-- [ RunTime:0.000000s ]

[ 2017-06-27T17:46:19+08:00 ] 123.14.250.70 /tjshop/index.php/Home/Index/personmsg.html
INFO: [ app_init ] --START--
INFO: Run Behavior\BuildLiteBehavior [ RunTime:0.000000s ]
INFO: [ app_init ] --END-- [ RunTime:0.000000s ]
INFO: [ app_begin ] --START--
INFO: Run Behavior\ReadHtmlCacheBehavior [ RunTime:0.003906s ]
INFO: [ app_begin ] --END-- [ RunTime:0.003906s ]
SQL: SHOW COLUMNS FROM `user` [ RunTime:0.0000s ]
SQL: SELECT * FROM `user` WHERE `usercode` = '15981852409' LIMIT 1   [ RunTime:0.0000s ]
INFO: [ view_parse ] --START--
INFO: [ template_filter ] --START--
INFO: Run Behavior\ContentReplaceBehavior [ RunTime:0.000000s ]
INFO: [ template_filter ] --END-- [ RunTime:0.000000s ]
INFO: Run Behavior\ParseTemplateBehavior [ RunTime:0.014648s ]
INFO: [ view_parse ] --END-- [ RunTime:0.014648s ]
INFO: [ view_filter ] --START--
INFO: Run Behavior\WriteHtmlCacheBehavior [ RunTime:0.000000s ]
INFO: [ view_filter ] --END-- [ RunTime:0.000000s ]
INFO: [ app_end ] --START--
INFO: Run Behavior\ShowPageTraceBehavior [ RunTime:0.000000s ]
INFO: [ app_end ] --END-- [ RunTime:0.000000s ]

[ 2017-06-27T17:46:23+08:00 ] 123.14.250.70 /tjshop/index.php/Home/Index/person.html
INFO: [ app_init ] --START--
INFO: Run Behavior\BuildLiteBehavior [ RunTime:0.000000s ]
INFO: [ app_init ] --END-- [ RunTime:0.000000s ]
INFO: [ app_begin ] --START--
INFO: Run Behavior\ReadHtmlCacheBehavior [ RunTime:0.000000s ]
INFO: [ app_begin ] --END-- [ RunTime:0.000000s ]
SQL: SHOW COLUMNS FROM `user` [ RunTime:0.0000s ]
SQL: SELECT * FROM `user` WHERE ( userid=29 ) LIMIT 1   [ RunTime:0.0000s ]
INFO: [ view_parse ] --START--
INFO: [ template_filter ] --START--
INFO: Run Behavior\ContentReplaceBehavior [ RunTime:0.000000s ]
INFO: [ template_filter ] --END-- [ RunTime:0.000000s ]
INFO: Run Behavior\ParseTemplateBehavior [ RunTime:0.012695s ]
INFO: [ view_parse ] --END-- [ RunTime:0.012695s ]
INFO: [ view_filter ] --START--
INFO: Run Behavior\WriteHtmlCacheBehavior [ RunTime:0.000000s ]
INFO: [ view_filter ] --END-- [ RunTime:0.000000s ]
INFO: [ app_end ] --START--
INFO: Run Behavior\ShowPageTraceBehavior [ RunTime:0.000977s ]
INFO: [ app_end ] --END-- [ RunTime:0.000977s ]

[ 2017-06-27T17:51:08+08:00 ] 110.75.242.97 /tjshop/index.php/Home/Alipay/orderRecord
INFO: [ app_init ] --START--
INFO: Run Behavior\BuildLiteBehavior [ RunTime:0.000000s ]
INFO: [ app_init ] --END-- [ RunTime:0.000000s ]
INFO: [ app_begin ] --START--
INFO: Run Behavior\ReadHtmlCacheBehavior [ RunTime:0.001953s ]
INFO: [ app_begin ] --END-- [ RunTime:0.001953s ]
NOTIC: [2] Missing argument 1 for I(), called in D:\phpStudy\WWW\tjshop\Application\Home\Controller\AlipayController.class.php on line 75 and defined D:\phpStudy\WWW\tjshop\ThinkPHP\Common\functions.php 第 271 行.
NOTIC: [8] Undefined variable: name D:\phpStudy\WWW\tjshop\ThinkPHP\Common\functions.php 第 273 行.
NOTIC: [8] Undefined variable: name D:\phpStudy\WWW\tjshop\ThinkPHP\Common\functions.php 第 278 行.
NOTIC: [8] Undefined variable: name D:\phpStudy\WWW\tjshop\ThinkPHP\Common\functions.php 第 339 行.

[ 2017-06-27T18:00:14+08:00 ] 110.75.242.162 /tjshop/index.php/Home/Alipay/orderRecord
INFO: [ app_init ] --START--
INFO: Run Behavior\BuildLiteBehavior [ RunTime:0.000977s ]
INFO: [ app_init ] --END-- [ RunTime:0.008789s ]
INFO: [ app_begin ] --START--
INFO: Run Behavior\ReadHtmlCacheBehavior [ RunTime:0.000000s ]
INFO: [ app_begin ] --END-- [ RunTime:0.000976s ]
NOTIC: [2] Missing argument 1 for I(), called in D:\phpStudy\WWW\tjshop\Application\Home\Controller\AlipayController.class.php on line 75 and defined D:\phpStudy\WWW\tjshop\ThinkPHP\Common\functions.php 第 271 行.
NOTIC: [8] Undefined variable: name D:\phpStudy\WWW\tjshop\ThinkPHP\Common\functions.php 第 273 行.
NOTIC: [8] Undefined variable: name D:\phpStudy\WWW\tjshop\ThinkPHP\Common\functions.php 第 278 行.
NOTIC: [8] Undefined variable: name D:\phpStudy\WWW\tjshop\ThinkPHP\Common\functions.php 第 339 行.

[ 2017-06-27T18:08:55+08:00 ] 110.75.242.179 /tjshop/index.php/Home/Alipay/orderRecord
INFO: [ app_init ] --START--
INFO: Run Behavior\BuildLiteBehavior [ RunTime:0.000000s ]
INFO: [ app_init ] --END-- [ RunTime:0.000000s ]
INFO: [ app_begin ] --START--
INFO: Run Behavior\ReadHtmlCacheBehavior [ RunTime:0.000000s ]
INFO: [ app_begin ] --END-- [ RunTime:0.000000s ]
NOTIC: [2] Missing argument 1 for I(), called in D:\phpStudy\WWW\tjshop\Application\Home\Controller\AlipayController.class.php on line 75 and defined D:\phpStudy\WWW\tjshop\ThinkPHP\Common\functions.php 第 271 行.
NOTIC: [8] Undefined variable: name D:\phpStudy\WWW\tjshop\ThinkPHP\Common\functions.php 第 273 行.
NOTIC: [8] Undefined variable: name D:\phpStudy\WWW\tjshop\ThinkPHP\Common\functions.php 第 278 行.
NOTIC: [8] Undefined variable: name D:\phpStudy\WWW\tjshop\ThinkPHP\Common\functions.php 第 339 行.

[ 2017-06-27T18:10:34+08:00 ] 110.75.242.71 /tjshop/index.php/Home/Alipay/orderRecord
INFO: [ app_init ] --START--
INFO: Run Behavior\BuildLiteBehavior [ RunTime:0.000000s ]
INFO: [ app_init ] --END-- [ RunTime:0.003906s ]
INFO: [ app_begin ] --START--
INFO: Run Behavior\ReadHtmlCacheBehavior [ RunTime:0.002930s ]
INFO: [ app_begin ] --END-- [ RunTime:0.002930s ]
NOTIC: [2] Missing argument 1 for I(), called in D:\phpStudy\WWW\tjshop\Application\Home\Controller\AlipayController.class.php on line 75 and defined D:\phpStudy\WWW\tjshop\ThinkPHP\Common\functions.php 第 271 行.
NOTIC: [8] Undefined variable: name D:\phpStudy\WWW\tjshop\ThinkPHP\Common\functions.php 第 273 行.
NOTIC: [8] Undefined variable: name D:\phpStudy\WWW\tjshop\ThinkPHP\Common\functions.php 第 278 行.
NOTIC: [8] Undefined variable: name D:\phpStudy\WWW\tjshop\ThinkPHP\Common\functions.php 第 339 行.

[ 2017-06-27T18:15:16+08:00 ] 110.75.242.89 /tjshop/index.php/Home/Alipay/orderRecord
INFO: [ app_init ] --START--
INFO: Run Behavior\BuildLiteBehavior [ RunTime:0.000000s ]
INFO: [ app_init ] --END-- [ RunTime:0.000000s ]
INFO: [ app_begin ] --START--
INFO: Run Behavior\ReadHtmlCacheBehavior [ RunTime:0.000000s ]
INFO: [ app_begin ] --END-- [ RunTime:0.000000s ]
NOTIC: [2] Missing argument 1 for I(), called in D:\phpStudy\WWW\tjshop\Application\Home\Controller\AlipayController.class.php on line 75 and defined D:\phpStudy\WWW\tjshop\ThinkPHP\Common\functions.php 第 271 行.
NOTIC: [8] Undefined variable: name D:\phpStudy\WWW\tjshop\ThinkPHP\Common\functions.php 第 273 行.
NOTIC: [8] Undefined variable: name D:\phpStudy\WWW\tjshop\ThinkPHP\Common\functions.php 第 278 行.
NOTIC: [8] Undefined variable: name D:\phpStudy\WWW\tjshop\ThinkPHP\Common\functions.php 第 339 行.

[ 2017-06-27T18:18:45+08:00 ] 110.75.242.210 /tjshop/index.php/Home/Alipay/orderRecord
INFO: [ app_init ] --START--
INFO: Run Behavior\BuildLiteBehavior [ RunTime:0.000000s ]
INFO: [ app_init ] --END-- [ RunTime:0.000000s ]
INFO: [ app_begin ] --START--
INFO: Run Behavior\ReadHtmlCacheBehavior [ RunTime:0.000976s ]
INFO: [ app_begin ] --END-- [ RunTime:0.000976s ]
NOTIC: [2] Missing argument 1 for I(), called in D:\phpStudy\WWW\tjshop\Application\Home\Controller\AlipayController.class.php on line 75 and defined D:\phpStudy\WWW\tjshop\ThinkPHP\Common\functions.php 第 271 行.
NOTIC: [8] Undefined variable: name D:\phpStudy\WWW\tjshop\ThinkPHP\Common\functions.php 第 273 行.
NOTIC: [8] Undefined variable: name D:\phpStudy\WWW\tjshop\ThinkPHP\Common\functions.php 第 278 行.
NOTIC: [8] Undefined variable: name D:\phpStudy\WWW\tjshop\ThinkPHP\Common\functions.php 第 339 行.

[ 2017-06-27T18:19:24+08:00 ] 110.75.242.32 /tjshop/index.php/Home/Alipay/orderRecord
INFO: [ app_init ] --START--
INFO: Run Behavior\BuildLiteBehavior [ RunTime:0.000000s ]
INFO: [ app_init ] --END-- [ RunTime:0.000000s ]
INFO: [ app_begin ] --START--
INFO: Run Behavior\ReadHtmlCacheBehavior [ RunTime:0.000000s ]
INFO: [ app_begin ] --END-- [ RunTime:0.000000s ]
NOTIC: [2] Missing argument 1 for I(), called in D:\phpStudy\WWW\tjshop\Application\Home\Controller\AlipayController.class.php on line 75 and defined D:\phpStudy\WWW\tjshop\ThinkPHP\Common\functions.php 第 271 行.
NOTIC: [8] Undefined variable: name D:\phpStudy\WWW\tjshop\ThinkPHP\Common\functions.php 第 273 行.
NOTIC: [8] Undefined variable: name D:\phpStudy\WWW\tjshop\ThinkPHP\Common\functions.php 第 278 行.
NOTIC: [8] Undefined variable: name D:\phpStudy\WWW\tjshop\ThinkPHP\Common\functions.php 第 339 行.

