[ 2017-07-02T07:12:17+08:00 ] 123.55.159.196 /tjshop/index.php
INFO: [ app_init ] --START--
INFO: Run Behavior\BuildLiteBehavior [ RunTime:0.000000s ]
INFO: [ app_init ] --END-- [ RunTime:0.001954s ]
INFO: [ app_begin ] --START--
INFO: Run Behavior\ReadHtmlCacheBehavior [ RunTime:0.001953s ]
INFO: [ app_begin ] --END-- [ RunTime:0.001953s ]
INFO: [ view_parse ] --START--
INFO: [ template_filter ] --START--
INFO: Run Behavior\ContentReplaceBehavior [ RunTime:0.000000s ]
INFO: [ template_filter ] --END-- [ RunTime:0.000000s ]
NOTIC: [8] Use of undefined constant Goods - assumed 'Goods' D:\phpStudy\WWW\tjshop\Application\Runtime\Cache\Home\aa538a209ecc2e6816784a7a5a940a4e.php 第 70 行.
NOTIC: [8] Use of undefined constant Notice - assumed 'Notice' D:\phpStudy\WWW\tjshop\Application\Runtime\Cache\Home\aa538a209ecc2e6816784a7a5a940a4e.php 第 79 行.
INFO: Run Behavior\ParseTemplateBehavior [ RunTime:0.055664s ]
INFO: [ view_parse ] --END-- [ RunTime:0.055664s ]
INFO: [ view_filter ] --START--
INFO: Run Behavior\WriteHtmlCacheBehavior [ RunTime:0.012696s ]
INFO: [ view_filter ] --END-- [ RunTime:0.012696s ]
INFO: [ app_end ] --START--
INFO: Run Behavior\ShowPageTraceBehavior [ RunTime:0.017578s ]
INFO: [ app_end ] --END-- [ RunTime:0.017578s ]

[ 2017-07-02T07:12:21+08:00 ] 123.55.159.196 /tjshop/index.php/Home/Index/subscribe/active/2.html
INFO: [ app_init ] --START--
INFO: Run Behavior\BuildLiteBehavior [ RunTime:0.000000s ]
INFO: [ app_init ] --END-- [ RunTime:0.000000s ]
INFO: [ app_begin ] --START--
INFO: Run Behavior\ReadHtmlCacheBehavior [ RunTime:0.000000s ]
INFO: [ app_begin ] --END-- [ RunTime:0.000000s ]
NOTIC: [8] Undefined index: user D:\phpStudy\WWW\tjshop\Application\Home\Controller\PublicController.class.php 第 11 行.

[ 2017-07-02T07:12:21+08:00 ] 123.55.159.196 /tjshop/index.php/Home/User/login.html
INFO: [ app_init ] --START--
INFO: Run Behavior\BuildLiteBehavior [ RunTime:0.000000s ]
INFO: [ app_init ] --END-- [ RunTime:0.000977s ]
INFO: [ app_begin ] --START--
INFO: Run Behavior\ReadHtmlCacheBehavior [ RunTime:0.000000s ]
INFO: [ app_begin ] --END-- [ RunTime:0.000000s ]
INFO: [ view_parse ] --START--
INFO: [ template_filter ] --START--
INFO: Run Behavior\ContentReplaceBehavior [ RunTime:0.000000s ]
INFO: [ template_filter ] --END-- [ RunTime:0.000000s ]
INFO: Run Behavior\ParseTemplateBehavior [ RunTime:0.025390s ]
INFO: [ view_parse ] --END-- [ RunTime:0.025390s ]
INFO: [ view_filter ] --START--
INFO: Run Behavior\WriteHtmlCacheBehavior [ RunTime:0.000000s ]
INFO: [ view_filter ] --END-- [ RunTime:0.000000s ]
INFO: [ app_end ] --START--
INFO: Run Behavior\ShowPageTraceBehavior [ RunTime:0.000000s ]
INFO: [ app_end ] --END-- [ RunTime:0.000000s ]

[ 2017-07-02T07:12:25+08:00 ] 101.226.33.237 /tjshop/index.php
INFO: [ app_init ] --START--
INFO: Run Behavior\BuildLiteBehavior [ RunTime:0.000000s ]
INFO: [ app_init ] --END-- [ RunTime:0.000000s ]
INFO: [ app_begin ] --START--
INFO: Run Behavior\ReadHtmlCacheBehavior [ RunTime:0.000000s ]
INFO: [ app_begin ] --END-- [ RunTime:0.000000s ]
INFO: [ view_parse ] --START--
INFO: [ template_filter ] --START--
INFO: Run Behavior\ContentReplaceBehavior [ RunTime:0.000000s ]
INFO: [ template_filter ] --END-- [ RunTime:0.000000s ]
NOTIC: [8] Use of undefined constant Goods - assumed 'Goods' D:\phpStudy\WWW\tjshop\Application\Runtime\Cache\Home\aa538a209ecc2e6816784a7a5a940a4e.php 第 70 行.
NOTIC: [8] Use of undefined constant Notice - assumed 'Notice' D:\phpStudy\WWW\tjshop\Application\Runtime\Cache\Home\aa538a209ecc2e6816784a7a5a940a4e.php 第 79 行.
INFO: Run Behavior\ParseTemplateBehavior [ RunTime:0.031250s ]
INFO: [ view_parse ] --END-- [ RunTime:0.031250s ]
INFO: [ view_filter ] --START--
INFO: Run Behavior\WriteHtmlCacheBehavior [ RunTime:0.000000s ]
INFO: [ view_filter ] --END-- [ RunTime:0.000000s ]
INFO: [ app_end ] --START--
INFO: Run Behavior\ShowPageTraceBehavior [ RunTime:0.000000s ]
INFO: [ app_end ] --END-- [ RunTime:0.000000s ]

[ 2017-07-02T07:12:28+08:00 ] 101.226.33.237 /tjshop/index.php
INFO: [ app_init ] --START--
INFO: Run Behavior\BuildLiteBehavior [ RunTime:0.000000s ]
INFO: [ app_init ] --END-- [ RunTime:0.000977s ]
INFO: [ app_begin ] --START--
INFO: Run Behavior\ReadHtmlCacheBehavior [ RunTime:0.000000s ]
INFO: [ app_begin ] --END-- [ RunTime:0.000000s ]
INFO: [ view_parse ] --START--
INFO: [ template_filter ] --START--
INFO: Run Behavior\ContentReplaceBehavior [ RunTime:0.000000s ]
INFO: [ template_filter ] --END-- [ RunTime:0.000000s ]
NOTIC: [8] Use of undefined constant Goods - assumed 'Goods' D:\phpStudy\WWW\tjshop\Application\Runtime\Cache\Home\aa538a209ecc2e6816784a7a5a940a4e.php 第 70 行.
NOTIC: [8] Use of undefined constant Notice - assumed 'Notice' D:\phpStudy\WWW\tjshop\Application\Runtime\Cache\Home\aa538a209ecc2e6816784a7a5a940a4e.php 第 79 行.
INFO: Run Behavior\ParseTemplateBehavior [ RunTime:0.017579s ]
INFO: [ view_parse ] --END-- [ RunTime:0.017579s ]
INFO: [ view_filter ] --START--
INFO: Run Behavior\WriteHtmlCacheBehavior [ RunTime:0.000000s ]
INFO: [ view_filter ] --END-- [ RunTime:0.000000s ]
INFO: [ app_end ] --START--
INFO: Run Behavior\ShowPageTraceBehavior [ RunTime:0.001953s ]
INFO: [ app_end ] --END-- [ RunTime:0.001953s ]

[ 2017-07-02T07:12:31+08:00 ] 101.226.66.179 /tjshop/index.php/Home/User/login.html
INFO: [ app_init ] --START--
INFO: Run Behavior\BuildLiteBehavior [ RunTime:0.000000s ]
INFO: [ app_init ] --END-- [ RunTime:0.000000s ]
INFO: [ app_begin ] --START--
INFO: Run Behavior\ReadHtmlCacheBehavior [ RunTime:0.000000s ]
INFO: [ app_begin ] --END-- [ RunTime:0.000000s ]
INFO: [ view_parse ] --START--
INFO: [ template_filter ] --START--
INFO: Run Behavior\ContentReplaceBehavior [ RunTime:0.000000s ]
INFO: [ template_filter ] --END-- [ RunTime:0.000000s ]
INFO: Run Behavior\ParseTemplateBehavior [ RunTime:0.005859s ]
INFO: [ view_parse ] --END-- [ RunTime:0.005859s ]
INFO: [ view_filter ] --START--
INFO: Run Behavior\WriteHtmlCacheBehavior [ RunTime:0.000000s ]
INFO: [ view_filter ] --END-- [ RunTime:0.000000s ]
INFO: [ app_end ] --START--
INFO: Run Behavior\ShowPageTraceBehavior [ RunTime:0.000000s ]
INFO: [ app_end ] --END-- [ RunTime:0.000000s ]

[ 2017-07-02T07:12:31+08:00 ] 101.226.33.202 /tjshop/index.php/Home/User/login.html
INFO: [ app_init ] --START--
INFO: Run Behavior\BuildLiteBehavior [ RunTime:0.000000s ]
INFO: [ app_init ] --END-- [ RunTime:0.005860s ]
INFO: [ app_begin ] --START--
INFO: Run Behavior\ReadHtmlCacheBehavior [ RunTime:0.000976s ]
INFO: [ app_begin ] --END-- [ RunTime:0.000976s ]
INFO: [ view_parse ] --START--
INFO: [ template_filter ] --START--
INFO: Run Behavior\ContentReplaceBehavior [ RunTime:0.000000s ]
INFO: [ template_filter ] --END-- [ RunTime:0.000000s ]
INFO: Run Behavior\ParseTemplateBehavior [ RunTime:0.027344s ]
INFO: [ view_parse ] --END-- [ RunTime:0.027344s ]
INFO: [ view_filter ] --START--
INFO: Run Behavior\WriteHtmlCacheBehavior [ RunTime:0.001953s ]
INFO: [ view_filter ] --END-- [ RunTime:0.001953s ]
INFO: [ app_end ] --START--
INFO: Run Behavior\ShowPageTraceBehavior [ RunTime:0.003907s ]
INFO: [ app_end ] --END-- [ RunTime:0.003907s ]

[ 2017-07-02T07:12:31+08:00 ] 101.226.89.121 /tjshop/index.php/Home/User/login.html
INFO: [ app_init ] --START--
INFO: Run Behavior\BuildLiteBehavior [ RunTime:0.000000s ]
INFO: [ app_init ] --END-- [ RunTime:0.001953s ]
INFO: [ app_begin ] --START--
INFO: Run Behavior\ReadHtmlCacheBehavior [ RunTime:0.000000s ]
INFO: [ app_begin ] --END-- [ RunTime:0.000000s ]
INFO: [ view_parse ] --START--
INFO: [ template_filter ] --START--
INFO: Run Behavior\ContentReplaceBehavior [ RunTime:0.000000s ]
INFO: [ template_filter ] --END-- [ RunTime:0.000000s ]
INFO: Run Behavior\ParseTemplateBehavior [ RunTime:0.011719s ]
INFO: [ view_parse ] --END-- [ RunTime:0.011719s ]
INFO: [ view_filter ] --START--
INFO: Run Behavior\WriteHtmlCacheBehavior [ RunTime:0.000000s ]
INFO: [ view_filter ] --END-- [ RunTime:0.000000s ]
INFO: [ app_end ] --START--
INFO: Run Behavior\ShowPageTraceBehavior [ RunTime:0.000000s ]
INFO: [ app_end ] --END-- [ RunTime:0.000000s ]

[ 2017-07-02T07:12:31+08:00 ] 101.226.66.187 /tjshop/index.php/Home/User/login.html
INFO: [ app_init ] --START--
INFO: Run Behavior\BuildLiteBehavior [ RunTime:0.000000s ]
INFO: [ app_init ] --END-- [ RunTime:0.000000s ]
INFO: [ app_begin ] --START--
INFO: Run Behavior\ReadHtmlCacheBehavior [ RunTime:0.000000s ]
INFO: [ app_begin ] --END-- [ RunTime:0.000000s ]
INFO: [ view_parse ] --START--
INFO: [ template_filter ] --START--
INFO: Run Behavior\ContentReplaceBehavior [ RunTime:0.000000s ]
INFO: [ template_filter ] --END-- [ RunTime:0.000000s ]
INFO: Run Behavior\ParseTemplateBehavior [ RunTime:0.034180s ]
INFO: [ view_parse ] --END-- [ RunTime:0.034180s ]
INFO: [ view_filter ] --START--
INFO: Run Behavior\WriteHtmlCacheBehavior [ RunTime:0.000000s ]
INFO: [ view_filter ] --END-- [ RunTime:0.000000s ]
INFO: [ app_end ] --START--
INFO: Run Behavior\ShowPageTraceBehavior [ RunTime:0.002929s ]
INFO: [ app_end ] --END-- [ RunTime:0.002929s ]

[ 2017-07-02T07:12:33+08:00 ] 61.151.226.191 /tjshop/index.php/Home/User/login.html
INFO: [ app_init ] --START--
INFO: Run Behavior\BuildLiteBehavior [ RunTime:0.000000s ]
INFO: [ app_init ] --END-- [ RunTime:0.000000s ]
INFO: [ app_begin ] --START--
INFO: Run Behavior\ReadHtmlCacheBehavior [ RunTime:0.000000s ]
INFO: [ app_begin ] --END-- [ RunTime:0.000000s ]
INFO: [ view_parse ] --START--
INFO: [ template_filter ] --START--
INFO: Run Behavior\ContentReplaceBehavior [ RunTime:0.000000s ]
INFO: [ template_filter ] --END-- [ RunTime:0.000000s ]
INFO: Run Behavior\ParseTemplateBehavior [ RunTime:0.005860s ]
INFO: [ view_parse ] --END-- [ RunTime:0.006836s ]
INFO: [ view_filter ] --START--
INFO: Run Behavior\WriteHtmlCacheBehavior [ RunTime:0.000000s ]
INFO: [ view_filter ] --END-- [ RunTime:0.000000s ]
INFO: [ app_end ] --START--
INFO: Run Behavior\ShowPageTraceBehavior [ RunTime:0.000000s ]
INFO: [ app_end ] --END-- [ RunTime:0.000000s ]

[ 2017-07-02T07:12:36+08:00 ] 123.55.159.196 /tjshop/index.php/Home/User/login.html
INFO: [ app_init ] --START--
INFO: Run Behavior\BuildLiteBehavior [ RunTime:0.000000s ]
INFO: [ app_init ] --END-- [ RunTime:0.000000s ]
INFO: [ app_begin ] --START--
INFO: Run Behavior\ReadHtmlCacheBehavior [ RunTime:0.023438s ]
INFO: [ app_begin ] --END-- [ RunTime:0.023438s ]
SQL: SHOW COLUMNS FROM `user` [ RunTime:0.0020s ]
SQL: SELECT * FROM `user` WHERE `usercode` = '13071009956' AND `password` = 'd1f289502970abdc9f62008a9c6e4916' LIMIT 1   [ RunTime:0.0010s ]
INFO: [ view_parse ] --START--
INFO: [ template_filter ] --START--
INFO: Run Behavior\ContentReplaceBehavior [ RunTime:0.000000s ]
INFO: [ template_filter ] --END-- [ RunTime:0.000000s ]
INFO: Run Behavior\ParseTemplateBehavior [ RunTime:0.003906s ]
INFO: [ view_parse ] --END-- [ RunTime:0.003906s ]
INFO: [ view_filter ] --START--
INFO: Run Behavior\WriteHtmlCacheBehavior [ RunTime:0.000000s ]
INFO: [ view_filter ] --END-- [ RunTime:0.000000s ]
INFO: [ app_end ] --START--
INFO: Run Behavior\ShowPageTraceBehavior [ RunTime:0.000000s ]
INFO: [ app_end ] --END-- [ RunTime:0.000000s ]

[ 2017-07-02T07:14:11+08:00 ] 123.55.159.196 /tjshop/index.php/Home/User/register/usercode/13213221466
INFO: [ app_init ] --START--
INFO: Run Behavior\BuildLiteBehavior [ RunTime:0.000000s ]
INFO: [ app_init ] --END-- [ RunTime:0.000000s ]
INFO: [ app_begin ] --START--
INFO: Run Behavior\ReadHtmlCacheBehavior [ RunTime:0.000000s ]
INFO: [ app_begin ] --END-- [ RunTime:0.000000s ]
INFO: [ view_parse ] --START--
INFO: [ template_filter ] --START--
INFO: Run Behavior\ContentReplaceBehavior [ RunTime:0.003907s ]
INFO: [ template_filter ] --END-- [ RunTime:0.009766s ]
INFO: Run Behavior\ParseTemplateBehavior [ RunTime:0.074219s ]
INFO: [ view_parse ] --END-- [ RunTime:0.074219s ]
INFO: [ view_filter ] --START--
INFO: Run Behavior\WriteHtmlCacheBehavior [ RunTime:0.000000s ]
INFO: [ view_filter ] --END-- [ RunTime:0.000000s ]
INFO: [ app_end ] --START--
INFO: Run Behavior\ShowPageTraceBehavior [ RunTime:0.000000s ]
INFO: [ app_end ] --END-- [ RunTime:0.000000s ]

[ 2017-07-02T07:14:18+08:00 ] 123.55.159.196 /tjshop/index.php/Home/User/register.html?tel=13071009956
INFO: [ app_init ] --START--
INFO: Run Behavior\BuildLiteBehavior [ RunTime:0.000000s ]
INFO: [ app_init ] --END-- [ RunTime:0.000000s ]
INFO: [ app_begin ] --START--
INFO: Run Behavior\ReadHtmlCacheBehavior [ RunTime:0.000000s ]
INFO: [ app_begin ] --END-- [ RunTime:0.000000s ]
NOTIC: [8] Undefined index: usercode D:\phpStudy\WWW\tjshop\Application\Home\Controller\UserController.class.php 第 124 行.
INFO: [ view_parse ] --START--
INFO: [ template_filter ] --START--
INFO: Run Behavior\ContentReplaceBehavior [ RunTime:0.000000s ]
INFO: [ template_filter ] --END-- [ RunTime:0.000000s ]
INFO: Run Behavior\ParseTemplateBehavior [ RunTime:0.031250s ]
INFO: [ view_parse ] --END-- [ RunTime:0.031250s ]
INFO: [ view_filter ] --START--
INFO: Run Behavior\WriteHtmlCacheBehavior [ RunTime:0.000000s ]
INFO: [ view_filter ] --END-- [ RunTime:0.000000s ]
INFO: [ app_end ] --START--
INFO: Run Behavior\ShowPageTraceBehavior [ RunTime:0.004883s ]
INFO: [ app_end ] --END-- [ RunTime:0.005859s ]

[ 2017-07-02T07:14:20+08:00 ] 61.151.226.191 /tjshop/index.php/Home/User/register/usercode/13213221466
INFO: [ app_init ] --START--
INFO: Run Behavior\BuildLiteBehavior [ RunTime:0.000000s ]
INFO: [ app_init ] --END-- [ RunTime:0.000000s ]
INFO: [ app_begin ] --START--
INFO: Run Behavior\ReadHtmlCacheBehavior [ RunTime:0.000000s ]
INFO: [ app_begin ] --END-- [ RunTime:0.000000s ]
INFO: [ view_parse ] --START--
INFO: [ template_filter ] --START--
INFO: Run Behavior\ContentReplaceBehavior [ RunTime:0.000000s ]
INFO: [ template_filter ] --END-- [ RunTime:0.000000s ]
INFO: Run Behavior\ParseTemplateBehavior [ RunTime:0.000000s ]
INFO: [ view_parse ] --END-- [ RunTime:0.000000s ]
INFO: [ view_filter ] --START--
INFO: Run Behavior\WriteHtmlCacheBehavior [ RunTime:0.000000s ]
INFO: [ view_filter ] --END-- [ RunTime:0.000000s ]
INFO: [ app_end ] --START--
INFO: Run Behavior\ShowPageTraceBehavior [ RunTime:0.000000s ]
INFO: [ app_end ] --END-- [ RunTime:0.000000s ]

[ 2017-07-02T07:14:22+08:00 ] 101.226.33.221 /tjshop/index.php/Home/User/register/usercode/13213221466
INFO: [ app_init ] --START--
INFO: Run Behavior\BuildLiteBehavior [ RunTime:0.000000s ]
INFO: [ app_init ] --END-- [ RunTime:0.000000s ]
INFO: [ app_begin ] --START--
INFO: Run Behavior\ReadHtmlCacheBehavior [ RunTime:0.000000s ]
INFO: [ app_begin ] --END-- [ RunTime:0.000000s ]
INFO: [ view_parse ] --START--
INFO: [ template_filter ] --START--
INFO: Run Behavior\ContentReplaceBehavior [ RunTime:0.000000s ]
INFO: [ template_filter ] --END-- [ RunTime:0.000977s ]
INFO: Run Behavior\ParseTemplateBehavior [ RunTime:0.005859s ]
INFO: [ view_parse ] --END-- [ RunTime:0.005859s ]
INFO: [ view_filter ] --START--
INFO: Run Behavior\WriteHtmlCacheBehavior [ RunTime:0.000000s ]
INFO: [ view_filter ] --END-- [ RunTime:0.000000s ]
INFO: [ app_end ] --START--
INFO: Run Behavior\ShowPageTraceBehavior [ RunTime:0.000000s ]
INFO: [ app_end ] --END-- [ RunTime:0.000000s ]

[ 2017-07-02T07:14:33+08:00 ] 123.55.159.196 /tjshop/index.php/Home/User/sms.html
INFO: [ app_init ] --START--
INFO: Run Behavior\BuildLiteBehavior [ RunTime:0.000000s ]
INFO: [ app_init ] --END-- [ RunTime:0.001953s ]
INFO: [ app_begin ] --START--
INFO: Run Behavior\ReadHtmlCacheBehavior [ RunTime:0.000977s ]
INFO: [ app_begin ] --END-- [ RunTime:0.000977s ]
NOTIC: [2] include(D:\phpStudy\WWW\tjshop\Logs\info\20170702.log.php): failed to open stream: No such file or directory D:\phpStudy\WWW\tjshop\Application\Common\Common\function.php 第 40 行.
NOTIC: [2] include(): Failed opening 'D:\phpStudy\WWW\tjshop\Logs\info\20170702.log.php' for inclusion (include_path='.;C:\php\pear') D:\phpStudy\WWW\tjshop\Application\Common\Common\function.php 第 40 行.
SQL: SHOW COLUMNS FROM `user` [ RunTime:0.0000s ]
SQL: SELECT * FROM `user` WHERE `usercode` = '13071009956' LIMIT 1   [ RunTime:0.0000s ]
SQL: SHOW COLUMNS FROM `phoneverify` [ RunTime:0.0254s ]
SQL: SELECT * FROM `phoneverify` WHERE `photono` = '13071009956' LIMIT 1   [ RunTime:0.0127s ]
SQL: UPDATE `phoneverify` SET `verifycode`='890587' WHERE `photono` = '13071009956' [ RunTime:0.0068s ]

[ 2017-07-02T07:14:43+08:00 ] 123.55.159.196 /tjshop/index.php/Home/User/register/usercode/13213221466
INFO: [ app_init ] --START--
INFO: Run Behavior\BuildLiteBehavior [ RunTime:0.000000s ]
INFO: [ app_init ] --END-- [ RunTime:0.000000s ]
INFO: [ app_begin ] --START--
INFO: Run Behavior\ReadHtmlCacheBehavior [ RunTime:0.000000s ]
INFO: [ app_begin ] --END-- [ RunTime:0.000000s ]
SQL: SHOW COLUMNS FROM `user` [ RunTime:0.0107s ]
SQL: SELECT `usercode` FROM `user` WHERE `usercode` = '13071009956' LIMIT 1   [ RunTime:0.0029s ]
SQL: SHOW COLUMNS FROM `phoneverify` [ RunTime:0.0020s ]
SQL: SELECT * FROM `phoneverify` WHERE ( photono=13071009956 ) LIMIT 1   [ RunTime:0.0020s ]
SQL: SELECT * FROM `phoneverify` WHERE ( photono=13071009956 ) LIMIT 1   [ RunTime:0.0010s ]
SQL: SELECT * FROM `user` WHERE `usercode` = '13213221466' LIMIT 1   [ RunTime:0.0000s ]
SQL: INSERT INTO `user` (`referrerid`,`upuserid`,`lev`,`usercode`,`password`,`qrcode`,`usernature`,`isadmin`) VALUES ('44','1,44','2','13071009956','d1f289502970abdc9f62008a9c6e4916','qrcode13071009956','0','0') [ RunTime:0.0166s ]

[ 2017-07-02T07:14:43+08:00 ] 123.55.159.196 /tjshop/index.php/Home/User/login.html
INFO: [ app_init ] --START--
INFO: Run Behavior\BuildLiteBehavior [ RunTime:0.000000s ]
INFO: [ app_init ] --END-- [ RunTime:0.000000s ]
INFO: [ app_begin ] --START--
INFO: Run Behavior\ReadHtmlCacheBehavior [ RunTime:0.000000s ]
INFO: [ app_begin ] --END-- [ RunTime:0.000000s ]
INFO: [ view_parse ] --START--
INFO: [ template_filter ] --START--
INFO: Run Behavior\ContentReplaceBehavior [ RunTime:0.000000s ]
INFO: [ template_filter ] --END-- [ RunTime:0.000000s ]
INFO: Run Behavior\ParseTemplateBehavior [ RunTime:0.006836s ]
INFO: [ view_parse ] --END-- [ RunTime:0.006836s ]
INFO: [ view_filter ] --START--
INFO: Run Behavior\WriteHtmlCacheBehavior [ RunTime:0.000000s ]
INFO: [ view_filter ] --END-- [ RunTime:0.000000s ]
INFO: [ app_end ] --START--
INFO: Run Behavior\ShowPageTraceBehavior [ RunTime:0.002930s ]
INFO: [ app_end ] --END-- [ RunTime:0.002930s ]

[ 2017-07-02T07:14:55+08:00 ] 123.55.159.196 /tjshop/index.php/Home/User/login.html
INFO: [ app_init ] --START--
INFO: Run Behavior\BuildLiteBehavior [ RunTime:0.000000s ]
INFO: [ app_init ] --END-- [ RunTime:0.000000s ]
INFO: [ app_begin ] --START--
INFO: Run Behavior\ReadHtmlCacheBehavior [ RunTime:0.000000s ]
INFO: [ app_begin ] --END-- [ RunTime:0.000000s ]
SQL: SHOW COLUMNS FROM `user` [ RunTime:0.0000s ]
SQL: SELECT * FROM `user` WHERE `usercode` = '13071009956' AND `password` = 'd1f289502970abdc9f62008a9c6e4916' LIMIT 1   [ RunTime:0.0010s ]
SQL: UPDATE `user` SET `logintime`='2017-07-02 07:14:55' WHERE ( usercode = 13071009956 ) [ RunTime:0.0225s ]

[ 2017-07-02T07:14:55+08:00 ] 123.55.159.196 /tjshop/index.php/Home/User/riskwarning.html
INFO: [ app_init ] --START--
INFO: Run Behavior\BuildLiteBehavior [ RunTime:0.000000s ]
INFO: [ app_init ] --END-- [ RunTime:0.000000s ]
INFO: [ app_begin ] --START--
INFO: Run Behavior\ReadHtmlCacheBehavior [ RunTime:0.003906s ]
INFO: [ app_begin ] --END-- [ RunTime:0.003906s ]
INFO: [ view_parse ] --START--
INFO: [ template_filter ] --START--
INFO: Run Behavior\ContentReplaceBehavior [ RunTime:0.000000s ]
INFO: [ template_filter ] --END-- [ RunTime:0.000000s ]
INFO: Run Behavior\ParseTemplateBehavior [ RunTime:0.039063s ]
INFO: [ view_parse ] --END-- [ RunTime:0.039063s ]
INFO: [ view_filter ] --START--
INFO: Run Behavior\WriteHtmlCacheBehavior [ RunTime:0.000000s ]
INFO: [ view_filter ] --END-- [ RunTime:0.000000s ]
INFO: [ app_end ] --START--
INFO: Run Behavior\ShowPageTraceBehavior [ RunTime:0.000000s ]
INFO: [ app_end ] --END-- [ RunTime:0.000000s ]

[ 2017-07-02T07:15:05+08:00 ] 112.65.193.15 /tjshop/index.php/Home/User/riskwarning.html
INFO: [ app_init ] --START--
INFO: Run Behavior\BuildLiteBehavior [ RunTime:0.000000s ]
INFO: [ app_init ] --END-- [ RunTime:0.000000s ]
INFO: [ app_begin ] --START--
INFO: Run Behavior\ReadHtmlCacheBehavior [ RunTime:0.000000s ]
INFO: [ app_begin ] --END-- [ RunTime:0.000000s ]
INFO: [ view_parse ] --START--
INFO: [ template_filter ] --START--
INFO: Run Behavior\ContentReplaceBehavior [ RunTime:0.000000s ]
INFO: [ template_filter ] --END-- [ RunTime:0.000000s ]
INFO: Run Behavior\ParseTemplateBehavior [ RunTime:0.000000s ]
INFO: [ view_parse ] --END-- [ RunTime:0.000000s ]
INFO: [ view_filter ] --START--
INFO: Run Behavior\WriteHtmlCacheBehavior [ RunTime:0.000000s ]
INFO: [ view_filter ] --END-- [ RunTime:0.001953s ]
INFO: [ app_end ] --START--
INFO: Run Behavior\ShowPageTraceBehavior [ RunTime:0.002930s ]
INFO: [ app_end ] --END-- [ RunTime:0.002930s ]

[ 2017-07-02T07:15:29+08:00 ] 123.55.159.196 /tjshop/index.php/Home/Index/index/type/1.html
INFO: [ app_init ] --START--
INFO: Run Behavior\BuildLiteBehavior [ RunTime:0.000000s ]
INFO: [ app_init ] --END-- [ RunTime:0.016602s ]
INFO: [ app_begin ] --START--
INFO: Run Behavior\ReadHtmlCacheBehavior [ RunTime:0.000000s ]
INFO: [ app_begin ] --END-- [ RunTime:0.000000s ]
SQL: SHOW COLUMNS FROM `user` [ RunTime:0.0098s ]
SQL: UPDATE `user` SET `isrisk`='1' WHERE `userid` = 54 [ RunTime:0.0117s ]
SQL: SHOW COLUMNS FROM `ttproduct` [ RunTime:0.0176s ]
SQL: SELECT * FROM `ttproduct` WHERE ( producttype=0 )  [ RunTime:0.0000s ]
NOTIC: [8] Undefined offset: 1 D:\phpStudy\WWW\tjshop\Application\Home\Controller\IndexController.class.php 第 27 行.
NOTIC: [8] Undefined offset: 2 D:\phpStudy\WWW\tjshop\Application\Home\Controller\IndexController.class.php 第 27 行.
NOTIC: [8] Undefined variable: rose1 D:\phpStudy\WWW\tjshop\Application\Home\Controller\IndexController.class.php 第 50 行.
NOTIC: [8] Undefined variable: rose2 D:\phpStudy\WWW\tjshop\Application\Home\Controller\IndexController.class.php 第 51 行.
INFO: [ view_parse ] --START--
INFO: [ template_filter ] --START--
INFO: Run Behavior\ContentReplaceBehavior [ RunTime:0.004883s ]
INFO: [ template_filter ] --END-- [ RunTime:0.004883s ]
NOTIC: [8] Undefined offset: 1 D:\phpStudy\WWW\tjshop\Application\Runtime\Cache\Home\2a94b8bda04ff446dcedd42276fc99ee.php 第 42 行.
NOTIC: [8] Undefined offset: 1 D:\phpStudy\WWW\tjshop\Application\Runtime\Cache\Home\2a94b8bda04ff446dcedd42276fc99ee.php 第 44 行.
NOTIC: [8] Undefined offset: 1 D:\phpStudy\WWW\tjshop\Application\Runtime\Cache\Home\2a94b8bda04ff446dcedd42276fc99ee.php 第 45 行.
NOTIC: [8] Undefined offset: 1 D:\phpStudy\WWW\tjshop\Application\Runtime\Cache\Home\2a94b8bda04ff446dcedd42276fc99ee.php 第 47 行.
NOTIC: [8] Undefined offset: 2 D:\phpStudy\WWW\tjshop\Application\Runtime\Cache\Home\2a94b8bda04ff446dcedd42276fc99ee.php 第 54 行.
NOTIC: [8] Undefined offset: 2 D:\phpStudy\WWW\tjshop\Application\Runtime\Cache\Home\2a94b8bda04ff446dcedd42276fc99ee.php 第 56 行.
NOTIC: [8] Undefined offset: 2 D:\phpStudy\WWW\tjshop\Application\Runtime\Cache\Home\2a94b8bda04ff446dcedd42276fc99ee.php 第 57 行.
NOTIC: [8] Undefined offset: 2 D:\phpStudy\WWW\tjshop\Application\Runtime\Cache\Home\2a94b8bda04ff446dcedd42276fc99ee.php 第 59 行.
NOTIC: [8] Use of undefined constant Goods - assumed 'Goods' D:\phpStudy\WWW\tjshop\Application\Runtime\Cache\Home\2a94b8bda04ff446dcedd42276fc99ee.php 第 85 行.
NOTIC: [8] Use of undefined constant Notice - assumed 'Notice' D:\phpStudy\WWW\tjshop\Application\Runtime\Cache\Home\2a94b8bda04ff446dcedd42276fc99ee.php 第 94 行.
INFO: Run Behavior\ParseTemplateBehavior [ RunTime:0.017578s ]
INFO: [ view_parse ] --END-- [ RunTime:0.017578s ]
INFO: [ view_filter ] --START--
INFO: Run Behavior\WriteHtmlCacheBehavior [ RunTime:0.000000s ]
INFO: [ view_filter ] --END-- [ RunTime:0.000000s ]
INFO: [ app_end ] --START--
INFO: Run Behavior\ShowPageTraceBehavior [ RunTime:0.004883s ]
INFO: [ app_end ] --END-- [ RunTime:0.004883s ]

[ 2017-07-02T07:15:39+08:00 ] 123.55.159.196 /tjshop/index.php/Home/Index/person/active/5.html
INFO: [ app_init ] --START--
INFO: Run Behavior\BuildLiteBehavior [ RunTime:0.000000s ]
INFO: [ app_init ] --END-- [ RunTime:0.000000s ]
INFO: [ app_begin ] --START--
INFO: Run Behavior\ReadHtmlCacheBehavior [ RunTime:0.000000s ]
INFO: [ app_begin ] --END-- [ RunTime:0.000000s ]
SQL: SHOW COLUMNS FROM `user` [ RunTime:0.0078s ]
SQL: SELECT * FROM `user` WHERE ( userid=54 ) LIMIT 1   [ RunTime:0.0020s ]
INFO: [ view_parse ] --START--
INFO: [ template_filter ] --START--
INFO: Run Behavior\ContentReplaceBehavior [ RunTime:0.000000s ]
INFO: [ template_filter ] --END-- [ RunTime:0.000000s ]
NOTIC: [8] Use of undefined constant Goods - assumed 'Goods' D:\phpStudy\WWW\tjshop\Application\Runtime\Cache\Home\8571270d6619e5b554873f4047466c88.php 第 146 行.
NOTIC: [8] Use of undefined constant Notice - assumed 'Notice' D:\phpStudy\WWW\tjshop\Application\Runtime\Cache\Home\8571270d6619e5b554873f4047466c88.php 第 155 行.
INFO: Run Behavior\ParseTemplateBehavior [ RunTime:0.029297s ]
INFO: [ view_parse ] --END-- [ RunTime:0.030274s ]
INFO: [ view_filter ] --START--
INFO: Run Behavior\WriteHtmlCacheBehavior [ RunTime:0.000000s ]
INFO: [ view_filter ] --END-- [ RunTime:0.000000s ]
INFO: [ app_end ] --START--
INFO: Run Behavior\ShowPageTraceBehavior [ RunTime:0.000000s ]
INFO: [ app_end ] --END-- [ RunTime:0.000000s ]

[ 2017-07-02T07:15:43+08:00 ] 123.55.159.196 /tjshop/index.php/Home/Deal/rechargeT.html
INFO: [ app_init ] --START--
INFO: Run Behavior\BuildLiteBehavior [ RunTime:0.000000s ]
INFO: [ app_init ] --END-- [ RunTime:0.000000s ]
INFO: [ app_begin ] --START--
INFO: Run Behavior\ReadHtmlCacheBehavior [ RunTime:0.000000s ]
INFO: [ app_begin ] --END-- [ RunTime:0.000000s ]
INFO: [ view_parse ] --START--
INFO: [ template_filter ] --START--
INFO: Run Behavior\ContentReplaceBehavior [ RunTime:0.000000s ]
INFO: [ template_filter ] --END-- [ RunTime:0.000000s ]
INFO: Run Behavior\ParseTemplateBehavior [ RunTime:0.016602s ]
INFO: [ view_parse ] --END-- [ RunTime:0.016602s ]
INFO: [ view_filter ] --START--
INFO: Run Behavior\WriteHtmlCacheBehavior [ RunTime:0.000000s ]
INFO: [ view_filter ] --END-- [ RunTime:0.000000s ]
INFO: [ app_end ] --START--
INFO: Run Behavior\ShowPageTraceBehavior [ RunTime:0.000000s ]
INFO: [ app_end ] --END-- [ RunTime:0.002929s ]

[ 2017-07-02T07:15:53+08:00 ] 101.226.89.122 /tjshop/index.php/Home/Deal/rechargeT.html
INFO: [ app_init ] --START--
INFO: Run Behavior\BuildLiteBehavior [ RunTime:0.000000s ]
INFO: [ app_init ] --END-- [ RunTime:0.000000s ]
INFO: [ app_begin ] --START--
INFO: Run Behavior\ReadHtmlCacheBehavior [ RunTime:0.000000s ]
INFO: [ app_begin ] --END-- [ RunTime:0.000000s ]
NOTIC: [8] Undefined index: user D:\phpStudy\WWW\tjshop\Application\Home\Controller\PublicController.class.php 第 11 行.

[ 2017-07-02T07:15:53+08:00 ] 101.226.89.122 /tjshop/index.php/Home/User/login.html
INFO: [ app_init ] --START--
INFO: Run Behavior\BuildLiteBehavior [ RunTime:0.000000s ]
INFO: [ app_init ] --END-- [ RunTime:0.000000s ]
INFO: [ app_begin ] --START--
INFO: Run Behavior\ReadHtmlCacheBehavior [ RunTime:0.000000s ]
INFO: [ app_begin ] --END-- [ RunTime:0.000000s ]
INFO: [ view_parse ] --START--
INFO: [ template_filter ] --START--
INFO: Run Behavior\ContentReplaceBehavior [ RunTime:0.000000s ]
INFO: [ template_filter ] --END-- [ RunTime:0.000000s ]
INFO: Run Behavior\ParseTemplateBehavior [ RunTime:0.044922s ]
INFO: [ view_parse ] --END-- [ RunTime:0.044922s ]
INFO: [ view_filter ] --START--
INFO: Run Behavior\WriteHtmlCacheBehavior [ RunTime:0.001953s ]
INFO: [ view_filter ] --END-- [ RunTime:0.002930s ]
INFO: [ app_end ] --START--
INFO: Run Behavior\ShowPageTraceBehavior [ RunTime:0.003906s ]
INFO: [ app_end ] --END-- [ RunTime:0.003906s ]

[ 2017-07-02T07:15:53+08:00 ] 123.55.159.196 /tjshop/index.php/Home/Alipay/order.html
INFO: [ app_init ] --START--
INFO: Run Behavior\BuildLiteBehavior [ RunTime:0.000000s ]
INFO: [ app_init ] --END-- [ RunTime:0.000000s ]
INFO: [ app_begin ] --START--
INFO: Run Behavior\ReadHtmlCacheBehavior [ RunTime:0.000000s ]
INFO: [ app_begin ] --END-- [ RunTime:0.000000s ]

[ 2017-07-02T07:15:55+08:00 ] 61.151.226.202 /tjshop/index.php/Home/Deal/rechargeT.html
INFO: [ app_init ] --START--
INFO: Run Behavior\BuildLiteBehavior [ RunTime:0.000000s ]
INFO: [ app_init ] --END-- [ RunTime:0.000000s ]
INFO: [ app_begin ] --START--
INFO: Run Behavior\ReadHtmlCacheBehavior [ RunTime:0.000000s ]
INFO: [ app_begin ] --END-- [ RunTime:0.000000s ]
NOTIC: [8] Undefined index: user D:\phpStudy\WWW\tjshop\Application\Home\Controller\PublicController.class.php 第 11 行.

[ 2017-07-02T07:15:55+08:00 ] 61.151.226.202 /tjshop/index.php/Home/User/login.html
INFO: [ app_init ] --START--
INFO: Run Behavior\BuildLiteBehavior [ RunTime:0.000000s ]
INFO: [ app_init ] --END-- [ RunTime:0.000000s ]
INFO: [ app_begin ] --START--
INFO: Run Behavior\ReadHtmlCacheBehavior [ RunTime:0.000000s ]
INFO: [ app_begin ] --END-- [ RunTime:0.000000s ]
INFO: [ view_parse ] --START--
INFO: [ template_filter ] --START--
INFO: Run Behavior\ContentReplaceBehavior [ RunTime:0.000000s ]
INFO: [ template_filter ] --END-- [ RunTime:0.000000s ]
INFO: Run Behavior\ParseTemplateBehavior [ RunTime:0.017578s ]
INFO: [ view_parse ] --END-- [ RunTime:0.017578s ]
INFO: [ view_filter ] --START--
INFO: Run Behavior\WriteHtmlCacheBehavior [ RunTime:0.000976s ]
INFO: [ view_filter ] --END-- [ RunTime:0.000976s ]
INFO: [ app_end ] --START--
INFO: Run Behavior\ShowPageTraceBehavior [ RunTime:0.000977s ]
INFO: [ app_end ] --END-- [ RunTime:0.000977s ]

[ 2017-07-02T07:15:56+08:00 ] 123.55.159.196 /tjshop/index.php/Home/Deal/rechargeT.html
INFO: [ app_init ] --START--
INFO: Run Behavior\BuildLiteBehavior [ RunTime:0.000000s ]
INFO: [ app_init ] --END-- [ RunTime:0.000976s ]
INFO: [ app_begin ] --START--
INFO: Run Behavior\ReadHtmlCacheBehavior [ RunTime:0.000000s ]
INFO: [ app_begin ] --END-- [ RunTime:0.000000s ]
INFO: [ view_parse ] --START--
INFO: [ template_filter ] --START--
INFO: Run Behavior\ContentReplaceBehavior [ RunTime:0.000000s ]
INFO: [ template_filter ] --END-- [ RunTime:0.000000s ]
INFO: Run Behavior\ParseTemplateBehavior [ RunTime:0.012696s ]
INFO: [ view_parse ] --END-- [ RunTime:0.012696s ]
INFO: [ view_filter ] --START--
INFO: Run Behavior\WriteHtmlCacheBehavior [ RunTime:0.000000s ]
INFO: [ view_filter ] --END-- [ RunTime:0.000000s ]
INFO: [ app_end ] --START--
INFO: Run Behavior\ShowPageTraceBehavior [ RunTime:0.000000s ]
INFO: [ app_end ] --END-- [ RunTime:0.000976s ]

[ 2017-07-02T07:16:02+08:00 ] 123.55.159.196 /tjshop/index.php/Home/Alipay/order.html
INFO: [ app_init ] --START--
INFO: Run Behavior\BuildLiteBehavior [ RunTime:0.000000s ]
INFO: [ app_init ] --END-- [ RunTime:0.000000s ]
INFO: [ app_begin ] --START--
INFO: Run Behavior\ReadHtmlCacheBehavior [ RunTime:0.000000s ]
INFO: [ app_begin ] --END-- [ RunTime:0.000000s ]
SQL: SHOW COLUMNS FROM `costrecord` [ RunTime:0.0938s ]
SQL: INSERT INTO `costrecord` (`userid`,`dealtype`,`orderno`,`money`,`topuptype`,`topupstatus`) VALUES ('54','1','14989509620275134','100','1','0') [ RunTime:0.0127s ]
INFO: [ app_end ] --START--
INFO: Run Behavior\ShowPageTraceBehavior [ RunTime:0.000000s ]
INFO: [ app_end ] --END-- [ RunTime:0.000000s ]

[ 2017-07-02T07:16:03+08:00 ] 101.226.125.103 /tjshop/index.php/Home/Alipay/order.html
INFO: [ app_init ] --START--
INFO: Run Behavior\BuildLiteBehavior [ RunTime:0.000000s ]
INFO: [ app_init ] --END-- [ RunTime:0.000000s ]
INFO: [ app_begin ] --START--
INFO: Run Behavior\ReadHtmlCacheBehavior [ RunTime:0.000000s ]
INFO: [ app_begin ] --END-- [ RunTime:0.000000s ]

[ 2017-07-02T07:16:11+08:00 ] 123.55.159.196 /tjshop/index.php/Home/Deal/recharge.html
INFO: [ app_init ] --START--
INFO: Run Behavior\BuildLiteBehavior [ RunTime:0.000000s ]
INFO: [ app_init ] --END-- [ RunTime:0.000000s ]
INFO: [ app_begin ] --START--
INFO: Run Behavior\ReadHtmlCacheBehavior [ RunTime:0.000000s ]
INFO: [ app_begin ] --END-- [ RunTime:0.000000s ]
ERR: 非法操作:recharge

[ 2017-07-02T07:16:15+08:00 ] 123.55.159.196 /tjshop/index.php/Home/Alipay/order.html
INFO: [ app_init ] --START--
INFO: Run Behavior\BuildLiteBehavior [ RunTime:0.000000s ]
INFO: [ app_init ] --END-- [ RunTime:0.000000s ]
INFO: [ app_begin ] --START--
INFO: Run Behavior\ReadHtmlCacheBehavior [ RunTime:0.000000s ]
INFO: [ app_begin ] --END-- [ RunTime:0.000000s ]

[ 2017-07-02T07:16:22+08:00 ] 123.55.159.196 /tjshop/index.php/Home/Index/shengou.html
INFO: [ app_init ] --START--
INFO: Run Behavior\BuildLiteBehavior [ RunTime:0.000000s ]
INFO: [ app_init ] --END-- [ RunTime:0.000000s ]
INFO: [ app_begin ] --START--
INFO: Run Behavior\ReadHtmlCacheBehavior [ RunTime:0.000000s ]
INFO: [ app_begin ] --END-- [ RunTime:0.000000s ]
SQL: SHOW COLUMNS FROM `ttproduct` [ RunTime:0.0000s ]
SQL: SELECT * FROM `ttproduct` WHERE `issuestatus` = 1  [ RunTime:0.0000s ]
NOTIC: [8] Undefined offset: 1 D:\phpStudy\WWW\tjshop\Application\Home\Controller\IndexController.class.php 第 494 行.
NOTIC: [8] Undefined offset: 2 D:\phpStudy\WWW\tjshop\Application\Home\Controller\IndexController.class.php 第 498 行.
NOTIC: [8] Undefined variable: average2 D:\phpStudy\WWW\tjshop\Application\Home\Controller\IndexController.class.php 第 505 行.
NOTIC: [8] Undefined variable: average3 D:\phpStudy\WWW\tjshop\Application\Home\Controller\IndexController.class.php 第 506 行.
INFO: [ view_parse ] --START--
INFO: [ template_filter ] --START--
INFO: Run Behavior\ContentReplaceBehavior [ RunTime:0.000000s ]
INFO: [ template_filter ] --END-- [ RunTime:0.000000s ]
NOTIC: [8] Undefined offset: 1 D:\phpStudy\WWW\tjshop\Application\Runtime\Cache\Home\5b0c7594184d80b042ed77640f37e189.php 第 51 行.
NOTIC: [8] Undefined offset: 1 D:\phpStudy\WWW\tjshop\Application\Runtime\Cache\Home\5b0c7594184d80b042ed77640f37e189.php 第 52 行.
NOTIC: [8] Undefined offset: 1 D:\phpStudy\WWW\tjshop\Application\Runtime\Cache\Home\5b0c7594184d80b042ed77640f37e189.php 第 53 行.
NOTIC: [8] Undefined offset: 1 D:\phpStudy\WWW\tjshop\Application\Runtime\Cache\Home\5b0c7594184d80b042ed77640f37e189.php 第 54 行.
NOTIC: [8] Undefined offset: 2 D:\phpStudy\WWW\tjshop\Application\Runtime\Cache\Home\5b0c7594184d80b042ed77640f37e189.php 第 72 行.
NOTIC: [8] Undefined offset: 2 D:\phpStudy\WWW\tjshop\Application\Runtime\Cache\Home\5b0c7594184d80b042ed77640f37e189.php 第 73 行.
NOTIC: [8] Undefined offset: 2 D:\phpStudy\WWW\tjshop\Application\Runtime\Cache\Home\5b0c7594184d80b042ed77640f37e189.php 第 74 行.
NOTIC: [8] Undefined offset: 2 D:\phpStudy\WWW\tjshop\Application\Runtime\Cache\Home\5b0c7594184d80b042ed77640f37e189.php 第 75 行.
INFO: Run Behavior\ParseTemplateBehavior [ RunTime:0.004883s ]
INFO: [ view_parse ] --END-- [ RunTime:0.004883s ]
INFO: [ view_filter ] --START--
INFO: Run Behavior\WriteHtmlCacheBehavior [ RunTime:0.003906s ]
INFO: [ view_filter ] --END-- [ RunTime:0.003906s ]
INFO: [ app_end ] --START--
INFO: Run Behavior\ShowPageTraceBehavior [ RunTime:0.005859s ]
INFO: [ app_end ] --END-- [ RunTime:0.007812s ]

[ 2017-07-02T07:16:31+08:00 ] 101.226.33.200 /tjshop/index.php/Home/Index/shengou.html
INFO: [ app_init ] --START--
INFO: Run Behavior\BuildLiteBehavior [ RunTime:0.000000s ]
INFO: [ app_init ] --END-- [ RunTime:0.000000s ]
INFO: [ app_begin ] --START--
INFO: Run Behavior\ReadHtmlCacheBehavior [ RunTime:0.000000s ]
INFO: [ app_begin ] --END-- [ RunTime:0.000000s ]
NOTIC: [8] Undefined index: user D:\phpStudy\WWW\tjshop\Application\Home\Controller\PublicController.class.php 第 11 行.

[ 2017-07-02T07:16:31+08:00 ] 101.226.33.200 /tjshop/index.php/Home/User/login.html
INFO: [ app_init ] --START--
INFO: Run Behavior\BuildLiteBehavior [ RunTime:0.000000s ]
INFO: [ app_init ] --END-- [ RunTime:0.000000s ]
INFO: [ app_begin ] --START--
INFO: Run Behavior\ReadHtmlCacheBehavior [ RunTime:0.003906s ]
INFO: [ app_begin ] --END-- [ RunTime:0.003906s ]
INFO: [ view_parse ] --START--
INFO: [ template_filter ] --START--
INFO: Run Behavior\ContentReplaceBehavior [ RunTime:0.000000s ]
INFO: [ template_filter ] --END-- [ RunTime:0.000000s ]
INFO: Run Behavior\ParseTemplateBehavior [ RunTime:0.015625s ]
INFO: [ view_parse ] --END-- [ RunTime:0.015625s ]
INFO: [ view_filter ] --START--
INFO: Run Behavior\WriteHtmlCacheBehavior [ RunTime:0.000000s ]
INFO: [ view_filter ] --END-- [ RunTime:0.000000s ]
INFO: [ app_end ] --START--
INFO: Run Behavior\ShowPageTraceBehavior [ RunTime:0.000000s ]
INFO: [ app_end ] --END-- [ RunTime:0.000000s ]

[ 2017-07-02T07:16:33+08:00 ] 101.226.33.203 /tjshop/index.php/Home/Index/shengou.html
INFO: [ app_init ] --START--
INFO: Run Behavior\BuildLiteBehavior [ RunTime:0.000000s ]
INFO: [ app_init ] --END-- [ RunTime:0.001953s ]
INFO: [ app_begin ] --START--
INFO: Run Behavior\ReadHtmlCacheBehavior [ RunTime:0.000977s ]
INFO: [ app_begin ] --END-- [ RunTime:0.000977s ]
NOTIC: [8] Undefined index: user D:\phpStudy\WWW\tjshop\Application\Home\Controller\PublicController.class.php 第 11 行.

[ 2017-07-02T07:16:33+08:00 ] 101.226.33.203 /tjshop/index.php/Home/User/login.html
INFO: [ app_init ] --START--
INFO: Run Behavior\BuildLiteBehavior [ RunTime:0.000000s ]
INFO: [ app_init ] --END-- [ RunTime:0.001953s ]
INFO: [ app_begin ] --START--
INFO: Run Behavior\ReadHtmlCacheBehavior [ RunTime:0.000000s ]
INFO: [ app_begin ] --END-- [ RunTime:0.000000s ]
INFO: [ view_parse ] --START--
INFO: [ template_filter ] --START--
INFO: Run Behavior\ContentReplaceBehavior [ RunTime:0.000000s ]
INFO: [ template_filter ] --END-- [ RunTime:0.000000s ]
INFO: Run Behavior\ParseTemplateBehavior [ RunTime:0.009765s ]
INFO: [ view_parse ] --END-- [ RunTime:0.009765s ]
INFO: [ view_filter ] --START--
INFO: Run Behavior\WriteHtmlCacheBehavior [ RunTime:0.000977s ]
INFO: [ view_filter ] --END-- [ RunTime:0.000977s ]
INFO: [ app_end ] --START--
INFO: Run Behavior\ShowPageTraceBehavior [ RunTime:0.000000s ]
INFO: [ app_end ] --END-- [ RunTime:0.000000s ]

[ 2017-07-02T07:16:40+08:00 ] 123.55.159.196 /tjshop/index.php/Home/Index/shengou.html
INFO: [ app_init ] --START--
INFO: Run Behavior\BuildLiteBehavior [ RunTime:0.000000s ]
INFO: [ app_init ] --END-- [ RunTime:0.000000s ]
INFO: [ app_begin ] --START--
INFO: Run Behavior\ReadHtmlCacheBehavior [ RunTime:0.000000s ]
INFO: [ app_begin ] --END-- [ RunTime:0.000000s ]
SQL: SHOW COLUMNS FROM `ttproduct` [ RunTime:0.0000s ]
SQL: SELECT * FROM `ttproduct` WHERE `issuestatus` = 1  [ RunTime:0.0283s ]
NOTIC: [8] Undefined offset: 1 D:\phpStudy\WWW\tjshop\Application\Home\Controller\IndexController.class.php 第 494 行.
NOTIC: [8] Undefined offset: 2 D:\phpStudy\WWW\tjshop\Application\Home\Controller\IndexController.class.php 第 498 行.
NOTIC: [8] Undefined variable: average2 D:\phpStudy\WWW\tjshop\Application\Home\Controller\IndexController.class.php 第 505 行.
NOTIC: [8] Undefined variable: average3 D:\phpStudy\WWW\tjshop\Application\Home\Controller\IndexController.class.php 第 506 行.
INFO: [ view_parse ] --START--
INFO: [ template_filter ] --START--
INFO: Run Behavior\ContentReplaceBehavior [ RunTime:0.000000s ]
INFO: [ template_filter ] --END-- [ RunTime:0.000000s ]
NOTIC: [8] Undefined offset: 1 D:\phpStudy\WWW\tjshop\Application\Runtime\Cache\Home\5b0c7594184d80b042ed77640f37e189.php 第 51 行.
NOTIC: [8] Undefined offset: 1 D:\phpStudy\WWW\tjshop\Application\Runtime\Cache\Home\5b0c7594184d80b042ed77640f37e189.php 第 52 行.
NOTIC: [8] Undefined offset: 1 D:\phpStudy\WWW\tjshop\Application\Runtime\Cache\Home\5b0c7594184d80b042ed77640f37e189.php 第 53 行.
NOTIC: [8] Undefined offset: 1 D:\phpStudy\WWW\tjshop\Application\Runtime\Cache\Home\5b0c7594184d80b042ed77640f37e189.php 第 54 行.
NOTIC: [8] Undefined offset: 2 D:\phpStudy\WWW\tjshop\Application\Runtime\Cache\Home\5b0c7594184d80b042ed77640f37e189.php 第 72 行.
NOTIC: [8] Undefined offset: 2 D:\phpStudy\WWW\tjshop\Application\Runtime\Cache\Home\5b0c7594184d80b042ed77640f37e189.php 第 73 行.
NOTIC: [8] Undefined offset: 2 D:\phpStudy\WWW\tjshop\Application\Runtime\Cache\Home\5b0c7594184d80b042ed77640f37e189.php 第 74 行.
NOTIC: [8] Undefined offset: 2 D:\phpStudy\WWW\tjshop\Application\Runtime\Cache\Home\5b0c7594184d80b042ed77640f37e189.php 第 75 行.
INFO: Run Behavior\ParseTemplateBehavior [ RunTime:0.041992s ]
INFO: [ view_parse ] --END-- [ RunTime:0.041992s ]
INFO: [ view_filter ] --START--
INFO: Run Behavior\WriteHtmlCacheBehavior [ RunTime:0.000000s ]
INFO: [ view_filter ] --END-- [ RunTime:0.000000s ]
INFO: [ app_end ] --START--
INFO: Run Behavior\ShowPageTraceBehavior [ RunTime:0.000000s ]
INFO: [ app_end ] --END-- [ RunTime:0.000000s ]

[ 2017-07-02T07:16:49+08:00 ] 123.55.159.196 /tjshop/index.php/Home/Index/ask_for.html
INFO: [ app_init ] --START--
INFO: Run Behavior\BuildLiteBehavior [ RunTime:0.000000s ]
INFO: [ app_init ] --END-- [ RunTime:0.000977s ]
INFO: [ app_begin ] --START--
INFO: Run Behavior\ReadHtmlCacheBehavior [ RunTime:0.008789s ]
INFO: [ app_begin ] --END-- [ RunTime:0.008789s ]
SQL: SHOW COLUMNS FROM `subscribe` [ RunTime:0.0576s ]
SQL: SHOW COLUMNS FROM `ttproduct` [ RunTime:0.0000s ]
SQL: SELECT * FROM `ttproduct` WHERE `productname` = '坤宝' LIMIT 1   [ RunTime:0.0000s ]
SQL: SELECT * FROM `subscribe` WHERE ( userid=54 and productid =3  ) ORDER BY ts desc LIMIT 1   [ RunTime:0.0000s ]
SQL: SHOW COLUMNS FROM `user` [ RunTime:0.0010s ]
SQL: SELECT * FROM `user` WHERE ( userid=54 ) LIMIT 1   [ RunTime:0.0020s ]

[ 2017-07-02T07:16:53+08:00 ] 123.55.159.196 /tjshop/index.php/Home/Index/subscribe/active/2.html
INFO: [ app_init ] --START--
INFO: Run Behavior\BuildLiteBehavior [ RunTime:0.000000s ]
INFO: [ app_init ] --END-- [ RunTime:0.000000s ]
INFO: [ app_begin ] --START--
INFO: Run Behavior\ReadHtmlCacheBehavior [ RunTime:0.000000s ]
INFO: [ app_begin ] --END-- [ RunTime:0.000000s ]
INFO: [ view_parse ] --START--
INFO: [ template_filter ] --START--
INFO: Run Behavior\ContentReplaceBehavior [ RunTime:0.000977s ]
INFO: [ template_filter ] --END-- [ RunTime:0.000977s ]
NOTIC: [8] Use of undefined constant Goods - assumed 'Goods' D:\phpStudy\WWW\tjshop\Application\Runtime\Cache\Home\0800260daa78f2b13441f92c04c8f055.php 第 155 行.
NOTIC: [8] Use of undefined constant Notice - assumed 'Notice' D:\phpStudy\WWW\tjshop\Application\Runtime\Cache\Home\0800260daa78f2b13441f92c04c8f055.php 第 164 行.
INFO: Run Behavior\ParseTemplateBehavior [ RunTime:0.024414s ]
INFO: [ view_parse ] --END-- [ RunTime:0.024414s ]
INFO: [ view_filter ] --START--
INFO: Run Behavior\WriteHtmlCacheBehavior [ RunTime:0.000000s ]
INFO: [ view_filter ] --END-- [ RunTime:0.000000s ]
INFO: [ app_end ] --START--
INFO: Run Behavior\ShowPageTraceBehavior [ RunTime:0.008789s ]
INFO: [ app_end ] --END-- [ RunTime:0.011718s ]

[ 2017-07-02T07:16:54+08:00 ] 123.55.159.196 /tjshop/index.php/Home/Notice/noticeList
INFO: [ app_init ] --START--
INFO: Run Behavior\BuildLiteBehavior [ RunTime:0.000000s ]
INFO: [ app_init ] --END-- [ RunTime:0.000977s ]
INFO: [ app_begin ] --START--
INFO: Run Behavior\ReadHtmlCacheBehavior [ RunTime:0.001953s ]
INFO: [ app_begin ] --END-- [ RunTime:0.001953s ]
SQL: SHOW COLUMNS FROM `notice` [ RunTime:0.0381s ]
SQL: SELECT * FROM `notice` ORDER BY ts desc  [ RunTime:0.0029s ]
INFO: [ view_parse ] --START--
INFO: [ template_filter ] --START--
INFO: Run Behavior\ContentReplaceBehavior [ RunTime:0.000000s ]
INFO: [ template_filter ] --END-- [ RunTime:0.000000s ]
NOTIC: [8] Use of undefined constant Goods - assumed 'Goods' D:\phpStudy\WWW\tjshop\Application\Runtime\Cache\Home\cb6cbc76dcbb35db675a4c6899a42968.php 第 84 行.
NOTIC: [8] Use of undefined constant Notice - assumed 'Notice' D:\phpStudy\WWW\tjshop\Application\Runtime\Cache\Home\cb6cbc76dcbb35db675a4c6899a42968.php 第 93 行.
INFO: Run Behavior\ParseTemplateBehavior [ RunTime:0.035156s ]
INFO: [ view_parse ] --END-- [ RunTime:0.035156s ]
INFO: [ view_filter ] --START--
INFO: Run Behavior\WriteHtmlCacheBehavior [ RunTime:0.000000s ]
INFO: [ view_filter ] --END-- [ RunTime:0.000000s ]
INFO: [ app_end ] --START--
INFO: Run Behavior\ShowPageTraceBehavior [ RunTime:0.000000s ]
INFO: [ app_end ] --END-- [ RunTime:0.000000s ]

[ 2017-07-02T07:16:57+08:00 ] 123.55.159.196 /tjshop/index.php/Home/Index/index/active/1.html
INFO: [ app_init ] --START--
INFO: Run Behavior\BuildLiteBehavior [ RunTime:0.000000s ]
INFO: [ app_init ] --END-- [ RunTime:0.000000s ]
INFO: [ app_begin ] --START--
INFO: Run Behavior\ReadHtmlCacheBehavior [ RunTime:0.000000s ]
INFO: [ app_begin ] --END-- [ RunTime:0.000000s ]
SQL: SHOW COLUMNS FROM `ttproduct` [ RunTime:0.0029s ]
SQL: SELECT * FROM `ttproduct` WHERE ( producttype=0 )  [ RunTime:0.0049s ]
NOTIC: [8] Undefined offset: 1 D:\phpStudy\WWW\tjshop\Application\Home\Controller\IndexController.class.php 第 27 行.
NOTIC: [8] Undefined offset: 2 D:\phpStudy\WWW\tjshop\Application\Home\Controller\IndexController.class.php 第 27 行.
NOTIC: [8] Undefined variable: rose1 D:\phpStudy\WWW\tjshop\Application\Home\Controller\IndexController.class.php 第 50 行.
NOTIC: [8] Undefined variable: rose2 D:\phpStudy\WWW\tjshop\Application\Home\Controller\IndexController.class.php 第 51 行.
INFO: [ view_parse ] --START--
INFO: [ template_filter ] --START--
INFO: Run Behavior\ContentReplaceBehavior [ RunTime:0.000977s ]
INFO: [ template_filter ] --END-- [ RunTime:0.000977s ]
NOTIC: [8] Undefined offset: 1 D:\phpStudy\WWW\tjshop\Application\Runtime\Cache\Home\2a94b8bda04ff446dcedd42276fc99ee.php 第 42 行.
NOTIC: [8] Undefined offset: 1 D:\phpStudy\WWW\tjshop\Application\Runtime\Cache\Home\2a94b8bda04ff446dcedd42276fc99ee.php 第 44 行.
NOTIC: [8] Undefined offset: 1 D:\phpStudy\WWW\tjshop\Application\Runtime\Cache\Home\2a94b8bda04ff446dcedd42276fc99ee.php 第 45 行.
NOTIC: [8] Undefined offset: 1 D:\phpStudy\WWW\tjshop\Application\Runtime\Cache\Home\2a94b8bda04ff446dcedd42276fc99ee.php 第 47 行.
NOTIC: [8] Undefined offset: 2 D:\phpStudy\WWW\tjshop\Application\Runtime\Cache\Home\2a94b8bda04ff446dcedd42276fc99ee.php 第 54 行.
NOTIC: [8] Undefined offset: 2 D:\phpStudy\WWW\tjshop\Application\Runtime\Cache\Home\2a94b8bda04ff446dcedd42276fc99ee.php 第 56 行.
NOTIC: [8] Undefined offset: 2 D:\phpStudy\WWW\tjshop\Application\Runtime\Cache\Home\2a94b8bda04ff446dcedd42276fc99ee.php 第 57 行.
NOTIC: [8] Undefined offset: 2 D:\phpStudy\WWW\tjshop\Application\Runtime\Cache\Home\2a94b8bda04ff446dcedd42276fc99ee.php 第 59 行.
NOTIC: [8] Use of undefined constant Goods - assumed 'Goods' D:\phpStudy\WWW\tjshop\Application\Runtime\Cache\Home\2a94b8bda04ff446dcedd42276fc99ee.php 第 85 行.
NOTIC: [8] Use of undefined constant Notice - assumed 'Notice' D:\phpStudy\WWW\tjshop\Application\Runtime\Cache\Home\2a94b8bda04ff446dcedd42276fc99ee.php 第 94 行.
INFO: Run Behavior\ParseTemplateBehavior [ RunTime:0.068360s ]
INFO: [ view_parse ] --END-- [ RunTime:0.071289s ]
INFO: [ view_filter ] --START--
INFO: Run Behavior\WriteHtmlCacheBehavior [ RunTime:0.004883s ]
INFO: [ view_filter ] --END-- [ RunTime:0.004883s ]
INFO: [ app_end ] --START--
INFO: Run Behavior\ShowPageTraceBehavior [ RunTime:0.001953s ]
INFO: [ app_end ] --END-- [ RunTime:0.001953s ]

[ 2017-07-02T07:16:59+08:00 ] 123.55.159.196 /tjshop/index.php/Home/Notice/noticeList
INFO: [ app_init ] --START--
INFO: Run Behavior\BuildLiteBehavior [ RunTime:0.000000s ]
INFO: [ app_init ] --END-- [ RunTime:0.000000s ]
INFO: [ app_begin ] --START--
INFO: Run Behavior\ReadHtmlCacheBehavior [ RunTime:0.000000s ]
INFO: [ app_begin ] --END-- [ RunTime:0.000000s ]
SQL: SHOW COLUMNS FROM `notice` [ RunTime:0.0000s ]
SQL: SELECT * FROM `notice` ORDER BY ts desc  [ RunTime:0.0020s ]
INFO: [ view_parse ] --START--
INFO: [ template_filter ] --START--
INFO: Run Behavior\ContentReplaceBehavior [ RunTime:0.000000s ]
INFO: [ template_filter ] --END-- [ RunTime:0.000000s ]
NOTIC: [8] Use of undefined constant Goods - assumed 'Goods' D:\phpStudy\WWW\tjshop\Application\Runtime\Cache\Home\cb6cbc76dcbb35db675a4c6899a42968.php 第 84 行.
NOTIC: [8] Use of undefined constant Notice - assumed 'Notice' D:\phpStudy\WWW\tjshop\Application\Runtime\Cache\Home\cb6cbc76dcbb35db675a4c6899a42968.php 第 93 行.
INFO: Run Behavior\ParseTemplateBehavior [ RunTime:0.001953s ]
INFO: [ view_parse ] --END-- [ RunTime:0.001953s ]
INFO: [ view_filter ] --START--
INFO: Run Behavior\WriteHtmlCacheBehavior [ RunTime:0.000000s ]
INFO: [ view_filter ] --END-- [ RunTime:0.000000s ]
INFO: [ app_end ] --START--
INFO: Run Behavior\ShowPageTraceBehavior [ RunTime:0.000000s ]
INFO: [ app_end ] --END-- [ RunTime:0.000000s ]

[ 2017-07-02T07:17:02+08:00 ] 123.55.159.196 /tjshop/index.php/Home/Index/index/active/1.html
INFO: [ app_init ] --START--
INFO: Run Behavior\BuildLiteBehavior [ RunTime:0.000000s ]
INFO: [ app_init ] --END-- [ RunTime:0.000000s ]
INFO: [ app_begin ] --START--
INFO: Run Behavior\ReadHtmlCacheBehavior [ RunTime:0.000000s ]
INFO: [ app_begin ] --END-- [ RunTime:0.000000s ]
SQL: SHOW COLUMNS FROM `ttproduct` [ RunTime:0.0000s ]
SQL: SELECT * FROM `ttproduct` WHERE ( producttype=0 )  [ RunTime:0.0000s ]
NOTIC: [8] Undefined offset: 1 D:\phpStudy\WWW\tjshop\Application\Home\Controller\IndexController.class.php 第 27 行.
NOTIC: [8] Undefined offset: 2 D:\phpStudy\WWW\tjshop\Application\Home\Controller\IndexController.class.php 第 27 行.
NOTIC: [8] Undefined variable: rose1 D:\phpStudy\WWW\tjshop\Application\Home\Controller\IndexController.class.php 第 50 行.
NOTIC: [8] Undefined variable: rose2 D:\phpStudy\WWW\tjshop\Application\Home\Controller\IndexController.class.php 第 51 行.
INFO: [ view_parse ] --START--
INFO: [ template_filter ] --START--
INFO: Run Behavior\ContentReplaceBehavior [ RunTime:0.004883s ]
INFO: [ template_filter ] --END-- [ RunTime:0.004883s ]
NOTIC: [8] Undefined offset: 1 D:\phpStudy\WWW\tjshop\Application\Runtime\Cache\Home\2a94b8bda04ff446dcedd42276fc99ee.php 第 42 行.
NOTIC: [8] Undefined offset: 1 D:\phpStudy\WWW\tjshop\Application\Runtime\Cache\Home\2a94b8bda04ff446dcedd42276fc99ee.php 第 44 行.
NOTIC: [8] Undefined offset: 1 D:\phpStudy\WWW\tjshop\Application\Runtime\Cache\Home\2a94b8bda04ff446dcedd42276fc99ee.php 第 45 行.
NOTIC: [8] Undefined offset: 1 D:\phpStudy\WWW\tjshop\Application\Runtime\Cache\Home\2a94b8bda04ff446dcedd42276fc99ee.php 第 47 行.
NOTIC: [8] Undefined offset: 2 D:\phpStudy\WWW\tjshop\Application\Runtime\Cache\Home\2a94b8bda04ff446dcedd42276fc99ee.php 第 54 行.
NOTIC: [8] Undefined offset: 2 D:\phpStudy\WWW\tjshop\Application\Runtime\Cache\Home\2a94b8bda04ff446dcedd42276fc99ee.php 第 56 行.
NOTIC: [8] Undefined offset: 2 D:\phpStudy\WWW\tjshop\Application\Runtime\Cache\Home\2a94b8bda04ff446dcedd42276fc99ee.php 第 57 行.
NOTIC: [8] Undefined offset: 2 D:\phpStudy\WWW\tjshop\Application\Runtime\Cache\Home\2a94b8bda04ff446dcedd42276fc99ee.php 第 59 行.
NOTIC: [8] Use of undefined constant Goods - assumed 'Goods' D:\phpStudy\WWW\tjshop\Application\Runtime\Cache\Home\2a94b8bda04ff446dcedd42276fc99ee.php 第 85 行.
NOTIC: [8] Use of undefined constant Notice - assumed 'Notice' D:\phpStudy\WWW\tjshop\Application\Runtime\Cache\Home\2a94b8bda04ff446dcedd42276fc99ee.php 第 94 行.
INFO: Run Behavior\ParseTemplateBehavior [ RunTime:0.012695s ]
INFO: [ view_parse ] --END-- [ RunTime:0.012695s ]
INFO: [ view_filter ] --START--
INFO: Run Behavior\WriteHtmlCacheBehavior [ RunTime:0.011719s ]
INFO: [ view_filter ] --END-- [ RunTime:0.013672s ]
INFO: [ app_end ] --START--
INFO: Run Behavior\ShowPageTraceBehavior [ RunTime:0.006836s ]
INFO: [ app_end ] --END-- [ RunTime:0.006836s ]

[ 2017-07-02T07:17:07+08:00 ] 61.151.226.199 /tjshop/index.php/Home/Index/index/active/1.html
INFO: [ app_init ] --START--
INFO: Run Behavior\BuildLiteBehavior [ RunTime:0.000000s ]
INFO: [ app_init ] --END-- [ RunTime:0.000000s ]
INFO: [ app_begin ] --START--
INFO: Run Behavior\ReadHtmlCacheBehavior [ RunTime:0.000000s ]
INFO: [ app_begin ] --END-- [ RunTime:0.001953s ]
NOTIC: [8] Undefined index: user D:\phpStudy\WWW\tjshop\Application\Home\Controller\PublicController.class.php 第 11 行.

[ 2017-07-02T07:17:07+08:00 ] 61.151.226.199 /tjshop/index.php/Home/User/login.html
INFO: [ app_init ] --START--
INFO: Run Behavior\BuildLiteBehavior [ RunTime:0.000000s ]
INFO: [ app_init ] --END-- [ RunTime:0.000000s ]
INFO: [ app_begin ] --START--
INFO: Run Behavior\ReadHtmlCacheBehavior [ RunTime:0.000000s ]
INFO: [ app_begin ] --END-- [ RunTime:0.000000s ]
INFO: [ view_parse ] --START--
INFO: [ template_filter ] --START--
INFO: Run Behavior\ContentReplaceBehavior [ RunTime:0.000000s ]
INFO: [ template_filter ] --END-- [ RunTime:0.000000s ]
INFO: Run Behavior\ParseTemplateBehavior [ RunTime:0.022461s ]
INFO: [ view_parse ] --END-- [ RunTime:0.023437s ]
INFO: [ view_filter ] --START--
INFO: Run Behavior\WriteHtmlCacheBehavior [ RunTime:0.003907s ]
INFO: [ view_filter ] --END-- [ RunTime:0.003907s ]
INFO: [ app_end ] --START--
INFO: Run Behavior\ShowPageTraceBehavior [ RunTime:0.011719s ]
INFO: [ app_end ] --END-- [ RunTime:0.012695s ]

[ 2017-07-02T07:18:27+08:00 ] 101.226.66.191 /tjshop/index.php/Home/Index/subscribe/active/2.html
INFO: [ app_init ] --START--
INFO: Run Behavior\BuildLiteBehavior [ RunTime:0.000000s ]
INFO: [ app_init ] --END-- [ RunTime:0.002930s ]
INFO: [ app_begin ] --START--
INFO: Run Behavior\ReadHtmlCacheBehavior [ RunTime:0.008789s ]
INFO: [ app_begin ] --END-- [ RunTime:0.008789s ]
NOTIC: [8] Undefined index: user D:\phpStudy\WWW\tjshop\Application\Home\Controller\PublicController.class.php 第 11 行.

[ 2017-07-02T07:18:30+08:00 ] 101.226.66.191 /tjshop/index.php/Home/User/login.html
INFO: [ app_init ] --START--
INFO: Run Behavior\BuildLiteBehavior [ RunTime:0.000977s ]
INFO: [ app_init ] --END-- [ RunTime:0.000977s ]
INFO: [ app_begin ] --START--
INFO: Run Behavior\ReadHtmlCacheBehavior [ RunTime:0.000000s ]
INFO: [ app_begin ] --END-- [ RunTime:0.000000s ]
INFO: [ view_parse ] --START--
INFO: [ template_filter ] --START--
INFO: Run Behavior\ContentReplaceBehavior [ RunTime:0.000000s ]
INFO: [ template_filter ] --END-- [ RunTime:0.000000s ]
INFO: Run Behavior\ParseTemplateBehavior [ RunTime:0.014649s ]
INFO: [ view_parse ] --END-- [ RunTime:0.014649s ]
INFO: [ view_filter ] --START--
INFO: Run Behavior\WriteHtmlCacheBehavior [ RunTime:0.002930s ]
INFO: [ view_filter ] --END-- [ RunTime:0.002930s ]
INFO: [ app_end ] --START--
INFO: Run Behavior\ShowPageTraceBehavior [ RunTime:0.000000s ]
INFO: [ app_end ] --END-- [ RunTime:0.000000s ]

[ 2017-07-02T07:19:07+08:00 ] 101.226.102.97 /tjshop/index.php/Home/Index/subscribe/active/2.html
INFO: [ app_init ] --START--
INFO: Run Behavior\BuildLiteBehavior [ RunTime:0.000000s ]
INFO: [ app_init ] --END-- [ RunTime:0.007813s ]
INFO: [ app_begin ] --START--
INFO: Run Behavior\ReadHtmlCacheBehavior [ RunTime:0.000000s ]
INFO: [ app_begin ] --END-- [ RunTime:0.000000s ]
NOTIC: [8] Undefined index: user D:\phpStudy\WWW\tjshop\Application\Home\Controller\PublicController.class.php 第 11 行.

[ 2017-07-02T07:19:07+08:00 ] 101.226.102.97 /tjshop/index.php/Home/User/login.html
INFO: [ app_init ] --START--
INFO: Run Behavior\BuildLiteBehavior [ RunTime:0.000000s ]
INFO: [ app_init ] --END-- [ RunTime:0.000000s ]
INFO: [ app_begin ] --START--
INFO: Run Behavior\ReadHtmlCacheBehavior [ RunTime:0.006836s ]
INFO: [ app_begin ] --END-- [ RunTime:0.007813s ]
INFO: [ view_parse ] --START--
INFO: [ template_filter ] --START--
INFO: Run Behavior\ContentReplaceBehavior [ RunTime:0.000000s ]
INFO: [ template_filter ] --END-- [ RunTime:0.000000s ]
INFO: Run Behavior\ParseTemplateBehavior [ RunTime:0.013672s ]
INFO: [ view_parse ] --END-- [ RunTime:0.013672s ]
INFO: [ view_filter ] --START--
INFO: Run Behavior\WriteHtmlCacheBehavior [ RunTime:0.001953s ]
INFO: [ view_filter ] --END-- [ RunTime:0.001953s ]
INFO: [ app_end ] --START--
INFO: Run Behavior\ShowPageTraceBehavior [ RunTime:0.003907s ]
INFO: [ app_end ] --END-- [ RunTime:0.004883s ]

[ 2017-07-02T07:22:43+08:00 ] 180.163.2.116 /tjshop/index.php/Home/Deal/recharge.html
INFO: [ app_init ] --START--
INFO: Run Behavior\BuildLiteBehavior [ RunTime:0.000000s ]
INFO: [ app_init ] --END-- [ RunTime:0.000000s ]
INFO: [ app_begin ] --START--
INFO: Run Behavior\ReadHtmlCacheBehavior [ RunTime:0.000000s ]
INFO: [ app_begin ] --END-- [ RunTime:0.001953s ]
NOTIC: [8] Undefined index: user D:\phpStudy\WWW\tjshop\Application\Home\Controller\PublicController.class.php 第 11 行.

[ 2017-07-02T07:22:47+08:00 ] 180.163.2.116 /tjshop/index.php/Home/User/login.html
INFO: [ app_init ] --START--
INFO: Run Behavior\BuildLiteBehavior [ RunTime:0.000000s ]
INFO: [ app_init ] --END-- [ RunTime:0.000977s ]
INFO: [ app_begin ] --START--
INFO: Run Behavior\ReadHtmlCacheBehavior [ RunTime:0.001953s ]
INFO: [ app_begin ] --END-- [ RunTime:0.001953s ]
INFO: [ view_parse ] --START--
INFO: [ template_filter ] --START--
INFO: Run Behavior\ContentReplaceBehavior [ RunTime:0.000000s ]
INFO: [ template_filter ] --END-- [ RunTime:0.000977s ]
INFO: Run Behavior\ParseTemplateBehavior [ RunTime:0.024414s ]
INFO: [ view_parse ] --END-- [ RunTime:0.024414s ]
INFO: [ view_filter ] --START--
INFO: Run Behavior\WriteHtmlCacheBehavior [ RunTime:0.001953s ]
INFO: [ view_filter ] --END-- [ RunTime:0.001953s ]
INFO: [ app_end ] --START--
INFO: Run Behavior\ShowPageTraceBehavior [ RunTime:0.001954s ]
INFO: [ app_end ] --END-- [ RunTime:0.001954s ]

[ 2017-07-02T07:23:24+08:00 ] 101.226.33.225 /tjshop/index.php/Home/Notice/noticeList
INFO: [ app_init ] --START--
INFO: Run Behavior\BuildLiteBehavior [ RunTime:0.000000s ]
INFO: [ app_init ] --END-- [ RunTime:0.000000s ]
INFO: [ app_begin ] --START--
INFO: Run Behavior\ReadHtmlCacheBehavior [ RunTime:0.000000s ]
INFO: [ app_begin ] --END-- [ RunTime:0.000000s ]
NOTIC: [8] Undefined index: user D:\phpStudy\WWW\tjshop\Application\Home\Controller\PublicController.class.php 第 11 行.

[ 2017-07-02T07:23:27+08:00 ] 180.153.160.61 /tjshop/index.php/Home/Deal/recharge.html
INFO: [ app_init ] --START--
INFO: Run Behavior\BuildLiteBehavior [ RunTime:0.000000s ]
INFO: [ app_init ] --END-- [ RunTime:0.003906s ]
INFO: [ app_begin ] --START--
INFO: Run Behavior\ReadHtmlCacheBehavior [ RunTime:0.000000s ]
INFO: [ app_begin ] --END-- [ RunTime:0.000000s ]
NOTIC: [8] Undefined index: user D:\phpStudy\WWW\tjshop\Application\Home\Controller\PublicController.class.php 第 11 行.

[ 2017-07-02T07:23:28+08:00 ] 180.153.160.61 /tjshop/index.php/Home/User/login.html
INFO: [ app_init ] --START--
INFO: Run Behavior\BuildLiteBehavior [ RunTime:0.000000s ]
INFO: [ app_init ] --END-- [ RunTime:0.018555s ]
INFO: [ app_begin ] --START--
INFO: Run Behavior\ReadHtmlCacheBehavior [ RunTime:0.000000s ]
INFO: [ app_begin ] --END-- [ RunTime:0.000000s ]
INFO: [ view_parse ] --START--
INFO: [ template_filter ] --START--
INFO: Run Behavior\ContentReplaceBehavior [ RunTime:0.000000s ]
INFO: [ template_filter ] --END-- [ RunTime:0.000000s ]
INFO: Run Behavior\ParseTemplateBehavior [ RunTime:0.046875s ]
INFO: [ view_parse ] --END-- [ RunTime:0.046875s ]
INFO: [ view_filter ] --START--
INFO: Run Behavior\WriteHtmlCacheBehavior [ RunTime:0.000000s ]
INFO: [ view_filter ] --END-- [ RunTime:0.000000s ]
INFO: [ app_end ] --START--
INFO: Run Behavior\ShowPageTraceBehavior [ RunTime:0.000000s ]
INFO: [ app_end ] --END-- [ RunTime:0.000000s ]

[ 2017-07-02T07:23:28+08:00 ] 101.226.33.225 /tjshop/index.php/Home/User/login.html
INFO: [ app_init ] --START--
INFO: Run Behavior\BuildLiteBehavior [ RunTime:0.000000s ]
INFO: [ app_init ] --END-- [ RunTime:0.003907s ]
INFO: [ app_begin ] --START--
INFO: Run Behavior\ReadHtmlCacheBehavior [ RunTime:0.000000s ]
INFO: [ app_begin ] --END-- [ RunTime:0.000000s ]
INFO: [ view_parse ] --START--
INFO: [ template_filter ] --START--
INFO: Run Behavior\ContentReplaceBehavior [ RunTime:0.001953s ]
INFO: [ template_filter ] --END-- [ RunTime:0.001953s ]
INFO: Run Behavior\ParseTemplateBehavior [ RunTime:0.023437s ]
INFO: [ view_parse ] --END-- [ RunTime:0.023437s ]
INFO: [ view_filter ] --START--
INFO: Run Behavior\WriteHtmlCacheBehavior [ RunTime:0.000000s ]
INFO: [ view_filter ] --END-- [ RunTime:0.000000s ]
INFO: [ app_end ] --START--
INFO: Run Behavior\ShowPageTraceBehavior [ RunTime:0.000000s ]
INFO: [ app_end ] --END-- [ RunTime:0.000000s ]

[ 2017-07-02T07:24:05+08:00 ] 61.151.218.118 /tjshop/index.php/Home/Notice/noticeList
INFO: [ app_init ] --START--
INFO: Run Behavior\BuildLiteBehavior [ RunTime:0.000000s ]
INFO: [ app_init ] --END-- [ RunTime:0.000000s ]
INFO: [ app_begin ] --START--
INFO: Run Behavior\ReadHtmlCacheBehavior [ RunTime:0.000000s ]
INFO: [ app_begin ] --END-- [ RunTime:0.000000s ]
NOTIC: [8] Undefined index: user D:\phpStudy\WWW\tjshop\Application\Home\Controller\PublicController.class.php 第 11 行.

[ 2017-07-02T07:24:05+08:00 ] 61.151.218.118 /tjshop/index.php/Home/User/login.html
INFO: [ app_init ] --START--
INFO: Run Behavior\BuildLiteBehavior [ RunTime:0.000000s ]
INFO: [ app_init ] --END-- [ RunTime:0.000977s ]
INFO: [ app_begin ] --START--
INFO: Run Behavior\ReadHtmlCacheBehavior [ RunTime:0.000000s ]
INFO: [ app_begin ] --END-- [ RunTime:0.000000s ]
INFO: [ view_parse ] --START--
INFO: [ template_filter ] --START--
INFO: Run Behavior\ContentReplaceBehavior [ RunTime:0.000000s ]
INFO: [ template_filter ] --END-- [ RunTime:0.000000s ]
INFO: Run Behavior\ParseTemplateBehavior [ RunTime:0.000976s ]
INFO: [ view_parse ] --END-- [ RunTime:0.000976s ]
INFO: [ view_filter ] --START--
INFO: Run Behavior\WriteHtmlCacheBehavior [ RunTime:0.000000s ]
INFO: [ view_filter ] --END-- [ RunTime:0.000000s ]
INFO: [ app_end ] --START--
INFO: Run Behavior\ShowPageTraceBehavior [ RunTime:0.000000s ]
INFO: [ app_end ] --END-- [ RunTime:0.000000s ]

