[ 2017-06-28T09:32:57+08:00 ] 123.52.73.201 /tjshop/index.php/client.html
INFO: [ app_init ] --START--
INFO: Run Behavior\BuildLiteBehavior [ RunTime:0.000000s ]
INFO: [ app_init ] --END-- [ RunTime:0.000000s ]
ERR: 无法加载模块:Client

[ 2017-06-28T09:33:02+08:00 ] 123.52.73.201 /tjshop/index.php/subscription.html
INFO: [ app_init ] --START--
INFO: Run Behavior\BuildLiteBehavior [ RunTime:0.000000s ]
INFO: [ app_init ] --END-- [ RunTime:0.009766s ]
ERR: 无法加载模块:Subscription

[ 2017-06-28T09:33:03+08:00 ] 123.52.73.201 /tjshop/index.php/subscription.html
INFO: [ app_init ] --START--
INFO: Run Behavior\BuildLiteBehavior [ RunTime:0.000000s ]
INFO: [ app_init ] --END-- [ RunTime:0.000976s ]
ERR: 无法加载模块:Subscription

[ 2017-06-28T09:33:04+08:00 ] 123.52.73.201 /tjshop/index.php/subscription.html
INFO: [ app_init ] --START--
INFO: Run Behavior\BuildLiteBehavior [ RunTime:0.000000s ]
INFO: [ app_init ] --END-- [ RunTime:0.000000s ]
ERR: 无法加载模块:Subscription

[ 2017-06-28T09:33:06+08:00 ] 123.52.73.201 /tjshop/index.php/client.html
INFO: [ app_init ] --START--
INFO: Run Behavior\BuildLiteBehavior [ RunTime:0.000000s ]
INFO: [ app_init ] --END-- [ RunTime:0.000000s ]
ERR: 无法加载模块:Client

[ 2017-06-28T09:33:06+08:00 ] 123.52.73.201 /tjshop/index.php/client.html
INFO: [ app_init ] --START--
INFO: Run Behavior\BuildLiteBehavior [ RunTime:0.000000s ]
INFO: [ app_init ] --END-- [ RunTime:0.000000s ]
ERR: 无法加载模块:Client

[ 2017-06-28T09:33:11+08:00 ] 123.52.73.201 /tjshop/index.php/client.html
INFO: [ app_init ] --START--
INFO: Run Behavior\BuildLiteBehavior [ RunTime:0.000000s ]
INFO: [ app_init ] --END-- [ RunTime:0.000000s ]
ERR: 无法加载模块:Client

[ 2017-06-28T09:34:41+08:00 ] 123.52.73.201 /tjshop/index.php/client.html
INFO: [ app_init ] --START--
INFO: Run Behavior\BuildLiteBehavior [ RunTime:0.000000s ]
INFO: [ app_init ] --END-- [ RunTime:0.005859s ]
ERR: 无法加载模块:Client

[ 2017-06-28T14:58:54+08:00 ] 110.75.242.9 /tjshop/index.php/Alipay/orderRecord
INFO: [ app_init ] --START--
INFO: Run Behavior\BuildLiteBehavior [ RunTime:0.000000s ]
INFO: [ app_init ] --END-- [ RunTime:0.000000s ]
ERR: 无法加载模块:Alipay

