[ 2017-07-05T11:11:44+08:00 ] 123.151.42.47 /payment.php/WeixinPay/pay?money=0.01
INFO: [ app_init ] --START--
INFO: Run Behavior\BuildLiteBehavior [ RunTime:0.000000s ]
INFO: [ app_init ] --END-- [ RunTime:0.000000s ]
INFO: [ app_begin ] --START--
INFO: Run Behavior\ReadHtmlCacheBehavior [ RunTime:0.000000s ]
INFO: [ app_begin ] --END-- [ RunTime:0.000000s ]
ERR: 非法操作:pay

[ 2017-07-05T11:12:24+08:00 ] 125.46.131.78 /payment.php
INFO: [ app_init ] --START--
INFO: Run Behavior\BuildLiteBehavior [ RunTime:0.000000s ]
INFO: [ app_init ] --END-- [ RunTime:0.000000s ]
INFO: [ app_begin ] --START--
INFO: Run Behavior\ReadHtmlCacheBehavior [ RunTime:0.000000s ]
INFO: [ app_begin ] --END-- [ RunTime:0.000000s ]
INFO: [ app_end ] --START--
INFO: Run Behavior\ShowPageTraceBehavior [ RunTime:0.000000s ]
INFO: [ app_end ] --END-- [ RunTime:0.000000s ]

[ 2017-07-05T11:12:35+08:00 ] 125.46.131.78 /payment.php/WeixinPay/pay
INFO: [ app_init ] --START--
INFO: Run Behavior\BuildLiteBehavior [ RunTime:0.000000s ]
INFO: [ app_init ] --END-- [ RunTime:0.000000s ]
INFO: [ app_begin ] --START--
INFO: Run Behavior\ReadHtmlCacheBehavior [ RunTime:0.000000s ]
INFO: [ app_begin ] --END-- [ RunTime:0.000000s ]
ERR: 非法操作:pay

[ 2017-07-05T11:12:47+08:00 ] 125.46.131.78 /payment.php/Payment/WeixinPay/pay
INFO: [ app_init ] --START--
INFO: Run Behavior\BuildLiteBehavior [ RunTime:0.000000s ]
INFO: [ app_init ] --END-- [ RunTime:0.000000s ]
INFO: [ app_begin ] --START--
INFO: Run Behavior\ReadHtmlCacheBehavior [ RunTime:0.000000s ]
INFO: [ app_begin ] --END-- [ RunTime:0.000000s ]
ERR: 无法加载控制器:Payment

[ 2017-07-05T11:12:55+08:00 ] 125.46.131.78 /payment.php/WeixinPay/pay
INFO: [ app_init ] --START--
INFO: Run Behavior\BuildLiteBehavior [ RunTime:0.000000s ]
INFO: [ app_init ] --END-- [ RunTime:0.000000s ]
INFO: [ app_begin ] --START--
INFO: Run Behavior\ReadHtmlCacheBehavior [ RunTime:0.000000s ]
INFO: [ app_begin ] --END-- [ RunTime:0.000000s ]
ERR: 非法操作:pay

[ 2017-07-05T11:13:41+08:00 ] 123.151.42.47 /payment.php/WeixinPay/wxpay?money=0.01
INFO: [ app_init ] --START--
INFO: Run Behavior\BuildLiteBehavior [ RunTime:0.000000s ]
INFO: [ app_init ] --END-- [ RunTime:0.000000s ]
INFO: [ app_begin ] --START--
INFO: Run Behavior\ReadHtmlCacheBehavior [ RunTime:0.000000s ]
INFO: [ app_begin ] --END-- [ RunTime:0.000000s ]

[ 2017-07-05T11:13:43+08:00 ] 123.151.42.47 /payment.php/WeixinPay/wxpay?money=0.01money=0.01&code=081aFOYw0n71zf1UDVYw0eJUYw0aFOYz&state=STATE
INFO: [ app_init ] --START--
INFO: Run Behavior\BuildLiteBehavior [ RunTime:0.000000s ]
INFO: [ app_init ] --END-- [ RunTime:0.000000s ]
INFO: [ app_begin ] --START--
INFO: Run Behavior\ReadHtmlCacheBehavior [ RunTime:0.000000s ]
INFO: [ app_begin ] --END-- [ RunTime:0.000000s ]
NOTIC: [8] Undefined property: JsApiPay::$curl_timeout D:\phpStudy\WWW\tjshop\ThinkPHP\Library\Vendor\WxPay\WxPayJsApiPay.php 第 101 行.
ERR: 参数错误

[ 2017-07-05T11:13:51+08:00 ] 101.226.33.218 /payment.php/WeixinPay/wxpay?money=0.01
INFO: [ app_init ] --START--
INFO: Run Behavior\BuildLiteBehavior [ RunTime:0.000000s ]
INFO: [ app_init ] --END-- [ RunTime:0.000000s ]
INFO: [ app_begin ] --START--
INFO: Run Behavior\ReadHtmlCacheBehavior [ RunTime:0.000000s ]
INFO: [ app_begin ] --END-- [ RunTime:0.000000s ]

[ 2017-07-05T11:13:52+08:00 ] 101.226.33.226 /payment.php/WeixinPay/wxpay?money=0.01money=0.01
INFO: [ app_init ] --START--
INFO: Run Behavior\BuildLiteBehavior [ RunTime:0.000000s ]
INFO: [ app_init ] --END-- [ RunTime:0.000000s ]
INFO: [ app_begin ] --START--
INFO: Run Behavior\ReadHtmlCacheBehavior [ RunTime:0.000000s ]
INFO: [ app_begin ] --END-- [ RunTime:0.000000s ]

[ 2017-07-05T11:14:21+08:00 ] 123.126.124.148 /payment.php/WeixinPay/wxpay?money=0.01money=0.01&code=081aFOYw0n71zf1UDVYw0eJUYw0aFOYz&state=STATE
INFO: [ app_init ] --START--
INFO: Run Behavior\BuildLiteBehavior [ RunTime:0.000000s ]
INFO: [ app_init ] --END-- [ RunTime:0.000000s ]
INFO: [ app_begin ] --START--
INFO: Run Behavior\ReadHtmlCacheBehavior [ RunTime:0.000000s ]
INFO: [ app_begin ] --END-- [ RunTime:0.000000s ]
NOTIC: [8] Undefined property: JsApiPay::$curl_timeout D:\phpStudy\WWW\tjshop\ThinkPHP\Library\Vendor\WxPay\WxPayJsApiPay.php 第 101 行.
NOTIC: [8] Undefined index: openid D:\phpStudy\WWW\tjshop\ThinkPHP\Library\Vendor\WxPay\WxPayJsApiPay.php 第 118 行.
ERR: Think\Controller:printf_info方法不存在！

[ 2017-07-05T11:14:36+08:00 ] 123.151.42.47 /payment.php/WeixinPay/wxpay?money=0.01money=0.01&code=081aFOYw0n71zf1UDVYw0eJUYw0aFOYz&state=STATE
INFO: [ app_init ] --START--
INFO: Run Behavior\BuildLiteBehavior [ RunTime:0.000000s ]
INFO: [ app_init ] --END-- [ RunTime:0.000000s ]
INFO: [ app_begin ] --START--
INFO: Run Behavior\ReadHtmlCacheBehavior [ RunTime:0.000000s ]
INFO: [ app_begin ] --END-- [ RunTime:0.000000s ]
NOTIC: [8] Undefined property: JsApiPay::$curl_timeout D:\phpStudy\WWW\tjshop\ThinkPHP\Library\Vendor\WxPay\WxPayJsApiPay.php 第 101 行.
NOTIC: [8] Undefined index: openid D:\phpStudy\WWW\tjshop\ThinkPHP\Library\Vendor\WxPay\WxPayJsApiPay.php 第 118 行.
ERR: 参数错误

[ 2017-07-05T11:14:57+08:00 ] 123.151.42.47 /payment.php/WeixinPay/wxpay?money=0.01money=0.01&code=081aFOYw0n71zf1UDVYw0eJUYw0aFOYz&state=STATE
INFO: [ app_init ] --START--
INFO: Run Behavior\BuildLiteBehavior [ RunTime:0.000000s ]
INFO: [ app_init ] --END-- [ RunTime:0.000000s ]
INFO: [ app_begin ] --START--
INFO: Run Behavior\ReadHtmlCacheBehavior [ RunTime:0.000000s ]
INFO: [ app_begin ] --END-- [ RunTime:0.000000s ]
NOTIC: [8] Undefined property: JsApiPay::$curl_timeout D:\phpStudy\WWW\tjshop\ThinkPHP\Library\Vendor\WxPay\WxPayJsApiPay.php 第 101 行.
NOTIC: [8] Undefined index: openid D:\phpStudy\WWW\tjshop\ThinkPHP\Library\Vendor\WxPay\WxPayJsApiPay.php 第 118 行.
ERR: 参数错误

[ 2017-07-05T11:16:25+08:00 ] 123.151.42.47 /payment.php/WeixinPay/wxpay?money=0.01
INFO: [ app_init ] --START--
INFO: Run Behavior\BuildLiteBehavior [ RunTime:0.000000s ]
INFO: [ app_init ] --END-- [ RunTime:0.015625s ]
INFO: [ app_begin ] --START--
INFO: Run Behavior\ReadHtmlCacheBehavior [ RunTime:0.000000s ]
INFO: [ app_begin ] --END-- [ RunTime:0.000000s ]

[ 2017-07-05T11:16:27+08:00 ] 123.151.42.47 /payment.php/WeixinPay/wxpay?money=0.01money=0.01&code=031nUD1F0Fzcui2h8G4F00PD1F0nUD15&state=STATE
INFO: [ app_init ] --START--
INFO: Run Behavior\BuildLiteBehavior [ RunTime:0.000000s ]
INFO: [ app_init ] --END-- [ RunTime:0.000000s ]
INFO: [ app_begin ] --START--
INFO: Run Behavior\ReadHtmlCacheBehavior [ RunTime:0.000000s ]
INFO: [ app_begin ] --END-- [ RunTime:0.000000s ]
NOTIC: [8] Undefined property: JsApiPay::$curl_timeout D:\phpStudy\WWW\tjshop\ThinkPHP\Library\Vendor\WxPay\WxPayJsApiPay.php 第 101 行.
ERR: 参数错误

[ 2017-07-05T11:16:35+08:00 ] 101.226.89.119 /payment.php/WeixinPay/wxpay?money=0.01
INFO: [ app_init ] --START--
INFO: Run Behavior\BuildLiteBehavior [ RunTime:0.000000s ]
INFO: [ app_init ] --END-- [ RunTime:0.000000s ]
INFO: [ app_begin ] --START--
INFO: Run Behavior\ReadHtmlCacheBehavior [ RunTime:0.000000s ]
INFO: [ app_begin ] --END-- [ RunTime:0.000000s ]

[ 2017-07-05T11:17:06+08:00 ] 123.151.42.47 /payment.php/WeixinPay/wxpay?money=0.01money=0.01&code=031nUD1F0Fzcui2h8G4F00PD1F0nUD15&state=STATE
INFO: [ app_init ] --START--
INFO: Run Behavior\BuildLiteBehavior [ RunTime:0.000000s ]
INFO: [ app_init ] --END-- [ RunTime:0.000000s ]
INFO: [ app_begin ] --START--
INFO: Run Behavior\ReadHtmlCacheBehavior [ RunTime:0.000000s ]
INFO: [ app_begin ] --END-- [ RunTime:0.000000s ]
NOTIC: [8] Undefined property: JsApiPay::$curl_timeout D:\phpStudy\WWW\tjshop\ThinkPHP\Library\Vendor\WxPay\WxPayJsApiPay.php 第 101 行.
NOTIC: [8] Undefined index: openid D:\phpStudy\WWW\tjshop\ThinkPHP\Library\Vendor\WxPay\WxPayJsApiPay.php 第 118 行.
ERR: 参数错误

[ 2017-07-05T11:20:57+08:00 ] 123.151.42.47 /payment.php/WeixinPay/wxpay?money=0.01
INFO: [ app_init ] --START--
INFO: Run Behavior\BuildLiteBehavior [ RunTime:0.000000s ]
INFO: [ app_init ] --END-- [ RunTime:0.000000s ]
INFO: [ app_begin ] --START--
INFO: Run Behavior\ReadHtmlCacheBehavior [ RunTime:0.000000s ]
INFO: [ app_begin ] --END-- [ RunTime:0.000000s ]

[ 2017-07-05T11:20:58+08:00 ] 123.126.124.148 /payment.php/WeixinPay/wxpay?money=0.01money=0.01&code=011Ar0wZ1H41QY0Wv7wZ1Y0PvZ1Ar0w-&state=STATE
INFO: [ app_init ] --START--
INFO: Run Behavior\BuildLiteBehavior [ RunTime:0.000000s ]
INFO: [ app_init ] --END-- [ RunTime:0.000000s ]
INFO: [ app_begin ] --START--
INFO: Run Behavior\ReadHtmlCacheBehavior [ RunTime:0.000000s ]
INFO: [ app_begin ] --END-- [ RunTime:0.000000s ]
NOTIC: [8] Undefined property: JsApiPay::$curl_timeout D:\phpStudy\WWW\tjshop\ThinkPHP\Library\Vendor\WxPay\WxPayJsApiPay.php 第 101 行.
ERR: 参数错误

[ 2017-07-05T11:22:19+08:00 ] 123.151.42.47 /payment.php/WeixinPay/wxpay?money=1
INFO: [ app_init ] --START--
INFO: Run Behavior\BuildLiteBehavior [ RunTime:0.000000s ]
INFO: [ app_init ] --END-- [ RunTime:0.000000s ]
INFO: [ app_begin ] --START--
INFO: Run Behavior\ReadHtmlCacheBehavior [ RunTime:0.000000s ]
INFO: [ app_begin ] --END-- [ RunTime:0.000000s ]

[ 2017-07-05T11:22:20+08:00 ] 123.151.42.47 /payment.php/WeixinPay/wxpay?money=1money=1&code=0010gs2B1eKAlg0zLH1B1K6K2B10gs2R&state=STATE
INFO: [ app_init ] --START--
INFO: Run Behavior\BuildLiteBehavior [ RunTime:0.000000s ]
INFO: [ app_init ] --END-- [ RunTime:0.000000s ]
INFO: [ app_begin ] --START--
INFO: Run Behavior\ReadHtmlCacheBehavior [ RunTime:0.000000s ]
INFO: [ app_begin ] --END-- [ RunTime:0.000000s ]
NOTIC: [8] Undefined property: JsApiPay::$curl_timeout D:\phpStudy\WWW\tjshop\ThinkPHP\Library\Vendor\WxPay\WxPayJsApiPay.php 第 101 行.
ERR: 参数错误

[ 2017-07-05T11:22:29+08:00 ] 101.226.99.197 /payment.php/WeixinPay/wxpay?money=1
INFO: [ app_init ] --START--
INFO: Run Behavior\BuildLiteBehavior [ RunTime:0.000000s ]
INFO: [ app_init ] --END-- [ RunTime:0.000000s ]
INFO: [ app_begin ] --START--
INFO: Run Behavior\ReadHtmlCacheBehavior [ RunTime:0.000000s ]
INFO: [ app_begin ] --END-- [ RunTime:0.000000s ]

[ 2017-07-05T11:22:29+08:00 ] 101.226.33.223 /payment.php/WeixinPay/wxpay?money=1money=1
INFO: [ app_init ] --START--
INFO: Run Behavior\BuildLiteBehavior [ RunTime:0.000000s ]
INFO: [ app_init ] --END-- [ RunTime:0.000000s ]
INFO: [ app_begin ] --START--
INFO: Run Behavior\ReadHtmlCacheBehavior [ RunTime:0.000000s ]
INFO: [ app_begin ] --END-- [ RunTime:0.000000s ]

[ 2017-07-05T11:22:43+08:00 ] 123.151.42.47 /payment.php/WeixinPay/wxpay?money=1money=1&code=0010gs2B1eKAlg0zLH1B1K6K2B10gs2R&state=STATE
INFO: [ app_init ] --START--
INFO: Run Behavior\BuildLiteBehavior [ RunTime:0.000000s ]
INFO: [ app_init ] --END-- [ RunTime:0.000000s ]
INFO: [ app_begin ] --START--
INFO: Run Behavior\ReadHtmlCacheBehavior [ RunTime:0.000000s ]
INFO: [ app_begin ] --END-- [ RunTime:0.000000s ]
NOTIC: [8] Undefined property: JsApiPay::$curl_timeout D:\phpStudy\WWW\tjshop\ThinkPHP\Library\Vendor\WxPay\WxPayJsApiPay.php 第 101 行.
NOTIC: [8] Undefined index: openid D:\phpStudy\WWW\tjshop\ThinkPHP\Library\Vendor\WxPay\WxPayJsApiPay.php 第 118 行.
ERR: 参数错误

[ 2017-07-05T11:23:32+08:00 ] 123.151.42.47 /payment.php/WeixinPay/wxpay?money=1
INFO: [ app_init ] --START--
INFO: Run Behavior\BuildLiteBehavior [ RunTime:0.000000s ]
INFO: [ app_init ] --END-- [ RunTime:0.000000s ]
INFO: [ app_begin ] --START--
INFO: Run Behavior\ReadHtmlCacheBehavior [ RunTime:0.000000s ]
INFO: [ app_begin ] --END-- [ RunTime:0.000000s ]

[ 2017-07-05T11:24:15+08:00 ] 123.151.42.47 /payment.php/WeixinPay/wxpay?money=1
INFO: [ app_init ] --START--
INFO: Run Behavior\BuildLiteBehavior [ RunTime:0.000000s ]
INFO: [ app_init ] --END-- [ RunTime:0.000000s ]
INFO: [ app_begin ] --START--
INFO: Run Behavior\ReadHtmlCacheBehavior [ RunTime:0.000000s ]
INFO: [ app_begin ] --END-- [ RunTime:0.000000s ]

[ 2017-07-05T11:24:17+08:00 ] 123.151.42.47 /payment.php/WeixinPay/wxpay?money=1money=1&code=0713nUjO1qqVL51A1UiO16o8kO13nUjJ&state=STATE
INFO: [ app_init ] --START--
INFO: Run Behavior\BuildLiteBehavior [ RunTime:0.000000s ]
INFO: [ app_init ] --END-- [ RunTime:0.000000s ]
INFO: [ app_begin ] --START--
INFO: Run Behavior\ReadHtmlCacheBehavior [ RunTime:0.000000s ]
INFO: [ app_begin ] --END-- [ RunTime:0.000000s ]
NOTIC: [8] Undefined property: JsApiPay::$curl_timeout D:\phpStudy\WWW\tjshop\ThinkPHP\Library\Vendor\WxPay\WxPayJsApiPay.php 第 101 行.
INFO: [ view_parse ] --START--
INFO: [ template_filter ] --START--
INFO: Run Behavior\ContentReplaceBehavior [ RunTime:0.000000s ]
INFO: [ template_filter ] --END-- [ RunTime:0.000000s ]
INFO: Run Behavior\ParseTemplateBehavior [ RunTime:0.000000s ]
INFO: [ view_parse ] --END-- [ RunTime:0.000000s ]
INFO: [ view_filter ] --START--
INFO: Run Behavior\WriteHtmlCacheBehavior [ RunTime:0.000000s ]
INFO: [ view_filter ] --END-- [ RunTime:0.000000s ]
INFO: [ app_end ] --START--
INFO: Run Behavior\ShowPageTraceBehavior [ RunTime:0.000000s ]
INFO: [ app_end ] --END-- [ RunTime:0.000000s ]

[ 2017-07-05T11:25:02+08:00 ] 123.151.42.47 /payment.php/WeixinPay/wxpay?money=1
INFO: [ app_init ] --START--
INFO: Run Behavior\BuildLiteBehavior [ RunTime:0.000000s ]
INFO: [ app_init ] --END-- [ RunTime:0.000000s ]
INFO: [ app_begin ] --START--
INFO: Run Behavior\ReadHtmlCacheBehavior [ RunTime:0.000000s ]
INFO: [ app_begin ] --END-- [ RunTime:0.000000s ]

[ 2017-07-05T11:25:03+08:00 ] 123.151.42.47 /payment.php/WeixinPay/wxpay?money=1money=1&code=071e9wqs1Tba5q02lArs18iuqs1e9wql&state=STATE
INFO: [ app_init ] --START--
INFO: Run Behavior\BuildLiteBehavior [ RunTime:0.000000s ]
INFO: [ app_init ] --END-- [ RunTime:0.000000s ]
INFO: [ app_begin ] --START--
INFO: Run Behavior\ReadHtmlCacheBehavior [ RunTime:0.000000s ]
INFO: [ app_begin ] --END-- [ RunTime:0.000000s ]
NOTIC: [8] Undefined property: JsApiPay::$curl_timeout D:\phpStudy\WWW\tjshop\ThinkPHP\Library\Vendor\WxPay\WxPayJsApiPay.php 第 101 行.
INFO: [ view_parse ] --START--
INFO: [ template_filter ] --START--
INFO: Run Behavior\ContentReplaceBehavior [ RunTime:0.000000s ]
INFO: [ template_filter ] --END-- [ RunTime:0.000000s ]
INFO: Run Behavior\ParseTemplateBehavior [ RunTime:0.015625s ]
INFO: [ view_parse ] --END-- [ RunTime:0.015625s ]
INFO: [ view_filter ] --START--
INFO: Run Behavior\WriteHtmlCacheBehavior [ RunTime:0.000000s ]
INFO: [ view_filter ] --END-- [ RunTime:0.000000s ]
INFO: [ app_end ] --START--
INFO: Run Behavior\ShowPageTraceBehavior [ RunTime:0.000000s ]
INFO: [ app_end ] --END-- [ RunTime:0.000000s ]

[ 2017-07-05T11:26:25+08:00 ] 123.151.42.47 /payment.php/WeixinPay/wxpay?money=1
INFO: [ app_init ] --START--
INFO: Run Behavior\BuildLiteBehavior [ RunTime:0.000000s ]
INFO: [ app_init ] --END-- [ RunTime:0.000000s ]
INFO: [ app_begin ] --START--
INFO: Run Behavior\ReadHtmlCacheBehavior [ RunTime:0.000000s ]
INFO: [ app_begin ] --END-- [ RunTime:0.000000s ]

[ 2017-07-05T11:26:26+08:00 ] 123.151.42.47 /payment.php/WeixinPay/wxpay?money=1money=1&code=001CLBh90wG8tu15Ukf90MGEh90CLBhc&state=STATE
INFO: [ app_init ] --START--
INFO: Run Behavior\BuildLiteBehavior [ RunTime:0.000000s ]
INFO: [ app_init ] --END-- [ RunTime:0.000000s ]
INFO: [ app_begin ] --START--
INFO: Run Behavior\ReadHtmlCacheBehavior [ RunTime:0.000000s ]
INFO: [ app_begin ] --END-- [ RunTime:0.000000s ]
NOTIC: [8] Undefined property: JsApiPay::$curl_timeout D:\phpStudy\WWW\tjshop\ThinkPHP\Library\Vendor\WxPay\WxPayJsApiPay.php 第 101 行.
INFO: [ view_parse ] --START--
INFO: [ template_filter ] --START--
INFO: Run Behavior\ContentReplaceBehavior [ RunTime:0.000000s ]
INFO: [ template_filter ] --END-- [ RunTime:0.000000s ]
INFO: Run Behavior\ParseTemplateBehavior [ RunTime:0.015625s ]
INFO: [ view_parse ] --END-- [ RunTime:0.015625s ]
INFO: [ view_filter ] --START--
INFO: Run Behavior\WriteHtmlCacheBehavior [ RunTime:0.000000s ]
INFO: [ view_filter ] --END-- [ RunTime:0.000000s ]
INFO: [ app_end ] --START--
INFO: Run Behavior\ShowPageTraceBehavior [ RunTime:0.000000s ]
INFO: [ app_end ] --END-- [ RunTime:0.000000s ]

[ 2017-07-05T11:26:57+08:00 ] 123.151.42.47 /payment.php/WeixinPay/wxpay?money=1money=1&code=001CLBh90wG8tu15Ukf90MGEh90CLBhc&state=STATE
INFO: [ app_init ] --START--
INFO: Run Behavior\BuildLiteBehavior [ RunTime:0.000000s ]
INFO: [ app_init ] --END-- [ RunTime:0.000000s ]
INFO: [ app_begin ] --START--
INFO: Run Behavior\ReadHtmlCacheBehavior [ RunTime:0.000000s ]
INFO: [ app_begin ] --END-- [ RunTime:0.000000s ]
NOTIC: [8] Undefined property: JsApiPay::$curl_timeout D:\phpStudy\WWW\tjshop\ThinkPHP\Library\Vendor\WxPay\WxPayJsApiPay.php 第 101 行.
NOTIC: [8] Undefined index: openid D:\phpStudy\WWW\tjshop\ThinkPHP\Library\Vendor\WxPay\WxPayJsApiPay.php 第 118 行.
ERR: 参数错误

[ 2017-07-05T11:27:10+08:00 ] 123.126.124.148 /payment.php/WeixinPay/wxpay?money=1
INFO: [ app_init ] --START--
INFO: Run Behavior\BuildLiteBehavior [ RunTime:0.000000s ]
INFO: [ app_init ] --END-- [ RunTime:0.000000s ]
INFO: [ app_begin ] --START--
INFO: Run Behavior\ReadHtmlCacheBehavior [ RunTime:0.000000s ]
INFO: [ app_begin ] --END-- [ RunTime:0.000000s ]

[ 2017-07-05T11:27:11+08:00 ] 123.151.42.47 /payment.php/WeixinPay/wxpay?money=1money=1&code=061iWwsy0F7IDi1zE8uy09avsy0iWwsg&state=STATE
INFO: [ app_init ] --START--
INFO: Run Behavior\BuildLiteBehavior [ RunTime:0.000000s ]
INFO: [ app_init ] --END-- [ RunTime:0.000000s ]
INFO: [ app_begin ] --START--
INFO: Run Behavior\ReadHtmlCacheBehavior [ RunTime:0.000000s ]
INFO: [ app_begin ] --END-- [ RunTime:0.000000s ]
NOTIC: [8] Undefined property: JsApiPay::$curl_timeout D:\phpStudy\WWW\tjshop\ThinkPHP\Library\Vendor\WxPay\WxPayJsApiPay.php 第 101 行.
INFO: [ view_parse ] --START--
INFO: [ template_filter ] --START--
INFO: Run Behavior\ContentReplaceBehavior [ RunTime:0.000000s ]
INFO: [ template_filter ] --END-- [ RunTime:0.000000s ]
INFO: Run Behavior\ParseTemplateBehavior [ RunTime:0.015625s ]
INFO: [ view_parse ] --END-- [ RunTime:0.015625s ]
INFO: [ view_filter ] --START--
INFO: Run Behavior\WriteHtmlCacheBehavior [ RunTime:0.000000s ]
INFO: [ view_filter ] --END-- [ RunTime:0.000000s ]
INFO: [ app_end ] --START--
INFO: Run Behavior\ShowPageTraceBehavior [ RunTime:0.000000s ]
INFO: [ app_end ] --END-- [ RunTime:0.000000s ]

[ 2017-07-05T11:29:36+08:00 ] 101.226.68.197 /payment.php/WeixinPay/wxpay?money=1
INFO: [ app_init ] --START--
INFO: Run Behavior\BuildLiteBehavior [ RunTime:0.000000s ]
INFO: [ app_init ] --END-- [ RunTime:0.000000s ]
INFO: [ app_begin ] --START--
INFO: Run Behavior\ReadHtmlCacheBehavior [ RunTime:0.000000s ]
INFO: [ app_begin ] --END-- [ RunTime:0.000000s ]

