[ 2017-06-27T11:19:58+08:00 ] 122.114.11.239 /tjshop/index.php/Alipay/orderRecord
INFO: [ app_init ] --START--
INFO: Run Behavior\BuildLiteBehavior [ RunTime:0.000000s ]
INFO: [ app_init ] --END-- [ RunTime:0.007812s ]
ERR: 无法加载模块:Alipay

[ 2017-06-27T14:34:21+08:00 ] 110.75.242.111 /tjshop/index.php/Alipay/orderRecord
INFO: [ app_init ] --START--
INFO: Run Behavior\BuildLiteBehavior [ RunTime:0.000000s ]
INFO: [ app_init ] --END-- [ RunTime:0.002930s ]
ERR: 无法加载模块:Alipay

[ 2017-06-27T14:39:44+08:00 ] 110.75.242.3 /tjshop/index.php/Alipay/orderRecord
INFO: [ app_init ] --START--
INFO: Run Behavior\BuildLiteBehavior [ RunTime:0.000000s ]
INFO: [ app_init ] --END-- [ RunTime:0.000000s ]
ERR: 无法加载模块:Alipay

[ 2017-06-27T14:42:55+08:00 ] 125.41.85.206 /tjshop/index.php/Alipay/orderRecord
INFO: [ app_init ] --START--
INFO: Run Behavior\BuildLiteBehavior [ RunTime:0.000000s ]
INFO: [ app_init ] --END-- [ RunTime:0.000000s ]
ERR: 无法加载模块:Alipay

[ 2017-06-27T14:48:22+08:00 ] 110.75.242.44 /tjshop/index.php/Alipay/orderRecord
INFO: [ app_init ] --START--
INFO: Run Behavior\BuildLiteBehavior [ RunTime:0.000000s ]
INFO: [ app_init ] --END-- [ RunTime:0.000000s ]
ERR: 无法加载模块:Alipay

[ 2017-06-27T14:58:26+08:00 ] 110.75.242.251 /tjshop/index.php/Alipay/orderRecord
INFO: [ app_init ] --START--
INFO: Run Behavior\BuildLiteBehavior [ RunTime:0.000000s ]
INFO: [ app_init ] --END-- [ RunTime:0.000000s ]
ERR: 无法加载模块:Alipay

[ 2017-06-27T15:58:57+08:00 ] 110.75.242.123 /tjshop/index.php/Alipay/orderRecord
INFO: [ app_init ] --START--
INFO: Run Behavior\BuildLiteBehavior [ RunTime:0.000000s ]
INFO: [ app_init ] --END-- [ RunTime:0.000000s ]
ERR: 无法加载模块:Alipay

[ 2017-06-27T17:58:23+08:00 ] 110.75.242.188 /tjshop/index.php/Alipay/orderRecord
INFO: [ app_init ] --START--
INFO: Run Behavior\BuildLiteBehavior [ RunTime:0.000000s ]
INFO: [ app_init ] --END-- [ RunTime:0.000000s ]
ERR: 无法加载模块:Alipay

