[ 2017-06-19T09:20:43+08:00 ] 1.192.164.187 /Index.php/Admin/User/login.html
INFO: [ app_init ] --START--
INFO: Run Behavior\BuildLiteBehavior [ RunTime:0.000040s ]
INFO: [ app_init ] --END-- [ RunTime:0.004301s ]
INFO: [ app_begin ] --START--
INFO: Run Behavior\ReadHtmlCacheBehavior [ RunTime:0.003646s ]
INFO: [ app_begin ] --END-- [ RunTime:0.003782s ]
INFO: [ view_parse ] --START--
INFO: [ template_filter ] --START--
INFO: Run Behavior\ContentReplaceBehavior [ RunTime:0.000066s ]
INFO: [ template_filter ] --END-- [ RunTime:0.007977s ]
INFO: Run Behavior\ParseTemplateBehavior [ RunTime:0.106868s ]
INFO: [ view_parse ] --END-- [ RunTime:0.107031s ]
INFO: [ view_filter ] --START--
INFO: Run Behavior\WriteHtmlCacheBehavior [ RunTime:0.014381s ]
INFO: [ view_filter ] --END-- [ RunTime:0.014533s ]
INFO: [ app_end ] --START--
INFO: Run Behavior\ShowPageTraceBehavior [ RunTime:0.023620s ]
INFO: [ app_end ] --END-- [ RunTime:0.023770s ]

[ 2017-06-19T09:20:44+08:00 ] 1.192.164.187 /Index.php/Admin/User/login.html
INFO: [ app_init ] --START--
INFO: Run Behavior\BuildLiteBehavior [ RunTime:0.000030s ]
INFO: [ app_init ] --END-- [ RunTime:0.000447s ]
INFO: [ app_begin ] --START--
INFO: Run Behavior\ReadHtmlCacheBehavior [ RunTime:0.000566s ]
INFO: [ app_begin ] --END-- [ RunTime:0.000668s ]
INFO: [ view_parse ] --START--
INFO: [ template_filter ] --START--
INFO: Run Behavior\ContentReplaceBehavior [ RunTime:0.000090s ]
INFO: [ template_filter ] --END-- [ RunTime:0.001682s ]
INFO: Run Behavior\ParseTemplateBehavior [ RunTime:0.044093s ]
INFO: [ view_parse ] --END-- [ RunTime:0.044304s ]
INFO: [ view_filter ] --START--
INFO: Run Behavior\WriteHtmlCacheBehavior [ RunTime:0.000536s ]
INFO: [ view_filter ] --END-- [ RunTime:0.000631s ]
INFO: [ app_end ] --START--
INFO: Run Behavior\ShowPageTraceBehavior [ RunTime:0.000958s ]
INFO: [ app_end ] --END-- [ RunTime:0.001091s ]

[ 2017-06-19T09:21:00+08:00 ] 1.192.164.187 /Index.php/Admin/User/login.html
INFO: [ app_init ] --START--
INFO: Run Behavior\BuildLiteBehavior [ RunTime:0.000034s ]
INFO: [ app_init ] --END-- [ RunTime:0.000567s ]
INFO: [ app_begin ] --START--
INFO: Run Behavior\ReadHtmlCacheBehavior [ RunTime:0.000698s ]
INFO: [ app_begin ] --END-- [ RunTime:0.000832s ]
SQL: SHOW COLUMNS FROM `user` [ RunTime:0.0156s ]
SQL: SELECT * FROM `user` WHERE `usercode` = 'admin' AND `password` = 'd40a32d889fab5d685bcdd6accb84dbf' AND `isadmin` = 1 LIMIT 1   [ RunTime:0.0010s ]

[ 2017-06-19T09:21:00+08:00 ] 1.192.164.187 /Index.php/Admin/Index/index.html
INFO: [ app_init ] --START--
INFO: Run Behavior\BuildLiteBehavior [ RunTime:0.000036s ]
INFO: [ app_init ] --END-- [ RunTime:0.000533s ]
INFO: [ app_begin ] --START--
INFO: Run Behavior\ReadHtmlCacheBehavior [ RunTime:0.001127s ]
INFO: [ app_begin ] --END-- [ RunTime:0.001342s ]
INFO: [ view_parse ] --START--
INFO: [ template_filter ] --START--
INFO: Run Behavior\ContentReplaceBehavior [ RunTime:0.000133s ]
INFO: [ template_filter ] --END-- [ RunTime:0.000272s ]
INFO: Run Behavior\ParseTemplateBehavior [ RunTime:0.041237s ]
INFO: [ view_parse ] --END-- [ RunTime:0.044625s ]
INFO: [ view_filter ] --START--
INFO: Run Behavior\WriteHtmlCacheBehavior [ RunTime:0.000295s ]
INFO: [ view_filter ] --END-- [ RunTime:0.000358s ]
INFO: [ app_end ] --START--
INFO: Run Behavior\ShowPageTraceBehavior [ RunTime:0.000558s ]
INFO: [ app_end ] --END-- [ RunTime:0.000625s ]

[ 2017-06-19T09:21:01+08:00 ] 1.192.164.187 /Index.php/Admin/Index/client.html
INFO: [ app_init ] --START--
INFO: Run Behavior\BuildLiteBehavior [ RunTime:0.000036s ]
INFO: [ app_init ] --END-- [ RunTime:0.000666s ]
INFO: [ app_begin ] --START--
INFO: Run Behavior\ReadHtmlCacheBehavior [ RunTime:0.001182s ]
INFO: [ app_begin ] --END-- [ RunTime:0.001380s ]
SQL: SHOW COLUMNS FROM `user` [ RunTime:0.0181s ]
SQL: SELECT * FROM `user` WHERE `usercode` = 'admin' LIMIT 1   [ RunTime:0.0010s ]
NOTIC: [8] Undefined variable: hy D:\phpStudy\WWW\tjshop\Application\Admin\Controller\IndexController.class.php 第 43 行.
INFO: [ view_parse ] --START--
INFO: [ template_filter ] --START--
INFO: Run Behavior\ContentReplaceBehavior [ RunTime:0.000428s ]
INFO: [ template_filter ] --END-- [ RunTime:0.001397s ]
NOTIC: [8] Undefined variable: keyword D:\phpStudy\WWW\tjshop\Application\Runtime\Cache\Admin\160ce37aed002e34e867183f8285e279.php 第 24 行.
NOTIC: [8] Undefined variable: keyword D:\phpStudy\WWW\tjshop\Application\Runtime\Cache\Admin\160ce37aed002e34e867183f8285e279.php 第 66 行.
NOTIC: [8] Undefined variable: is_succeed D:\phpStudy\WWW\tjshop\Application\Runtime\Cache\Admin\160ce37aed002e34e867183f8285e279.php 第 108 行.
NOTIC: [8] Undefined variable: is_succeed D:\phpStudy\WWW\tjshop\Application\Runtime\Cache\Admin\160ce37aed002e34e867183f8285e279.php 第 113 行.
NOTIC: [8] Undefined variable: is_succeed D:\phpStudy\WWW\tjshop\Application\Runtime\Cache\Admin\160ce37aed002e34e867183f8285e279.php 第 115 行.
INFO: Run Behavior\ParseTemplateBehavior [ RunTime:0.028684s ]
INFO: [ view_parse ] --END-- [ RunTime:0.028818s ]
INFO: [ view_filter ] --START--
INFO: Run Behavior\WriteHtmlCacheBehavior [ RunTime:0.000312s ]
INFO: [ view_filter ] --END-- [ RunTime:0.000406s ]
INFO: [ app_end ] --START--
INFO: Run Behavior\ShowPageTraceBehavior [ RunTime:0.000585s ]
INFO: [ app_end ] --END-- [ RunTime:0.000671s ]

[ 2017-06-19T09:21:09+08:00 ] 1.192.164.187 /Index.php/Admin/Index/client.html
INFO: [ app_init ] --START--
INFO: Run Behavior\BuildLiteBehavior [ RunTime:0.000026s ]
INFO: [ app_init ] --END-- [ RunTime:0.000478s ]
INFO: [ app_begin ] --START--
INFO: Run Behavior\ReadHtmlCacheBehavior [ RunTime:0.000801s ]
INFO: [ app_begin ] --END-- [ RunTime:0.000943s ]
SQL: SHOW COLUMNS FROM `user` [ RunTime:0.0035s ]
SQL: SELECT * FROM `user` WHERE `usercode` = 'admin' LIMIT 1   [ RunTime:0.0014s ]
NOTIC: [8] Undefined variable: hy D:\phpStudy\WWW\tjshop\Application\Admin\Controller\IndexController.class.php 第 43 行.
INFO: [ view_parse ] --START--
INFO: [ template_filter ] --START--
INFO: Run Behavior\ContentReplaceBehavior [ RunTime:0.000120s ]
INFO: [ template_filter ] --END-- [ RunTime:0.000267s ]
NOTIC: [8] Undefined variable: keyword D:\phpStudy\WWW\tjshop\Application\Runtime\Cache\Admin\160ce37aed002e34e867183f8285e279.php 第 24 行.
NOTIC: [8] Undefined variable: keyword D:\phpStudy\WWW\tjshop\Application\Runtime\Cache\Admin\160ce37aed002e34e867183f8285e279.php 第 66 行.
NOTIC: [8] Undefined variable: is_succeed D:\phpStudy\WWW\tjshop\Application\Runtime\Cache\Admin\160ce37aed002e34e867183f8285e279.php 第 108 行.
NOTIC: [8] Undefined variable: is_succeed D:\phpStudy\WWW\tjshop\Application\Runtime\Cache\Admin\160ce37aed002e34e867183f8285e279.php 第 113 行.
NOTIC: [8] Undefined variable: is_succeed D:\phpStudy\WWW\tjshop\Application\Runtime\Cache\Admin\160ce37aed002e34e867183f8285e279.php 第 115 行.
INFO: Run Behavior\ParseTemplateBehavior [ RunTime:0.018949s ]
INFO: [ view_parse ] --END-- [ RunTime:0.019056s ]
INFO: [ view_filter ] --START--
INFO: Run Behavior\WriteHtmlCacheBehavior [ RunTime:0.000351s ]
INFO: [ view_filter ] --END-- [ RunTime:0.000445s ]
INFO: [ app_end ] --START--
INFO: Run Behavior\ShowPageTraceBehavior [ RunTime:0.000701s ]
INFO: [ app_end ] --END-- [ RunTime:0.000807s ]

[ 2017-06-19T09:21:11+08:00 ] 1.192.164.187 /Index.php/Admin/Index/client.html
INFO: [ app_init ] --START--
INFO: Run Behavior\BuildLiteBehavior [ RunTime:0.000059s ]
INFO: [ app_init ] --END-- [ RunTime:0.000792s ]
INFO: [ app_begin ] --START--
INFO: Run Behavior\ReadHtmlCacheBehavior [ RunTime:0.000854s ]
INFO: [ app_begin ] --END-- [ RunTime:0.001040s ]
SQL: SHOW COLUMNS FROM `user` [ RunTime:0.0027s ]
SQL: SELECT * FROM `user` WHERE `usercode` = 'admin' LIMIT 1   [ RunTime:0.0006s ]
NOTIC: [8] Undefined variable: hy D:\phpStudy\WWW\tjshop\Application\Admin\Controller\IndexController.class.php 第 43 行.
INFO: [ view_parse ] --START--
INFO: [ template_filter ] --START--
INFO: Run Behavior\ContentReplaceBehavior [ RunTime:0.000116s ]
INFO: [ template_filter ] --END-- [ RunTime:0.000267s ]
NOTIC: [8] Undefined variable: keyword D:\phpStudy\WWW\tjshop\Application\Runtime\Cache\Admin\160ce37aed002e34e867183f8285e279.php 第 24 行.
NOTIC: [8] Undefined variable: keyword D:\phpStudy\WWW\tjshop\Application\Runtime\Cache\Admin\160ce37aed002e34e867183f8285e279.php 第 66 行.
NOTIC: [8] Undefined variable: is_succeed D:\phpStudy\WWW\tjshop\Application\Runtime\Cache\Admin\160ce37aed002e34e867183f8285e279.php 第 108 行.
NOTIC: [8] Undefined variable: is_succeed D:\phpStudy\WWW\tjshop\Application\Runtime\Cache\Admin\160ce37aed002e34e867183f8285e279.php 第 113 行.
NOTIC: [8] Undefined variable: is_succeed D:\phpStudy\WWW\tjshop\Application\Runtime\Cache\Admin\160ce37aed002e34e867183f8285e279.php 第 115 行.
INFO: Run Behavior\ParseTemplateBehavior [ RunTime:0.013647s ]
INFO: [ view_parse ] --END-- [ RunTime:0.013760s ]
INFO: [ view_filter ] --START--
INFO: Run Behavior\WriteHtmlCacheBehavior [ RunTime:0.000328s ]
INFO: [ view_filter ] --END-- [ RunTime:0.000422s ]
INFO: [ app_end ] --START--
INFO: Run Behavior\ShowPageTraceBehavior [ RunTime:0.000668s ]
INFO: [ app_end ] --END-- [ RunTime:0.000772s ]

[ 2017-06-19T09:21:23+08:00 ] 1.192.164.187 /Index.php/Admin/Index/subscription.html
INFO: [ app_init ] --START--
INFO: Run Behavior\BuildLiteBehavior [ RunTime:0.000099s ]
INFO: [ app_init ] --END-- [ RunTime:0.002937s ]
INFO: [ app_begin ] --START--
INFO: Run Behavior\ReadHtmlCacheBehavior [ RunTime:0.002942s ]
INFO: [ app_begin ] --END-- [ RunTime:0.003058s ]
NOTIC: [8] Undefined index: tel D:\phpStudy\WWW\tjshop\Application\Admin\Controller\IndexController.class.php 第 134 行.
NOTIC: [8] Undefined index: tel D:\phpStudy\WWW\tjshop\Application\Admin\Controller\IndexController.class.php 第 138 行.
SQL: SHOW COLUMNS FROM `user` [ RunTime:0.0030s ]
SQL: SELECT * FROM `user` WHERE `usercode` = 'admin' LIMIT 1   [ RunTime:0.0008s ]
NOTIC: [8] Undefined variable: hy D:\phpStudy\WWW\tjshop\Application\Admin\Controller\IndexController.class.php 第 169 行.
INFO: [ view_parse ] --START--
INFO: [ template_filter ] --START--
INFO: Run Behavior\ContentReplaceBehavior [ RunTime:0.000071s ]
INFO: [ template_filter ] --END-- [ RunTime:0.000169s ]
NOTIC: [8] Undefined variable: keyword D:\phpStudy\WWW\tjshop\Application\Runtime\Cache\Admin\7b99d62d8154004ae9d11a99a2f72421.php 第 20 行.
NOTIC: [8] Undefined variable: v D:\phpStudy\WWW\tjshop\Application\Runtime\Cache\Admin\7b99d62d8154004ae9d11a99a2f72421.php 第 63 行.
INFO: Run Behavior\ParseTemplateBehavior [ RunTime:0.020086s ]
INFO: [ view_parse ] --END-- [ RunTime:0.020303s ]
INFO: [ view_filter ] --START--
INFO: Run Behavior\WriteHtmlCacheBehavior [ RunTime:0.000425s ]
INFO: [ view_filter ] --END-- [ RunTime:0.000531s ]
INFO: [ app_end ] --START--
INFO: Run Behavior\ShowPageTraceBehavior [ RunTime:0.000730s ]
INFO: [ app_end ] --END-- [ RunTime:0.000842s ]

[ 2017-06-19T09:21:28+08:00 ] 1.192.164.187 /Index.php/Admin/Index/subscription.html
INFO: [ app_init ] --START--
INFO: Run Behavior\BuildLiteBehavior [ RunTime:0.000035s ]
INFO: [ app_init ] --END-- [ RunTime:0.000597s ]
INFO: [ app_begin ] --START--
INFO: Run Behavior\ReadHtmlCacheBehavior [ RunTime:0.000669s ]
INFO: [ app_begin ] --END-- [ RunTime:0.000789s ]
NOTIC: [8] Undefined index: tel D:\phpStudy\WWW\tjshop\Application\Admin\Controller\IndexController.class.php 第 134 行.
SQL: SHOW COLUMNS FROM `user` [ RunTime:0.0029s ]
SQL: SELECT * FROM `user` WHERE `usercode` = 'admin' LIMIT 1   [ RunTime:0.0008s ]
NOTIC: [8] Undefined variable: hy D:\phpStudy\WWW\tjshop\Application\Admin\Controller\IndexController.class.php 第 169 行.
INFO: [ view_parse ] --START--
INFO: [ template_filter ] --START--
INFO: Run Behavior\ContentReplaceBehavior [ RunTime:0.000096s ]
INFO: [ template_filter ] --END-- [ RunTime:0.000247s ]
NOTIC: [8] Undefined variable: keyword D:\phpStudy\WWW\tjshop\Application\Runtime\Cache\Admin\7b99d62d8154004ae9d11a99a2f72421.php 第 20 行.
NOTIC: [8] Undefined variable: v D:\phpStudy\WWW\tjshop\Application\Runtime\Cache\Admin\7b99d62d8154004ae9d11a99a2f72421.php 第 63 行.
INFO: Run Behavior\ParseTemplateBehavior [ RunTime:0.023703s ]
INFO: [ view_parse ] --END-- [ RunTime:0.023822s ]
INFO: [ view_filter ] --START--
INFO: Run Behavior\WriteHtmlCacheBehavior [ RunTime:0.000372s ]
INFO: [ view_filter ] --END-- [ RunTime:0.000469s ]
INFO: [ app_end ] --START--
INFO: Run Behavior\ShowPageTraceBehavior [ RunTime:0.000698s ]
INFO: [ app_end ] --END-- [ RunTime:0.000795s ]

[ 2017-06-19T09:21:30+08:00 ] 1.192.164.187 /Index.php/Admin/Index/subscription.html
INFO: [ app_init ] --START--
INFO: Run Behavior\BuildLiteBehavior [ RunTime:0.000033s ]
INFO: [ app_init ] --END-- [ RunTime:0.001242s ]
INFO: [ app_begin ] --START--
INFO: Run Behavior\ReadHtmlCacheBehavior [ RunTime:0.001377s ]
INFO: [ app_begin ] --END-- [ RunTime:0.002345s ]
NOTIC: [8] Undefined index: tel D:\phpStudy\WWW\tjshop\Application\Admin\Controller\IndexController.class.php 第 134 行.
SQL: SHOW COLUMNS FROM `user` [ RunTime:0.0036s ]
SQL: SELECT * FROM `user` WHERE `usercode` = 'admin' LIMIT 1   [ RunTime:0.0006s ]
NOTIC: [8] Undefined variable: hy D:\phpStudy\WWW\tjshop\Application\Admin\Controller\IndexController.class.php 第 169 行.
INFO: [ view_parse ] --START--
INFO: [ template_filter ] --START--
INFO: Run Behavior\ContentReplaceBehavior [ RunTime:0.000135s ]
INFO: [ template_filter ] --END-- [ RunTime:0.000295s ]
NOTIC: [8] Undefined variable: keyword D:\phpStudy\WWW\tjshop\Application\Runtime\Cache\Admin\7b99d62d8154004ae9d11a99a2f72421.php 第 20 行.
NOTIC: [8] Undefined variable: v D:\phpStudy\WWW\tjshop\Application\Runtime\Cache\Admin\7b99d62d8154004ae9d11a99a2f72421.php 第 63 行.
INFO: Run Behavior\ParseTemplateBehavior [ RunTime:0.015711s ]
INFO: [ view_parse ] --END-- [ RunTime:0.015843s ]
INFO: [ view_filter ] --START--
INFO: Run Behavior\WriteHtmlCacheBehavior [ RunTime:0.020378s ]
INFO: [ view_filter ] --END-- [ RunTime:0.020524s ]
INFO: [ app_end ] --START--
INFO: Run Behavior\ShowPageTraceBehavior [ RunTime:0.000717s ]
INFO: [ app_end ] --END-- [ RunTime:0.000820s ]

[ 2017-06-19T09:26:40+08:00 ] 140.207.124.105 /Index.php/Admin/User/login.html
INFO: [ app_init ] --START--
INFO: Run Behavior\BuildLiteBehavior [ RunTime:0.000047s ]
INFO: [ app_init ] --END-- [ RunTime:0.024052s ]
INFO: [ app_begin ] --START--
INFO: Run Behavior\ReadHtmlCacheBehavior [ RunTime:0.001293s ]
INFO: [ app_begin ] --END-- [ RunTime:0.001492s ]
INFO: [ view_parse ] --START--
INFO: [ template_filter ] --START--
INFO: Run Behavior\ContentReplaceBehavior [ RunTime:0.001056s ]
INFO: [ template_filter ] --END-- [ RunTime:0.001710s ]
INFO: Run Behavior\ParseTemplateBehavior [ RunTime:0.023834s ]
INFO: [ view_parse ] --END-- [ RunTime:0.023974s ]
INFO: [ view_filter ] --START--
INFO: Run Behavior\WriteHtmlCacheBehavior [ RunTime:0.000468s ]
INFO: [ view_filter ] --END-- [ RunTime:0.000570s ]
INFO: [ app_end ] --START--
INFO: Run Behavior\ShowPageTraceBehavior [ RunTime:0.001223s ]
INFO: [ app_end ] --END-- [ RunTime:0.016387s ]

[ 2017-06-19T09:27:05+08:00 ] 140.207.185.111 /Index.php/Admin/User/login.html
INFO: [ app_init ] --START--
INFO: Run Behavior\BuildLiteBehavior [ RunTime:0.000037s ]
INFO: [ app_init ] --END-- [ RunTime:0.000583s ]
INFO: [ app_begin ] --START--
INFO: Run Behavior\ReadHtmlCacheBehavior [ RunTime:0.000787s ]
INFO: [ app_begin ] --END-- [ RunTime:0.000914s ]
INFO: [ view_parse ] --START--
INFO: [ template_filter ] --START--
INFO: Run Behavior\ContentReplaceBehavior [ RunTime:0.000239s ]
INFO: [ template_filter ] --END-- [ RunTime:0.000824s ]
INFO: Run Behavior\ParseTemplateBehavior [ RunTime:0.011106s ]
INFO: [ view_parse ] --END-- [ RunTime:0.011245s ]
INFO: [ view_filter ] --START--
INFO: Run Behavior\WriteHtmlCacheBehavior [ RunTime:0.000379s ]
INFO: [ view_filter ] --END-- [ RunTime:0.000485s ]
INFO: [ app_end ] --START--
INFO: Run Behavior\ShowPageTraceBehavior [ RunTime:0.000808s ]
INFO: [ app_end ] --END-- [ RunTime:0.000934s ]

[ 2017-06-19T09:27:34+08:00 ] 180.163.2.116 /Index.php/Admin/Index/index.html
INFO: [ app_init ] --START--
INFO: Run Behavior\BuildLiteBehavior [ RunTime:0.000038s ]
INFO: [ app_init ] --END-- [ RunTime:0.000932s ]
INFO: [ app_begin ] --START--
INFO: Run Behavior\ReadHtmlCacheBehavior [ RunTime:0.001127s ]
INFO: [ app_begin ] --END-- [ RunTime:0.001344s ]

[ 2017-06-19T09:27:38+08:00 ] 180.163.2.116 /Index.php/Admin/User/login.html
INFO: [ app_init ] --START--
INFO: Run Behavior\BuildLiteBehavior [ RunTime:0.000038s ]
INFO: [ app_init ] --END-- [ RunTime:0.001443s ]
INFO: [ app_begin ] --START--
INFO: Run Behavior\ReadHtmlCacheBehavior [ RunTime:0.000498s ]
INFO: [ app_begin ] --END-- [ RunTime:0.000599s ]
INFO: [ view_parse ] --START--
INFO: [ template_filter ] --START--
INFO: Run Behavior\ContentReplaceBehavior [ RunTime:0.000072s ]
INFO: [ template_filter ] --END-- [ RunTime:0.000182s ]
INFO: Run Behavior\ParseTemplateBehavior [ RunTime:0.007767s ]
INFO: [ view_parse ] --END-- [ RunTime:0.007959s ]
INFO: [ view_filter ] --START--
INFO: Run Behavior\WriteHtmlCacheBehavior [ RunTime:0.003648s ]
INFO: [ view_filter ] --END-- [ RunTime:0.003771s ]
INFO: [ app_end ] --START--
INFO: Run Behavior\ShowPageTraceBehavior [ RunTime:0.009820s ]
INFO: [ app_end ] --END-- [ RunTime:0.010002s ]

[ 2017-06-19T09:28:03+08:00 ] 101.226.66.177 /Index.php/Admin/Index/index.html
INFO: [ app_init ] --START--
INFO: Run Behavior\BuildLiteBehavior [ RunTime:0.000044s ]
INFO: [ app_init ] --END-- [ RunTime:0.002368s ]
INFO: [ app_begin ] --START--
INFO: Run Behavior\ReadHtmlCacheBehavior [ RunTime:0.001099s ]
INFO: [ app_begin ] --END-- [ RunTime:0.002050s ]

[ 2017-06-19T09:28:03+08:00 ] 101.226.66.177 /Index.php/Admin/User/login.html
INFO: [ app_init ] --START--
INFO: Run Behavior\BuildLiteBehavior [ RunTime:0.000040s ]
INFO: [ app_init ] --END-- [ RunTime:0.002034s ]
INFO: [ app_begin ] --START--
INFO: Run Behavior\ReadHtmlCacheBehavior [ RunTime:0.002114s ]
INFO: [ app_begin ] --END-- [ RunTime:0.002262s ]
INFO: [ view_parse ] --START--
INFO: [ template_filter ] --START--
INFO: Run Behavior\ContentReplaceBehavior [ RunTime:0.000105s ]
INFO: [ template_filter ] --END-- [ RunTime:0.000242s ]
INFO: Run Behavior\ParseTemplateBehavior [ RunTime:0.009260s ]
INFO: [ view_parse ] --END-- [ RunTime:0.009408s ]
INFO: [ view_filter ] --START--
INFO: Run Behavior\WriteHtmlCacheBehavior [ RunTime:0.000348s ]
INFO: [ view_filter ] --END-- [ RunTime:0.000614s ]
INFO: [ app_end ] --START--
INFO: Run Behavior\ShowPageTraceBehavior [ RunTime:0.000709s ]
INFO: [ app_end ] --END-- [ RunTime:0.000823s ]

[ 2017-06-19T10:07:06+08:00 ] 61.158.152.212 /Index.php/Admin/User/login.html
INFO: [ app_init ] --START--
INFO: Run Behavior\BuildLiteBehavior [ RunTime:0.000039s ]
INFO: [ app_init ] --END-- [ RunTime:0.000695s ]
INFO: [ app_begin ] --START--
INFO: Run Behavior\ReadHtmlCacheBehavior [ RunTime:0.001052s ]
INFO: [ app_begin ] --END-- [ RunTime:0.001181s ]
INFO: [ view_parse ] --START--
INFO: [ template_filter ] --START--
INFO: Run Behavior\ContentReplaceBehavior [ RunTime:0.000115s ]
INFO: [ template_filter ] --END-- [ RunTime:0.000476s ]
INFO: Run Behavior\ParseTemplateBehavior [ RunTime:0.038923s ]
INFO: [ view_parse ] --END-- [ RunTime:0.039083s ]
INFO: [ view_filter ] --START--
INFO: Run Behavior\WriteHtmlCacheBehavior [ RunTime:0.002264s ]
INFO: [ view_filter ] --END-- [ RunTime:0.002366s ]
INFO: [ app_end ] --START--
INFO: Run Behavior\ShowPageTraceBehavior [ RunTime:0.002720s ]
INFO: [ app_end ] --END-- [ RunTime:0.002828s ]

[ 2017-06-19T10:07:20+08:00 ] 1.192.164.187 /Index.php/Admin/User/login.html
INFO: [ app_init ] --START--
INFO: Run Behavior\BuildLiteBehavior [ RunTime:0.000032s ]
INFO: [ app_init ] --END-- [ RunTime:0.000573s ]
INFO: [ app_begin ] --START--
INFO: Run Behavior\ReadHtmlCacheBehavior [ RunTime:0.000664s ]
INFO: [ app_begin ] --END-- [ RunTime:0.000776s ]
INFO: [ view_parse ] --START--
INFO: [ template_filter ] --START--
INFO: Run Behavior\ContentReplaceBehavior [ RunTime:0.001422s ]
INFO: [ template_filter ] --END-- [ RunTime:0.001574s ]
INFO: Run Behavior\ParseTemplateBehavior [ RunTime:0.043559s ]
INFO: [ view_parse ] --END-- [ RunTime:0.043702s ]
INFO: [ view_filter ] --START--
INFO: Run Behavior\WriteHtmlCacheBehavior [ RunTime:0.000462s ]
INFO: [ view_filter ] --END-- [ RunTime:0.000539s ]
INFO: [ app_end ] --START--
INFO: Run Behavior\ShowPageTraceBehavior [ RunTime:0.000637s ]
INFO: [ app_end ] --END-- [ RunTime:0.000731s ]

[ 2017-06-19T10:07:24+08:00 ] 1.192.164.187 /Index.php/Admin/User/login.html
INFO: [ app_init ] --START--
INFO: Run Behavior\BuildLiteBehavior [ RunTime:0.000034s ]
INFO: [ app_init ] --END-- [ RunTime:0.001259s ]
INFO: [ app_begin ] --START--
INFO: Run Behavior\ReadHtmlCacheBehavior [ RunTime:0.000747s ]
INFO: [ app_begin ] --END-- [ RunTime:0.000877s ]
INFO: [ view_parse ] --START--
INFO: [ template_filter ] --START--
INFO: Run Behavior\ContentReplaceBehavior [ RunTime:0.000078s ]
INFO: [ template_filter ] --END-- [ RunTime:0.000186s ]
INFO: Run Behavior\ParseTemplateBehavior [ RunTime:0.007541s ]
INFO: [ view_parse ] --END-- [ RunTime:0.007662s ]
INFO: [ view_filter ] --START--
INFO: Run Behavior\WriteHtmlCacheBehavior [ RunTime:0.000280s ]
INFO: [ view_filter ] --END-- [ RunTime:0.000367s ]
INFO: [ app_end ] --START--
INFO: Run Behavior\ShowPageTraceBehavior [ RunTime:0.000556s ]
INFO: [ app_end ] --END-- [ RunTime:0.000645s ]

[ 2017-06-19T10:07:52+08:00 ] 1.192.164.187 /Index.php/Admin/User/login.html
INFO: [ app_init ] --START--
INFO: Run Behavior\BuildLiteBehavior [ RunTime:0.000040s ]
INFO: [ app_init ] --END-- [ RunTime:0.006150s ]
INFO: [ app_begin ] --START--
INFO: Run Behavior\ReadHtmlCacheBehavior [ RunTime:0.000812s ]
INFO: [ app_begin ] --END-- [ RunTime:0.000953s ]
SQL: SHOW COLUMNS FROM `user` [ RunTime:0.0031s ]
SQL: SELECT * FROM `user` WHERE `usercode` = 'admin' AND `password` = 'd40a32d889fab5d685bcdd6accb84dbf' AND `isadmin` = 1 LIMIT 1   [ RunTime:0.0009s ]

[ 2017-06-19T10:07:52+08:00 ] 1.192.164.187 /Index.php/Admin/Index/index.html
INFO: [ app_init ] --START--
INFO: Run Behavior\BuildLiteBehavior [ RunTime:0.000041s ]
INFO: [ app_init ] --END-- [ RunTime:0.000617s ]
INFO: [ app_begin ] --START--
INFO: Run Behavior\ReadHtmlCacheBehavior [ RunTime:0.000691s ]
INFO: [ app_begin ] --END-- [ RunTime:0.000834s ]
INFO: [ view_parse ] --START--
INFO: [ template_filter ] --START--
INFO: Run Behavior\ContentReplaceBehavior [ RunTime:0.000145s ]
INFO: [ template_filter ] --END-- [ RunTime:0.000359s ]
INFO: Run Behavior\ParseTemplateBehavior [ RunTime:0.031841s ]
INFO: [ view_parse ] --END-- [ RunTime:0.031965s ]
INFO: [ view_filter ] --START--
INFO: Run Behavior\WriteHtmlCacheBehavior [ RunTime:0.000589s ]
INFO: [ view_filter ] --END-- [ RunTime:0.000679s ]
INFO: [ app_end ] --START--
INFO: Run Behavior\ShowPageTraceBehavior [ RunTime:0.001159s ]
INFO: [ app_end ] --END-- [ RunTime:0.001347s ]

[ 2017-06-19T10:07:53+08:00 ] 1.192.164.187 /Index.php/Admin/Index/client.html
INFO: [ app_init ] --START--
INFO: Run Behavior\BuildLiteBehavior [ RunTime:0.000027s ]
INFO: [ app_init ] --END-- [ RunTime:0.000481s ]
INFO: [ app_begin ] --START--
INFO: Run Behavior\ReadHtmlCacheBehavior [ RunTime:0.000488s ]
INFO: [ app_begin ] --END-- [ RunTime:0.000578s ]
SQL: SHOW COLUMNS FROM `user` [ RunTime:0.0042s ]
SQL: SELECT * FROM `user` WHERE `usercode` = 'admin' LIMIT 1   [ RunTime:0.0007s ]
NOTIC: [8] Undefined variable: hy D:\phpStudy\WWW\tjshop\Application\Admin\Controller\IndexController.class.php 第 43 行.
INFO: [ view_parse ] --START--
INFO: [ template_filter ] --START--
INFO: Run Behavior\ContentReplaceBehavior [ RunTime:0.000142s ]
INFO: [ template_filter ] --END-- [ RunTime:0.000315s ]
NOTIC: [8] Undefined variable: keyword D:\phpStudy\WWW\tjshop\Application\Runtime\Cache\Admin\160ce37aed002e34e867183f8285e279.php 第 24 行.
NOTIC: [8] Undefined variable: keyword D:\phpStudy\WWW\tjshop\Application\Runtime\Cache\Admin\160ce37aed002e34e867183f8285e279.php 第 66 行.
NOTIC: [8] Undefined variable: is_succeed D:\phpStudy\WWW\tjshop\Application\Runtime\Cache\Admin\160ce37aed002e34e867183f8285e279.php 第 108 行.
NOTIC: [8] Undefined variable: is_succeed D:\phpStudy\WWW\tjshop\Application\Runtime\Cache\Admin\160ce37aed002e34e867183f8285e279.php 第 113 行.
NOTIC: [8] Undefined variable: is_succeed D:\phpStudy\WWW\tjshop\Application\Runtime\Cache\Admin\160ce37aed002e34e867183f8285e279.php 第 115 行.
INFO: Run Behavior\ParseTemplateBehavior [ RunTime:0.034556s ]
INFO: [ view_parse ] --END-- [ RunTime:0.034698s ]
INFO: [ view_filter ] --START--
INFO: Run Behavior\WriteHtmlCacheBehavior [ RunTime:0.000386s ]
INFO: [ view_filter ] --END-- [ RunTime:0.000495s ]
INFO: [ app_end ] --START--
INFO: Run Behavior\ShowPageTraceBehavior [ RunTime:0.000788s ]
INFO: [ app_end ] --END-- [ RunTime:0.000906s ]

[ 2017-06-19T10:08:02+08:00 ] 1.192.164.187 /Index.php/Admin/Index/subscription.html
INFO: [ app_init ] --START--
INFO: Run Behavior\BuildLiteBehavior [ RunTime:0.000037s ]
INFO: [ app_init ] --END-- [ RunTime:0.000596s ]
INFO: [ app_begin ] --START--
INFO: Run Behavior\ReadHtmlCacheBehavior [ RunTime:0.000710s ]
INFO: [ app_begin ] --END-- [ RunTime:0.000833s ]
NOTIC: [8] Undefined index: tel D:\phpStudy\WWW\tjshop\Application\Admin\Controller\IndexController.class.php 第 134 行.
NOTIC: [8] Undefined index: tel D:\phpStudy\WWW\tjshop\Application\Admin\Controller\IndexController.class.php 第 138 行.
SQL: SHOW COLUMNS FROM `user` [ RunTime:0.0034s ]
SQL: SELECT * FROM `user` WHERE `usercode` = 'admin' LIMIT 1   [ RunTime:0.0007s ]
NOTIC: [8] Undefined variable: hy D:\phpStudy\WWW\tjshop\Application\Admin\Controller\IndexController.class.php 第 169 行.
INFO: [ view_parse ] --START--
INFO: [ template_filter ] --START--
INFO: Run Behavior\ContentReplaceBehavior [ RunTime:0.000101s ]
INFO: [ template_filter ] --END-- [ RunTime:0.000250s ]
NOTIC: [8] Undefined variable: keyword D:\phpStudy\WWW\tjshop\Application\Runtime\Cache\Admin\7b99d62d8154004ae9d11a99a2f72421.php 第 20 行.
NOTIC: [8] Undefined variable: v D:\phpStudy\WWW\tjshop\Application\Runtime\Cache\Admin\7b99d62d8154004ae9d11a99a2f72421.php 第 63 行.
INFO: Run Behavior\ParseTemplateBehavior [ RunTime:0.012988s ]
INFO: [ view_parse ] --END-- [ RunTime:0.013122s ]
INFO: [ view_filter ] --START--
INFO: Run Behavior\WriteHtmlCacheBehavior [ RunTime:0.012994s ]
INFO: [ view_filter ] --END-- [ RunTime:0.013139s ]
INFO: [ app_end ] --START--
INFO: Run Behavior\ShowPageTraceBehavior [ RunTime:0.000700s ]
INFO: [ app_end ] --END-- [ RunTime:0.000784s ]

[ 2017-06-19T10:08:09+08:00 ] 1.192.164.187 /Index.php/Admin/Index/subscription.html
INFO: [ app_init ] --START--
INFO: Run Behavior\BuildLiteBehavior [ RunTime:0.000036s ]
INFO: [ app_init ] --END-- [ RunTime:0.000587s ]
INFO: [ app_begin ] --START--
INFO: Run Behavior\ReadHtmlCacheBehavior [ RunTime:0.000704s ]
INFO: [ app_begin ] --END-- [ RunTime:0.000836s ]
NOTIC: [8] Undefined index: tel D:\phpStudy\WWW\tjshop\Application\Admin\Controller\IndexController.class.php 第 134 行.
SQL: SHOW COLUMNS FROM `user` [ RunTime:0.0042s ]
SQL: SELECT * FROM `user` WHERE `usercode` = '13071009956' LIMIT 1   [ RunTime:0.0018s ]
SQL: select subscribe.id,subscribe.num,user.usercode,user.compname,user.freezebalance,ttproduct.productname,subscribe.status from subscribe inner join ttproduct on subscribe.productid=ttproduct.id inner join user on subscribe.userid=user.userid  
                      where find_in_set(9,upuserid) [ RunTime:0.0028s ]
INFO: [ view_parse ] --START--
INFO: [ template_filter ] --START--
INFO: Run Behavior\ContentReplaceBehavior [ RunTime:0.000096s ]
INFO: [ template_filter ] --END-- [ RunTime:0.000248s ]
NOTIC: [8] Undefined variable: v D:\phpStudy\WWW\tjshop\Application\Runtime\Cache\Admin\7b99d62d8154004ae9d11a99a2f72421.php 第 63 行.
INFO: Run Behavior\ParseTemplateBehavior [ RunTime:0.064178s ]
INFO: [ view_parse ] --END-- [ RunTime:0.064310s ]
INFO: [ view_filter ] --START--
INFO: Run Behavior\WriteHtmlCacheBehavior [ RunTime:0.000376s ]
INFO: [ view_filter ] --END-- [ RunTime:0.000479s ]
INFO: [ app_end ] --START--
INFO: Run Behavior\ShowPageTraceBehavior [ RunTime:0.000755s ]
INFO: [ app_end ] --END-- [ RunTime:0.000861s ]

[ 2017-06-19T10:09:05+08:00 ] 1.192.164.187 /Index.php/Admin/Index/subscription.html
INFO: [ app_init ] --START--
INFO: Run Behavior\BuildLiteBehavior [ RunTime:0.000030s ]
INFO: [ app_init ] --END-- [ RunTime:0.000505s ]
INFO: [ app_begin ] --START--
INFO: Run Behavior\ReadHtmlCacheBehavior [ RunTime:0.000650s ]
INFO: [ app_begin ] --END-- [ RunTime:0.000755s ]
NOTIC: [8] Undefined index: tel D:\phpStudy\WWW\tjshop\Application\Admin\Controller\IndexController.class.php 第 134 行.
NOTIC: [8] Undefined index: tel D:\phpStudy\WWW\tjshop\Application\Admin\Controller\IndexController.class.php 第 138 行.
SQL: SHOW COLUMNS FROM `user` [ RunTime:0.0031s ]
SQL: SELECT * FROM `user` WHERE `usercode` = 'admin' LIMIT 1   [ RunTime:0.0045s ]
NOTIC: [8] Undefined variable: hy D:\phpStudy\WWW\tjshop\Application\Admin\Controller\IndexController.class.php 第 169 行.
INFO: [ view_parse ] --START--
INFO: [ template_filter ] --START--
INFO: Run Behavior\ContentReplaceBehavior [ RunTime:0.000098s ]
INFO: [ template_filter ] --END-- [ RunTime:0.000257s ]
NOTIC: [8] Undefined variable: keyword D:\phpStudy\WWW\tjshop\Application\Runtime\Cache\Admin\7b99d62d8154004ae9d11a99a2f72421.php 第 20 行.
NOTIC: [8] Undefined variable: v D:\phpStudy\WWW\tjshop\Application\Runtime\Cache\Admin\7b99d62d8154004ae9d11a99a2f72421.php 第 63 行.
INFO: Run Behavior\ParseTemplateBehavior [ RunTime:0.035643s ]
INFO: [ view_parse ] --END-- [ RunTime:0.035766s ]
INFO: [ view_filter ] --START--
INFO: Run Behavior\WriteHtmlCacheBehavior [ RunTime:0.000356s ]
INFO: [ view_filter ] --END-- [ RunTime:0.007599s ]
INFO: [ app_end ] --START--
INFO: Run Behavior\ShowPageTraceBehavior [ RunTime:0.001437s ]
INFO: [ app_end ] --END-- [ RunTime:0.002249s ]

[ 2017-06-19T10:09:06+08:00 ] 1.192.164.187 /Index.php/Admin/Index/subscription.html
INFO: [ app_init ] --START--
INFO: Run Behavior\BuildLiteBehavior [ RunTime:0.000026s ]
INFO: [ app_init ] --END-- [ RunTime:0.000448s ]
INFO: [ app_begin ] --START--
INFO: Run Behavior\ReadHtmlCacheBehavior [ RunTime:0.000697s ]
INFO: [ app_begin ] --END-- [ RunTime:0.000815s ]
NOTIC: [8] Undefined index: tel D:\phpStudy\WWW\tjshop\Application\Admin\Controller\IndexController.class.php 第 134 行.
NOTIC: [8] Undefined index: tel D:\phpStudy\WWW\tjshop\Application\Admin\Controller\IndexController.class.php 第 138 行.
SQL: SHOW COLUMNS FROM `user` [ RunTime:0.0027s ]
SQL: SELECT * FROM `user` WHERE `usercode` = 'admin' LIMIT 1   [ RunTime:0.0006s ]
NOTIC: [8] Undefined variable: hy D:\phpStudy\WWW\tjshop\Application\Admin\Controller\IndexController.class.php 第 169 行.
INFO: [ view_parse ] --START--
INFO: [ template_filter ] --START--
INFO: Run Behavior\ContentReplaceBehavior [ RunTime:0.000135s ]
INFO: [ template_filter ] --END-- [ RunTime:0.000335s ]
NOTIC: [8] Undefined variable: keyword D:\phpStudy\WWW\tjshop\Application\Runtime\Cache\Admin\7b99d62d8154004ae9d11a99a2f72421.php 第 20 行.
NOTIC: [8] Undefined variable: v D:\phpStudy\WWW\tjshop\Application\Runtime\Cache\Admin\7b99d62d8154004ae9d11a99a2f72421.php 第 63 行.
INFO: Run Behavior\ParseTemplateBehavior [ RunTime:0.038618s ]
INFO: [ view_parse ] --END-- [ RunTime:0.038758s ]
INFO: [ view_filter ] --START--
INFO: Run Behavior\WriteHtmlCacheBehavior [ RunTime:0.000502s ]
INFO: [ view_filter ] --END-- [ RunTime:0.000628s ]
INFO: [ app_end ] --START--
INFO: Run Behavior\ShowPageTraceBehavior [ RunTime:0.001013s ]
INFO: [ app_end ] --END-- [ RunTime:0.001154s ]

[ 2017-06-19T10:09:14+08:00 ] 1.192.164.187 /Index.php/Admin/Index/subscription.html
INFO: [ app_init ] --START--
INFO: Run Behavior\BuildLiteBehavior [ RunTime:0.000039s ]
INFO: [ app_init ] --END-- [ RunTime:0.000627s ]
INFO: [ app_begin ] --START--
INFO: Run Behavior\ReadHtmlCacheBehavior [ RunTime:0.000736s ]
INFO: [ app_begin ] --END-- [ RunTime:0.000880s ]
NOTIC: [8] Undefined index: tel D:\phpStudy\WWW\tjshop\Application\Admin\Controller\IndexController.class.php 第 134 行.
SQL: SHOW COLUMNS FROM `user` [ RunTime:0.0030s ]
SQL: SELECT * FROM `user` WHERE `usercode` = '13071009956' LIMIT 1   [ RunTime:0.0006s ]
SQL: select subscribe.id,subscribe.num,user.usercode,user.compname,user.freezebalance,ttproduct.productname,subscribe.status from subscribe inner join ttproduct on subscribe.productid=ttproduct.id inner join user on subscribe.userid=user.userid  
                      where find_in_set(9,upuserid) [ RunTime:0.0007s ]
INFO: [ view_parse ] --START--
INFO: [ template_filter ] --START--
INFO: Run Behavior\ContentReplaceBehavior [ RunTime:0.000088s ]
INFO: [ template_filter ] --END-- [ RunTime:0.000225s ]
NOTIC: [8] Undefined variable: v D:\phpStudy\WWW\tjshop\Application\Runtime\Cache\Admin\7b99d62d8154004ae9d11a99a2f72421.php 第 63 行.
INFO: Run Behavior\ParseTemplateBehavior [ RunTime:0.011984s ]
INFO: [ view_parse ] --END-- [ RunTime:0.012108s ]
INFO: [ view_filter ] --START--
INFO: Run Behavior\WriteHtmlCacheBehavior [ RunTime:0.000340s ]
INFO: [ view_filter ] --END-- [ RunTime:0.000438s ]
INFO: [ app_end ] --START--
INFO: Run Behavior\ShowPageTraceBehavior [ RunTime:0.000665s ]
INFO: [ app_end ] --END-- [ RunTime:0.000765s ]

[ 2017-06-19T10:09:23+08:00 ] 1.192.164.187 /Index.php/Admin/Index/subscription.html
INFO: [ app_init ] --START--
INFO: Run Behavior\BuildLiteBehavior [ RunTime:0.000034s ]
INFO: [ app_init ] --END-- [ RunTime:0.002856s ]
INFO: [ app_begin ] --START--
INFO: Run Behavior\ReadHtmlCacheBehavior [ RunTime:0.002977s ]
INFO: [ app_begin ] --END-- [ RunTime:0.003104s ]
NOTIC: [8] Undefined index: tel D:\phpStudy\WWW\tjshop\Application\Admin\Controller\IndexController.class.php 第 134 行.
SQL: SHOW COLUMNS FROM `user` [ RunTime:0.0036s ]
SQL: SELECT * FROM `user` WHERE `usercode` = '13071009956' LIMIT 1   [ RunTime:0.0009s ]
SQL: select subscribe.id,subscribe.num,user.usercode,user.compname,user.freezebalance,ttproduct.productname,subscribe.status from subscribe inner join ttproduct on subscribe.productid=ttproduct.id inner join user on subscribe.userid=user.userid  
                      where find_in_set(9,upuserid) [ RunTime:0.0006s ]
INFO: [ view_parse ] --START--
INFO: [ template_filter ] --START--
INFO: Run Behavior\ContentReplaceBehavior [ RunTime:0.012632s ]
INFO: [ template_filter ] --END-- [ RunTime:0.013380s ]
NOTIC: [8] Undefined variable: v D:\phpStudy\WWW\tjshop\Application\Runtime\Cache\Admin\7b99d62d8154004ae9d11a99a2f72421.php 第 63 行.
INFO: Run Behavior\ParseTemplateBehavior [ RunTime:0.034408s ]
INFO: [ view_parse ] --END-- [ RunTime:0.034516s ]
INFO: [ view_filter ] --START--
INFO: Run Behavior\WriteHtmlCacheBehavior [ RunTime:0.000322s ]
INFO: [ view_filter ] --END-- [ RunTime:0.000386s ]
INFO: [ app_end ] --START--
INFO: Run Behavior\ShowPageTraceBehavior [ RunTime:0.000666s ]
INFO: [ app_end ] --END-- [ RunTime:0.000762s ]

[ 2017-06-19T10:09:25+08:00 ] 1.192.164.187 /Index.php/Admin/Index/delegation-all.html
INFO: [ app_init ] --START--
INFO: Run Behavior\BuildLiteBehavior [ RunTime:0.000036s ]
INFO: [ app_init ] --END-- [ RunTime:0.000576s ]
INFO: [ app_begin ] --START--
INFO: Run Behavior\ReadHtmlCacheBehavior [ RunTime:0.003763s ]
INFO: [ app_begin ] --END-- [ RunTime:0.003907s ]
INFO: [ view_parse ] --START--
INFO: [ template_filter ] --START--
INFO: Run Behavior\ContentReplaceBehavior [ RunTime:0.000109s ]
INFO: [ template_filter ] --END-- [ RunTime:0.000331s ]
INFO: Run Behavior\ParseTemplateBehavior [ RunTime:0.069632s ]
INFO: [ view_parse ] --END-- [ RunTime:0.070031s ]
INFO: [ view_filter ] --START--
INFO: Run Behavior\WriteHtmlCacheBehavior [ RunTime:0.002884s ]
INFO: [ view_filter ] --END-- [ RunTime:0.003114s ]
INFO: [ app_end ] --START--
INFO: Run Behavior\ShowPageTraceBehavior [ RunTime:0.007036s ]
INFO: [ app_end ] --END-- [ RunTime:0.007168s ]

[ 2017-06-19T10:09:26+08:00 ] 1.192.164.187 /Index.php/Admin/Index/delegation.html
INFO: [ app_init ] --START--
INFO: Run Behavior\BuildLiteBehavior [ RunTime:0.000055s ]
INFO: [ app_init ] --END-- [ RunTime:0.010424s ]
INFO: [ app_begin ] --START--
INFO: Run Behavior\ReadHtmlCacheBehavior [ RunTime:0.001184s ]
INFO: [ app_begin ] --END-- [ RunTime:0.001504s ]
INFO: [ view_parse ] --START--
INFO: [ template_filter ] --START--
INFO: Run Behavior\ContentReplaceBehavior [ RunTime:0.000090s ]
INFO: [ template_filter ] --END-- [ RunTime:0.000239s ]
INFO: Run Behavior\ParseTemplateBehavior [ RunTime:0.026238s ]
INFO: [ view_parse ] --END-- [ RunTime:0.026385s ]
INFO: [ view_filter ] --START--
INFO: Run Behavior\WriteHtmlCacheBehavior [ RunTime:0.000369s ]
INFO: [ view_filter ] --END-- [ RunTime:0.000473s ]
INFO: [ app_end ] --START--
INFO: Run Behavior\ShowPageTraceBehavior [ RunTime:0.000702s ]
INFO: [ app_end ] --END-- [ RunTime:0.000816s ]

[ 2017-06-19T10:09:30+08:00 ] 1.192.164.187 /Index.php/Admin/Index/subscription.html
INFO: [ app_init ] --START--
INFO: Run Behavior\BuildLiteBehavior [ RunTime:0.000075s ]
INFO: [ app_init ] --END-- [ RunTime:0.016707s ]
INFO: [ app_begin ] --START--
INFO: Run Behavior\ReadHtmlCacheBehavior [ RunTime:0.000709s ]
INFO: [ app_begin ] --END-- [ RunTime:0.000829s ]
NOTIC: [8] Undefined index: tel D:\phpStudy\WWW\tjshop\Application\Admin\Controller\IndexController.class.php 第 134 行.
NOTIC: [8] Undefined index: tel D:\phpStudy\WWW\tjshop\Application\Admin\Controller\IndexController.class.php 第 138 行.
SQL: SHOW COLUMNS FROM `user` [ RunTime:0.0036s ]
SQL: SELECT * FROM `user` WHERE `usercode` = 'admin' LIMIT 1   [ RunTime:0.0006s ]
NOTIC: [8] Undefined variable: hy D:\phpStudy\WWW\tjshop\Application\Admin\Controller\IndexController.class.php 第 169 行.
INFO: [ view_parse ] --START--
INFO: [ template_filter ] --START--
INFO: Run Behavior\ContentReplaceBehavior [ RunTime:0.001970s ]
INFO: [ template_filter ] --END-- [ RunTime:0.002207s ]
NOTIC: [8] Undefined variable: keyword D:\phpStudy\WWW\tjshop\Application\Runtime\Cache\Admin\7b99d62d8154004ae9d11a99a2f72421.php 第 20 行.
NOTIC: [8] Undefined variable: v D:\phpStudy\WWW\tjshop\Application\Runtime\Cache\Admin\7b99d62d8154004ae9d11a99a2f72421.php 第 63 行.
INFO: Run Behavior\ParseTemplateBehavior [ RunTime:0.044972s ]
INFO: [ view_parse ] --END-- [ RunTime:0.045076s ]
INFO: [ view_filter ] --START--
INFO: Run Behavior\WriteHtmlCacheBehavior [ RunTime:0.000353s ]
INFO: [ view_filter ] --END-- [ RunTime:0.000453s ]
INFO: [ app_end ] --START--
INFO: Run Behavior\ShowPageTraceBehavior [ RunTime:0.001557s ]
INFO: [ app_end ] --END-- [ RunTime:0.002381s ]

[ 2017-06-19T10:09:32+08:00 ] 1.192.164.187 /Index.php/Admin/Index/subscription.html
INFO: [ app_init ] --START--
INFO: Run Behavior\BuildLiteBehavior [ RunTime:0.000037s ]
INFO: [ app_init ] --END-- [ RunTime:0.000627s ]
INFO: [ app_begin ] --START--
INFO: Run Behavior\ReadHtmlCacheBehavior [ RunTime:0.000683s ]
INFO: [ app_begin ] --END-- [ RunTime:0.000804s ]
NOTIC: [8] Undefined index: tel D:\phpStudy\WWW\tjshop\Application\Admin\Controller\IndexController.class.php 第 134 行.
NOTIC: [8] Undefined index: tel D:\phpStudy\WWW\tjshop\Application\Admin\Controller\IndexController.class.php 第 138 行.
SQL: SHOW COLUMNS FROM `user` [ RunTime:0.0035s ]
SQL: SELECT * FROM `user` WHERE `usercode` = 'admin' LIMIT 1   [ RunTime:0.0007s ]
NOTIC: [8] Undefined variable: hy D:\phpStudy\WWW\tjshop\Application\Admin\Controller\IndexController.class.php 第 169 行.
INFO: [ view_parse ] --START--
INFO: [ template_filter ] --START--
INFO: Run Behavior\ContentReplaceBehavior [ RunTime:0.004308s ]
INFO: [ template_filter ] --END-- [ RunTime:0.005657s ]
NOTIC: [8] Undefined variable: keyword D:\phpStudy\WWW\tjshop\Application\Runtime\Cache\Admin\7b99d62d8154004ae9d11a99a2f72421.php 第 20 行.
NOTIC: [8] Undefined variable: v D:\phpStudy\WWW\tjshop\Application\Runtime\Cache\Admin\7b99d62d8154004ae9d11a99a2f72421.php 第 63 行.
INFO: Run Behavior\ParseTemplateBehavior [ RunTime:0.028440s ]
INFO: [ view_parse ] --END-- [ RunTime:0.028568s ]
INFO: [ view_filter ] --START--
INFO: Run Behavior\WriteHtmlCacheBehavior [ RunTime:0.000416s ]
INFO: [ view_filter ] --END-- [ RunTime:0.001722s ]
INFO: [ app_end ] --START--
INFO: Run Behavior\ShowPageTraceBehavior [ RunTime:0.001948s ]
INFO: [ app_end ] --END-- [ RunTime:0.002058s ]

[ 2017-06-19T10:09:34+08:00 ] 1.192.164.187 /Index.php/Admin/Index/subscription.html
INFO: [ app_init ] --START--
INFO: Run Behavior\BuildLiteBehavior [ RunTime:0.000038s ]
INFO: [ app_init ] --END-- [ RunTime:0.002436s ]
INFO: [ app_begin ] --START--
INFO: Run Behavior\ReadHtmlCacheBehavior [ RunTime:0.000795s ]
INFO: [ app_begin ] --END-- [ RunTime:0.000939s ]
NOTIC: [8] Undefined index: tel D:\phpStudy\WWW\tjshop\Application\Admin\Controller\IndexController.class.php 第 134 行.
NOTIC: [8] Undefined index: tel D:\phpStudy\WWW\tjshop\Application\Admin\Controller\IndexController.class.php 第 138 行.
SQL: SHOW COLUMNS FROM `user` [ RunTime:0.0201s ]
SQL: SELECT * FROM `user` WHERE `usercode` = 'admin' LIMIT 1   [ RunTime:0.0008s ]
NOTIC: [8] Undefined variable: hy D:\phpStudy\WWW\tjshop\Application\Admin\Controller\IndexController.class.php 第 169 行.
INFO: [ view_parse ] --START--
INFO: [ template_filter ] --START--
INFO: Run Behavior\ContentReplaceBehavior [ RunTime:0.000106s ]
INFO: [ template_filter ] --END-- [ RunTime:0.000251s ]
NOTIC: [8] Undefined variable: keyword D:\phpStudy\WWW\tjshop\Application\Runtime\Cache\Admin\7b99d62d8154004ae9d11a99a2f72421.php 第 20 行.
NOTIC: [8] Undefined variable: v D:\phpStudy\WWW\tjshop\Application\Runtime\Cache\Admin\7b99d62d8154004ae9d11a99a2f72421.php 第 63 行.
INFO: Run Behavior\ParseTemplateBehavior [ RunTime:0.059976s ]
INFO: [ view_parse ] --END-- [ RunTime:0.060213s ]
INFO: [ view_filter ] --START--
INFO: Run Behavior\WriteHtmlCacheBehavior [ RunTime:0.000900s ]
INFO: [ view_filter ] --END-- [ RunTime:0.001002s ]
INFO: [ app_end ] --START--
INFO: Run Behavior\ShowPageTraceBehavior [ RunTime:0.002893s ]
INFO: [ app_end ] --END-- [ RunTime:0.003001s ]

[ 2017-06-19T10:09:41+08:00 ] 1.192.164.187 /Index.php/Admin/Index/subscription.html
INFO: [ app_init ] --START--
INFO: Run Behavior\BuildLiteBehavior [ RunTime:0.000040s ]
INFO: [ app_init ] --END-- [ RunTime:0.000627s ]
INFO: [ app_begin ] --START--
INFO: Run Behavior\ReadHtmlCacheBehavior [ RunTime:0.000709s ]
INFO: [ app_begin ] --END-- [ RunTime:0.000857s ]
NOTIC: [8] Undefined index: tel D:\phpStudy\WWW\tjshop\Application\Admin\Controller\IndexController.class.php 第 134 行.
SQL: SHOW COLUMNS FROM `user` [ RunTime:0.0114s ]
SQL: SELECT * FROM `user` WHERE `usercode` = 'admin' LIMIT 1   [ RunTime:0.0073s ]
NOTIC: [8] Undefined variable: hy D:\phpStudy\WWW\tjshop\Application\Admin\Controller\IndexController.class.php 第 169 行.
INFO: [ view_parse ] --START--
INFO: [ template_filter ] --START--
INFO: Run Behavior\ContentReplaceBehavior [ RunTime:0.000060s ]
INFO: [ template_filter ] --END-- [ RunTime:0.000154s ]
NOTIC: [8] Undefined variable: keyword D:\phpStudy\WWW\tjshop\Application\Runtime\Cache\Admin\7b99d62d8154004ae9d11a99a2f72421.php 第 20 行.
NOTIC: [8] Undefined variable: v D:\phpStudy\WWW\tjshop\Application\Runtime\Cache\Admin\7b99d62d8154004ae9d11a99a2f72421.php 第 63 行.
INFO: Run Behavior\ParseTemplateBehavior [ RunTime:0.050864s ]
INFO: [ view_parse ] --END-- [ RunTime:0.050959s ]
INFO: [ view_filter ] --START--
INFO: Run Behavior\WriteHtmlCacheBehavior [ RunTime:0.000256s ]
INFO: [ view_filter ] --END-- [ RunTime:0.000316s ]
INFO: [ app_end ] --START--
INFO: Run Behavior\ShowPageTraceBehavior [ RunTime:0.007382s ]
INFO: [ app_end ] --END-- [ RunTime:0.007472s ]

[ 2017-06-19T10:09:46+08:00 ] 1.192.164.187 /Index.php/Admin/Index/subscription.html
INFO: [ app_init ] --START--
INFO: Run Behavior\BuildLiteBehavior [ RunTime:0.000036s ]
INFO: [ app_init ] --END-- [ RunTime:0.008101s ]
INFO: [ app_begin ] --START--
INFO: Run Behavior\ReadHtmlCacheBehavior [ RunTime:0.002079s ]
INFO: [ app_begin ] --END-- [ RunTime:0.003403s ]
NOTIC: [8] Undefined index: tel D:\phpStudy\WWW\tjshop\Application\Admin\Controller\IndexController.class.php 第 134 行.
SQL: SHOW COLUMNS FROM `user` [ RunTime:0.0063s ]
SQL: SELECT * FROM `user` WHERE `usercode` = 'admin' LIMIT 1   [ RunTime:0.0007s ]
NOTIC: [8] Undefined variable: hy D:\phpStudy\WWW\tjshop\Application\Admin\Controller\IndexController.class.php 第 169 行.
INFO: [ view_parse ] --START--
INFO: [ template_filter ] --START--
INFO: Run Behavior\ContentReplaceBehavior [ RunTime:0.000103s ]
INFO: [ template_filter ] --END-- [ RunTime:0.000410s ]
NOTIC: [8] Undefined variable: keyword D:\phpStudy\WWW\tjshop\Application\Runtime\Cache\Admin\7b99d62d8154004ae9d11a99a2f72421.php 第 20 行.
NOTIC: [8] Undefined variable: v D:\phpStudy\WWW\tjshop\Application\Runtime\Cache\Admin\7b99d62d8154004ae9d11a99a2f72421.php 第 63 行.
INFO: Run Behavior\ParseTemplateBehavior [ RunTime:0.028461s ]
INFO: [ view_parse ] --END-- [ RunTime:0.028589s ]
INFO: [ view_filter ] --START--
INFO: Run Behavior\WriteHtmlCacheBehavior [ RunTime:0.002353s ]
INFO: [ view_filter ] --END-- [ RunTime:0.002540s ]
INFO: [ app_end ] --START--
INFO: Run Behavior\ShowPageTraceBehavior [ RunTime:0.003665s ]
INFO: [ app_end ] --END-- [ RunTime:0.003821s ]

[ 2017-06-19T10:09:55+08:00 ] 1.192.164.187 /Index.php/Admin/Index/subscription.html
INFO: [ app_init ] --START--
INFO: Run Behavior\BuildLiteBehavior [ RunTime:0.000032s ]
INFO: [ app_init ] --END-- [ RunTime:0.000518s ]
INFO: [ app_begin ] --START--
INFO: Run Behavior\ReadHtmlCacheBehavior [ RunTime:0.000677s ]
INFO: [ app_begin ] --END-- [ RunTime:0.000803s ]
NOTIC: [8] Undefined index: tel D:\phpStudy\WWW\tjshop\Application\Admin\Controller\IndexController.class.php 第 134 行.
SQL: SHOW COLUMNS FROM `user` [ RunTime:0.0032s ]
SQL: SELECT * FROM `user` WHERE `usercode` = 'tianji' LIMIT 1   [ RunTime:0.0006s ]
SQL: select subscribe.id,subscribe.num,user.usercode,user.compname,user.freezebalance,ttproduct.productname,subscribe.status from subscribe inner join ttproduct on subscribe.productid=ttproduct.id inner join user on subscribe.userid=user.userid  
                      where find_in_set(1,upuserid) [ RunTime:0.0007s ]
INFO: [ view_parse ] --START--
INFO: [ template_filter ] --START--
INFO: Run Behavior\ContentReplaceBehavior [ RunTime:0.000085s ]
INFO: [ template_filter ] --END-- [ RunTime:0.001558s ]
INFO: Run Behavior\ParseTemplateBehavior [ RunTime:0.021235s ]
INFO: [ view_parse ] --END-- [ RunTime:0.021367s ]
INFO: [ view_filter ] --START--
INFO: Run Behavior\WriteHtmlCacheBehavior [ RunTime:0.000337s ]
INFO: [ view_filter ] --END-- [ RunTime:0.000450s ]
INFO: [ app_end ] --START--
INFO: Run Behavior\ShowPageTraceBehavior [ RunTime:0.000631s ]
INFO: [ app_end ] --END-- [ RunTime:0.000752s ]

[ 2017-06-19T10:11:59+08:00 ] 1.192.164.187 /Index.php/Admin/Index/subscription-all.html
INFO: [ app_init ] --START--
INFO: Run Behavior\BuildLiteBehavior [ RunTime:0.000038s ]
INFO: [ app_init ] --END-- [ RunTime:0.000683s ]
INFO: [ app_begin ] --START--
INFO: Run Behavior\ReadHtmlCacheBehavior [ RunTime:0.000793s ]
INFO: [ app_begin ] --END-- [ RunTime:0.000925s ]
INFO: [ view_parse ] --START--
INFO: [ template_filter ] --START--
INFO: Run Behavior\ContentReplaceBehavior [ RunTime:0.000088s ]
INFO: [ template_filter ] --END-- [ RunTime:0.000454s ]
INFO: Run Behavior\ParseTemplateBehavior [ RunTime:0.027299s ]
INFO: [ view_parse ] --END-- [ RunTime:0.027506s ]
INFO: [ view_filter ] --START--
INFO: Run Behavior\WriteHtmlCacheBehavior [ RunTime:0.000447s ]
INFO: [ view_filter ] --END-- [ RunTime:0.000582s ]
INFO: [ app_end ] --START--
INFO: Run Behavior\ShowPageTraceBehavior [ RunTime:0.001061s ]
INFO: [ app_end ] --END-- [ RunTime:0.001219s ]

[ 2017-06-19T10:12:06+08:00 ] 1.192.164.187 /Index.php/Admin/Index/subscription-all.html
INFO: [ app_init ] --START--
INFO: Run Behavior\BuildLiteBehavior [ RunTime:0.000045s ]
INFO: [ app_init ] --END-- [ RunTime:0.001901s ]
INFO: [ app_begin ] --START--
INFO: Run Behavior\ReadHtmlCacheBehavior [ RunTime:0.002113s ]
INFO: [ app_begin ] --END-- [ RunTime:0.002274s ]
INFO: [ view_parse ] --START--
INFO: [ template_filter ] --START--
INFO: Run Behavior\ContentReplaceBehavior [ RunTime:0.000122s ]
INFO: [ template_filter ] --END-- [ RunTime:0.001480s ]
INFO: Run Behavior\ParseTemplateBehavior [ RunTime:0.034641s ]
INFO: [ view_parse ] --END-- [ RunTime:0.034867s ]
INFO: [ view_filter ] --START--
INFO: Run Behavior\WriteHtmlCacheBehavior [ RunTime:0.003290s ]
INFO: [ view_filter ] --END-- [ RunTime:0.003478s ]
INFO: [ app_end ] --START--
INFO: Run Behavior\ShowPageTraceBehavior [ RunTime:0.003847s ]
INFO: [ app_end ] --END-- [ RunTime:0.004019s ]

[ 2017-06-19T10:12:10+08:00 ] 1.192.164.187 /Index.php/Admin/Index/subscription.html
INFO: [ app_init ] --START--
INFO: Run Behavior\BuildLiteBehavior [ RunTime:0.000026s ]
INFO: [ app_init ] --END-- [ RunTime:0.000416s ]
INFO: [ app_begin ] --START--
INFO: Run Behavior\ReadHtmlCacheBehavior [ RunTime:0.000489s ]
INFO: [ app_begin ] --END-- [ RunTime:0.000592s ]
NOTIC: [8] Undefined index: tel D:\phpStudy\WWW\tjshop\Application\Admin\Controller\IndexController.class.php 第 134 行.
NOTIC: [8] Undefined index: tel D:\phpStudy\WWW\tjshop\Application\Admin\Controller\IndexController.class.php 第 138 行.
SQL: SHOW COLUMNS FROM `user` [ RunTime:0.0075s ]
SQL: SELECT * FROM `user` WHERE `usercode` = 'admin' LIMIT 1   [ RunTime:0.0038s ]
NOTIC: [8] Undefined variable: hy D:\phpStudy\WWW\tjshop\Application\Admin\Controller\IndexController.class.php 第 169 行.
INFO: [ view_parse ] --START--
INFO: [ template_filter ] --START--
INFO: Run Behavior\ContentReplaceBehavior [ RunTime:0.000115s ]
INFO: [ template_filter ] --END-- [ RunTime:0.000464s ]
NOTIC: [8] Undefined variable: keyword D:\phpStudy\WWW\tjshop\Application\Runtime\Cache\Admin\7b99d62d8154004ae9d11a99a2f72421.php 第 20 行.
NOTIC: [8] Undefined variable: v D:\phpStudy\WWW\tjshop\Application\Runtime\Cache\Admin\7b99d62d8154004ae9d11a99a2f72421.php 第 63 行.
INFO: Run Behavior\ParseTemplateBehavior [ RunTime:0.067012s ]
INFO: [ view_parse ] --END-- [ RunTime:0.067145s ]
INFO: [ view_filter ] --START--
INFO: Run Behavior\WriteHtmlCacheBehavior [ RunTime:0.000349s ]
INFO: [ view_filter ] --END-- [ RunTime:0.000448s ]
INFO: [ app_end ] --START--
INFO: Run Behavior\ShowPageTraceBehavior [ RunTime:0.007407s ]
INFO: [ app_end ] --END-- [ RunTime:0.007630s ]

[ 2017-06-19T10:12:17+08:00 ] 1.192.164.187 /Index.php/Admin/Index/subscription.html
INFO: [ app_init ] --START--
INFO: Run Behavior\BuildLiteBehavior [ RunTime:0.000032s ]
INFO: [ app_init ] --END-- [ RunTime:0.001104s ]
INFO: [ app_begin ] --START--
INFO: Run Behavior\ReadHtmlCacheBehavior [ RunTime:0.000789s ]
INFO: [ app_begin ] --END-- [ RunTime:0.000925s ]
NOTIC: [8] Undefined index: tel D:\phpStudy\WWW\tjshop\Application\Admin\Controller\IndexController.class.php 第 134 行.
SQL: SHOW COLUMNS FROM `user` [ RunTime:0.0037s ]
SQL: SELECT * FROM `user` WHERE `usercode` = 'tianji' LIMIT 1   [ RunTime:0.0006s ]
SQL: select subscribe.id,subscribe.num,user.usercode,user.compname,user.freezebalance,ttproduct.productname,subscribe.status from subscribe inner join ttproduct on subscribe.productid=ttproduct.id inner join user on subscribe.userid=user.userid  
                      where find_in_set(1,upuserid) [ RunTime:0.0009s ]
INFO: [ view_parse ] --START--
INFO: [ template_filter ] --START--
INFO: Run Behavior\ContentReplaceBehavior [ RunTime:0.000119s ]
INFO: [ template_filter ] --END-- [ RunTime:0.000294s ]
INFO: Run Behavior\ParseTemplateBehavior [ RunTime:0.048259s ]
INFO: [ view_parse ] --END-- [ RunTime:0.048978s ]
INFO: [ view_filter ] --START--
INFO: Run Behavior\WriteHtmlCacheBehavior [ RunTime:0.000599s ]
INFO: [ view_filter ] --END-- [ RunTime:0.000725s ]
INFO: [ app_end ] --START--
INFO: Run Behavior\ShowPageTraceBehavior [ RunTime:0.002166s ]
INFO: [ app_end ] --END-- [ RunTime:0.002288s ]

[ 2017-06-19T10:14:53+08:00 ] 1.192.164.187 /Index.php/Admin/Index/audit/userid/41/tel/tianji
INFO: [ app_init ] --START--
INFO: Run Behavior\BuildLiteBehavior [ RunTime:0.000038s ]
INFO: [ app_init ] --END-- [ RunTime:0.001270s ]
INFO: [ app_begin ] --START--
INFO: Run Behavior\ReadHtmlCacheBehavior [ RunTime:0.001213s ]
INFO: [ app_begin ] --END-- [ RunTime:0.001558s ]
SQL: SHOW COLUMNS FROM `subscribe` [ RunTime:0.0031s ]
SQL: select * from subscribe inner join user on subscribe.userid=user.userid where subscribe.id = 41 [ RunTime:0.0011s ]
SQL: UPDATE `subscribe` SET `status`='1',`num`='1',`summny`='-4000' WHERE `id` = 41 [ RunTime:0.0137s ]
SQL: SHOW COLUMNS FROM `user` [ RunTime:0.0041s ]
SQL: UPDATE `user` SET `freezebalance`='34000' WHERE `usercode` = '13071009956' [ RunTime:0.0250s ]
SQL: INSERT INTO `subscribe` (`userid`,`productid`,`num`,`summny`,`status`) VALUES ('9','3','1','-4000','0') [ RunTime:0.0132s ]
SQL: UPDATE `user` SET `freezebalance`='34000' WHERE `usercode` = '13071009956' [ RunTime:0.0171s ]

[ 2017-06-19T10:14:54+08:00 ] 1.192.164.187 /Index.php/Admin/Index/subscription/tel/tianji.html
INFO: [ app_init ] --START--
INFO: Run Behavior\BuildLiteBehavior [ RunTime:0.000039s ]
INFO: [ app_init ] --END-- [ RunTime:0.000629s ]
INFO: [ app_begin ] --START--
INFO: Run Behavior\ReadHtmlCacheBehavior [ RunTime:0.011007s ]
INFO: [ app_begin ] --END-- [ RunTime:0.011134s ]
SQL: SHOW COLUMNS FROM `user` [ RunTime:0.0033s ]
SQL: SELECT * FROM `user` WHERE `usercode` = 'tianji' LIMIT 1   [ RunTime:0.0006s ]
SQL: select subscribe.id,subscribe.num,user.usercode,user.compname,user.freezebalance,ttproduct.productname,subscribe.status from subscribe inner join ttproduct on subscribe.productid=ttproduct.id inner join user on subscribe.userid=user.userid  
                      where find_in_set(1,upuserid) [ RunTime:0.0007s ]
INFO: [ view_parse ] --START--
INFO: [ template_filter ] --START--
INFO: Run Behavior\ContentReplaceBehavior [ RunTime:0.000095s ]
INFO: [ template_filter ] --END-- [ RunTime:0.000246s ]
INFO: Run Behavior\ParseTemplateBehavior [ RunTime:0.016232s ]
INFO: [ view_parse ] --END-- [ RunTime:0.016377s ]
INFO: [ view_filter ] --START--
INFO: Run Behavior\WriteHtmlCacheBehavior [ RunTime:0.000396s ]
INFO: [ view_filter ] --END-- [ RunTime:0.000515s ]
INFO: [ app_end ] --START--
INFO: Run Behavior\ShowPageTraceBehavior [ RunTime:0.000718s ]
INFO: [ app_end ] --END-- [ RunTime:0.000856s ]

