[ 2017-06-18T11:13:29+08:00 ] 219.155.95.241 /Index.php/Admin/Index/subscription.html
INFO: [ app_init ] --START--
INFO: Run Behavior\BuildLiteBehavior [ RunTime:0.000041s ]
INFO: [ app_init ] --END-- [ RunTime:0.000807s ]
INFO: [ app_begin ] --START--
INFO: Run Behavior\ReadHtmlCacheBehavior [ RunTime:0.009011s ]
INFO: [ app_begin ] --END-- [ RunTime:0.009211s ]

[ 2017-06-18T11:13:29+08:00 ] 219.155.95.241 /Index.php/Admin/User/login.html
INFO: [ app_init ] --START--
INFO: Run Behavior\BuildLiteBehavior [ RunTime:0.000024s ]
INFO: [ app_init ] --END-- [ RunTime:0.000424s ]
INFO: [ app_begin ] --START--
INFO: Run Behavior\ReadHtmlCacheBehavior [ RunTime:0.000487s ]
INFO: [ app_begin ] --END-- [ RunTime:0.000588s ]
INFO: [ view_parse ] --START--
INFO: [ template_filter ] --START--
INFO: Run Behavior\ContentReplaceBehavior [ RunTime:0.001341s ]
INFO: [ template_filter ] --END-- [ RunTime:0.004561s ]
INFO: Run Behavior\ParseTemplateBehavior [ RunTime:0.077715s ]
INFO: [ view_parse ] --END-- [ RunTime:0.079710s ]
INFO: [ view_filter ] --START--
INFO: Run Behavior\WriteHtmlCacheBehavior [ RunTime:0.003364s ]
INFO: [ view_filter ] --END-- [ RunTime:0.004657s ]
INFO: [ app_end ] --START--
INFO: Run Behavior\ShowPageTraceBehavior [ RunTime:0.002864s ]
INFO: [ app_end ] --END-- [ RunTime:0.004324s ]

[ 2017-06-18T11:13:41+08:00 ] 219.155.95.241 /Index.php/Admin/User/login.html
INFO: [ app_init ] --START--
INFO: Run Behavior\BuildLiteBehavior [ RunTime:0.000043s ]
INFO: [ app_init ] --END-- [ RunTime:0.002061s ]
INFO: [ app_begin ] --START--
INFO: Run Behavior\ReadHtmlCacheBehavior [ RunTime:0.002744s ]
INFO: [ app_begin ] --END-- [ RunTime:0.003701s ]
SQL: SHOW COLUMNS FROM `user` [ RunTime:0.0690s ]
SQL: SELECT * FROM `user` WHERE `usercode` = 'admin' AND `password` = 'd40a32d889fab5d685bcdd6accb84dbf' AND `isadmin` = 1 LIMIT 1   [ RunTime:0.0104s ]

[ 2017-06-18T11:13:42+08:00 ] 219.155.95.241 /Index.php/Admin/Index/index.html
INFO: [ app_init ] --START--
INFO: Run Behavior\BuildLiteBehavior [ RunTime:0.000042s ]
INFO: [ app_init ] --END-- [ RunTime:0.005428s ]
INFO: [ app_begin ] --START--
INFO: Run Behavior\ReadHtmlCacheBehavior [ RunTime:0.003030s ]
INFO: [ app_begin ] --END-- [ RunTime:0.006161s ]
INFO: [ view_parse ] --START--
INFO: [ template_filter ] --START--
INFO: Run Behavior\ContentReplaceBehavior [ RunTime:0.000213s ]
INFO: [ template_filter ] --END-- [ RunTime:0.000880s ]
INFO: Run Behavior\ParseTemplateBehavior [ RunTime:0.051056s ]
INFO: [ view_parse ] --END-- [ RunTime:0.051220s ]
INFO: [ view_filter ] --START--
INFO: Run Behavior\WriteHtmlCacheBehavior [ RunTime:0.000445s ]
INFO: [ view_filter ] --END-- [ RunTime:0.000592s ]
INFO: [ app_end ] --START--
INFO: Run Behavior\ShowPageTraceBehavior [ RunTime:0.000927s ]
INFO: [ app_end ] --END-- [ RunTime:0.001054s ]

[ 2017-06-18T11:13:43+08:00 ] 219.155.95.241 /Index.php/Admin/Index/client.html
INFO: [ app_init ] --START--
INFO: Run Behavior\BuildLiteBehavior [ RunTime:0.000036s ]
INFO: [ app_init ] --END-- [ RunTime:0.000652s ]
INFO: [ app_begin ] --START--
INFO: Run Behavior\ReadHtmlCacheBehavior [ RunTime:0.002786s ]
INFO: [ app_begin ] --END-- [ RunTime:0.002974s ]
SQL: SHOW COLUMNS FROM `user` [ RunTime:0.0029s ]
SQL: SELECT * FROM `user` WHERE `usercode` = 'admin' LIMIT 1   [ RunTime:0.0006s ]
NOTIC: [8] Undefined variable: hy D:\phpStudy\WWW\tjshop\Application\Admin\Controller\IndexController.class.php 第 43 行.
INFO: [ view_parse ] --START--
INFO: [ template_filter ] --START--
INFO: Run Behavior\ContentReplaceBehavior [ RunTime:0.000130s ]
INFO: [ template_filter ] --END-- [ RunTime:0.000285s ]
NOTIC: [8] Undefined variable: keyword D:\phpStudy\WWW\tjshop\Application\Runtime\Cache\Admin\160ce37aed002e34e867183f8285e279.php 第 24 行.
NOTIC: [8] Undefined variable: keyword D:\phpStudy\WWW\tjshop\Application\Runtime\Cache\Admin\160ce37aed002e34e867183f8285e279.php 第 66 行.
NOTIC: [8] Undefined variable: is_succeed D:\phpStudy\WWW\tjshop\Application\Runtime\Cache\Admin\160ce37aed002e34e867183f8285e279.php 第 108 行.
NOTIC: [8] Undefined variable: is_succeed D:\phpStudy\WWW\tjshop\Application\Runtime\Cache\Admin\160ce37aed002e34e867183f8285e279.php 第 113 行.
NOTIC: [8] Undefined variable: is_succeed D:\phpStudy\WWW\tjshop\Application\Runtime\Cache\Admin\160ce37aed002e34e867183f8285e279.php 第 115 行.
INFO: Run Behavior\ParseTemplateBehavior [ RunTime:0.041049s ]
INFO: [ view_parse ] --END-- [ RunTime:0.041198s ]
INFO: [ view_filter ] --START--
INFO: Run Behavior\WriteHtmlCacheBehavior [ RunTime:0.002152s ]
INFO: [ view_filter ] --END-- [ RunTime:0.002344s ]
INFO: [ app_end ] --START--
INFO: Run Behavior\ShowPageTraceBehavior [ RunTime:0.011613s ]
INFO: [ app_end ] --END-- [ RunTime:0.011760s ]

[ 2017-06-18T11:13:46+08:00 ] 219.155.95.241 /Index.php/Admin/Index/subscription.html
INFO: [ app_init ] --START--
INFO: Run Behavior\BuildLiteBehavior [ RunTime:0.000041s ]
INFO: [ app_init ] --END-- [ RunTime:0.000694s ]
INFO: [ app_begin ] --START--
INFO: Run Behavior\ReadHtmlCacheBehavior [ RunTime:0.002191s ]
INFO: [ app_begin ] --END-- [ RunTime:0.002323s ]
NOTIC: [8] Undefined index: tel D:\phpStudy\WWW\tjshop\Application\Admin\Controller\IndexController.class.php 第 134 行.
NOTIC: [8] Undefined index: tel D:\phpStudy\WWW\tjshop\Application\Admin\Controller\IndexController.class.php 第 138 行.
SQL: SHOW COLUMNS FROM `user` [ RunTime:0.0027s ]
SQL: SELECT * FROM `user` WHERE `usercode` = 'admin' LIMIT 1   [ RunTime:0.0005s ]
NOTIC: [8] Undefined variable: hy D:\phpStudy\WWW\tjshop\Application\Admin\Controller\IndexController.class.php 第 169 行.
INFO: [ view_parse ] --START--
INFO: [ template_filter ] --START--
INFO: Run Behavior\ContentReplaceBehavior [ RunTime:0.000098s ]
INFO: [ template_filter ] --END-- [ RunTime:0.000240s ]
NOTIC: [8] Undefined variable: keyword D:\phpStudy\WWW\tjshop\Application\Runtime\Cache\Admin\7b99d62d8154004ae9d11a99a2f72421.php 第 20 行.
NOTIC: [8] Undefined variable: v D:\phpStudy\WWW\tjshop\Application\Runtime\Cache\Admin\7b99d62d8154004ae9d11a99a2f72421.php 第 63 行.
INFO: Run Behavior\ParseTemplateBehavior [ RunTime:0.028530s ]
INFO: [ view_parse ] --END-- [ RunTime:0.028644s ]
INFO: [ view_filter ] --START--
INFO: Run Behavior\WriteHtmlCacheBehavior [ RunTime:0.000320s ]
INFO: [ view_filter ] --END-- [ RunTime:0.000407s ]
INFO: [ app_end ] --START--
INFO: Run Behavior\ShowPageTraceBehavior [ RunTime:0.000740s ]
INFO: [ app_end ] --END-- [ RunTime:0.000831s ]

[ 2017-06-18T11:13:51+08:00 ] 219.155.95.241 /Index.php/Admin/Index/subscription.html
INFO: [ app_init ] --START--
INFO: Run Behavior\BuildLiteBehavior [ RunTime:0.000080s ]
INFO: [ app_init ] --END-- [ RunTime:0.027532s ]
INFO: [ app_begin ] --START--
INFO: Run Behavior\ReadHtmlCacheBehavior [ RunTime:0.001016s ]
INFO: [ app_begin ] --END-- [ RunTime:0.001162s ]
NOTIC: [8] Undefined index: tel D:\phpStudy\WWW\tjshop\Application\Admin\Controller\IndexController.class.php 第 134 行.
SQL: SHOW COLUMNS FROM `user` [ RunTime:0.0023s ]
SQL: SELECT * FROM `user` WHERE `usercode` = '15090588205' LIMIT 1   [ RunTime:0.0005s ]
ERR: SQLSTATE[42000]: Syntax error or access violation: 1064 You have an error in your SQL syntax; check the manual that corresponds to your MySQL server version for the right syntax to use near 'upuserid)' at line 2

